#
# A fatal error has been detected by the Java Runtime Environment:
#
#  EXCEPTION_ACCESS_VIOLATION (0xc0000005) at pc=0x6e5c54ec, pid=5944, tid=6168
#
# JRE version: Java(TM) SE Runtime Environment (7.0_45-b18) (build 1.7.0_45-b18)
# Java VM: Java HotSpot(TM) Client VM (24.45-b08 mixed mode windows-x86 )
# Problematic frame:
# V  [jvm.dll+0x1054ec]
#
# Failed to write core dump. Minidumps are not enabled by default on client versions of Windows
#
# If you would like to submit a bug report, please visit:
#   http://bugreport.sun.com/bugreport/crash.jsp
#

---------------  T H R E A D  ---------------

Current thread (0x01a53c00):  JavaThread "JDWP Transport Listener: dt_socket" daemon [_thread_in_vm, id=6168, stack(0x01c10000,0x01c60000)]

siginfo: ExceptionCode=0xc0000005, writing address 0x51a4c2d8

Registers:
EAX=0x01a476f0, EBX=0x14000180, ECX=0x01a4bcd8, EDX=0x00000000
ESP=0x01c5f564, EBP=0x01c5f59c, ESI=0x14194870, EDI=0x00000040
EIP=0x6e5c54ec, EFLAGS=0x00010246

Top of Stack: (sp=0x01c5f564)
0x01c5f564:   0052ebc0 04070668 00000000 01a53c00
0x01c5f574:   01a4e878 01a540a8 01a540b0 01a5449c
0x01c5f584:   000003ec 01c5f800 01a54114 0000000d
0x01c5f594:   00000000 01a4bcd8 01c5f5d0 6e6c8eff
0x01c5f5a4:   01a540b0 01c5f5f8 01c5f5f4 01c5f658
0x01c5f5b4:   01a487a8 01a53c00 00000000 00000000
0x01c5f5c4:   00000000 01a53c00 01a53c00 01c5f5fc
0x01c5f5d4:   659c449d 0052ebc0 01a487a8 01c5f5f8 

Instructions: (pc=0x6e5c54ec)
0x6e5c54cc:   76 14 8b 76 10 50 51 8b cc 56 e8 45 ef ef ff e8
0x6e5c54dc:   60 f5 f9 ff 8b 4d fc 83 c4 08 83 c7 04 ff 4d f8
0x6e5c54ec:   89 04 99 75 a6 eb 53 85 f6 7e 55 bb 0c 00 00 00
0x6e5c54fc:   8b f8 2b d8 89 75 f8 8b 45 08 85 c0 74 02 8b 00 


Register to memory mapping:

EAX=0x01a476f0 is a weak global jni handle
EBX=0x14000180 is an oop
{other class} 
 - klass: {other class}
ECX=0x01a4bcd8 is an unknown value
EDX=0x00000000 is an unknown value
ESP=0x01c5f564 is pointing into the stack for thread: 0x01a53c00
EBP=0x01c5f59c is pointing into the stack for thread: 0x01a53c00
ESI=0x14194870 is an oop
{instance class} 
 - klass: {other class}
EDI=0x00000040 is an unknown value


Stack: [0x01c10000,0x01c60000],  sp=0x01c5f564,  free space=317k
Native frames: (J=compiled Java code, j=interpreted, Vv=VM code, C=native code)
V  [jvm.dll+0x1054ec]
V  [jvm.dll+0x208eff]
C  [jdwp.dll+0x449d]
C  [jdwp.dll+0x451e]


---------------  P R O C E S S  ---------------

Java Threads: ( => current thread )
  0x01a73800 JavaThread "Service Thread" daemon [_thread_blocked, id=5480, stack(0x186a0000,0x186f0000)]
  0x01a68c00 JavaThread "C1 CompilerThread0" daemon [_thread_blocked, id=1288, stack(0x01f50000,0x01fa0000)]
  0x01a57400 JavaThread "JDWP Command Reader" daemon [_thread_in_native, id=5440, stack(0x184a0000,0x184f0000)]
  0x01a56000 JavaThread "JDWP Event Helper Thread" daemon [_thread_blocked, id=7812, stack(0x01d60000,0x01db0000)]
=>0x01a53c00 JavaThread "JDWP Transport Listener: dt_socket" daemon [_thread_in_vm, id=6168, stack(0x01c10000,0x01c60000)]
  0x01a44c00 JavaThread "Attach Listener" daemon [_thread_blocked, id=6372, stack(0x01dc0000,0x01e10000)]
  0x01a41c00 JavaThread "Signal Dispatcher" daemon [_thread_blocked, id=8104, stack(0x00870000,0x008c0000)]
  0x01a15800 JavaThread "Finalizer" daemon [_thread_blocked, id=6596, stack(0x01c80000,0x01cd0000)]
  0x01a10400 JavaThread "Reference Handler" daemon [_thread_blocked, id=4136, stack(0x00970000,0x009c0000)]
  0x007dc800 JavaThread "main" [_thread_blocked, id=7648, stack(0x00290000,0x002e0000)]

Other Threads:
  0x01a0f000 VMThread [stack: 0x008e0000,0x00930000] [id=4000]
  0x01a7d000 WatcherThread [stack: 0x183e0000,0x18430000] [id=3624]

VM state:not at safepoint (normal execution)

VM Mutex/Monitor currently owned by a thread: None

Heap
 def new generation   total 4928K, used 731K [0x04000000, 0x04550000, 0x09550000)
  eden space 4416K,  16% used [0x04000000, 0x040b6d78, 0x04450000)
  from space 512K,   0% used [0x04450000, 0x04450000, 0x044d0000)
  to   space 512K,   0% used [0x044d0000, 0x044d0000, 0x04550000)
 tenured generation   total 10944K, used 0K [0x09550000, 0x0a000000, 0x14000000)
   the space 10944K,   0% used [0x09550000, 0x09550000, 0x09550200, 0x0a000000)
 compacting perm gen  total 12288K, used 1989K [0x14000000, 0x14c00000, 0x18000000)
   the space 12288K,  16% used [0x14000000, 0x141f1458, 0x141f1600, 0x14c00000)
No shared spaces configured.

Card table byte_map: [0x006f0000,0x007a0000] byte_map_base: 0x006d0000

Polling page: 0x00120000

Code Cache  [0x02000000, 0x020a0000, 0x04000000)
 total_blobs=146 nmethods=21 adapters=71 free_code_cache=32154Kb largest_free_block=32926144

Compilation events (10 events):
Event: 0.592 Thread 0x01a68c00   16             java.lang.CharacterDataLatin1::toLowerCase (39 bytes)
Event: 0.592 Thread 0x01a68c00 nmethod 16 0x02098288 code [0x02098380, 0x02098460]
Event: 0.592 Thread 0x01a68c00   17             java.lang.AbstractStringBuilder::append (29 bytes)
Event: 0.592 Thread 0x01a68c00 nmethod 17 0x02098548 code [0x02098650, 0x0209874c]
Event: 0.609 Thread 0x01a68c00   19             java.io.BufferedInputStream::getBufIfOpen (21 bytes)
Event: 0.609 Thread 0x01a68c00 nmethod 19 0x02098988 code [0x02098a90, 0x02098b8c]
Event: 0.609 Thread 0x01a68c00   20  s          java.io.BufferedInputStream::read (49 bytes)
Event: 0.609 Thread 0x01a68c00 nmethod 20 0x02098c48 code [0x02098d70, 0x02099068]
Event: 0.614 Thread 0x01a68c00   21             java.lang.String::length (6 bytes)
Event: 0.614 Thread 0x01a68c00 nmethod 21 0x02099448 code [0x02099540, 0x020995d0]

GC Heap History (0 events):
No events

Deoptimization events (0 events):
No events

Internal exceptions (6 events):
Event: 0.045 Thread 0x007dc800 Threw 0x0400fc50 at C:\re\jdk7u45\229\hotspot\src\share\vm\prims\jni.cpp:3991
Event: 0.557 Thread 0x007dc800 Threw 0x040676f8 at C:\re\jdk7u45\229\hotspot\src\share\vm\prims\jvm.cpp:1244
Event: 0.591 Thread 0x007dc800 Threw 0x0408a568 at C:\re\jdk7u45\229\hotspot\src\share\vm\prims\jvm.cpp:1244
Event: 0.591 Thread 0x007dc800 Threw 0x0408a680 at C:\re\jdk7u45\229\hotspot\src\share\vm\prims\jvm.cpp:1244
Event: 0.591 Thread 0x007dc800 Threw 0x040a3a00 at C:\re\jdk7u45\229\hotspot\src\share\vm\prims\jvm.cpp:1244
Event: 0.591 Thread 0x007dc800 Threw 0x040a3b18 at C:\re\jdk7u45\229\hotspot\src\share\vm\prims\jvm.cpp:1244

Events (10 events):
Event: 0.614 loading class 0x01ab3be0
Event: 0.614 loading class 0x01ab3be0 done
Event: 0.614 loading class 0x01ab3b80
Event: 0.614 loading class 0x01ab3b80 done
Event: 4.823 Executing VM operation: EnableBiasedLocking
Event: 4.823 Executing VM operation: EnableBiasedLocking done
Event: 12.847 Executing VM operation: ChangeBreakpoints
Event: 12.847 Executing VM operation: ChangeBreakpoints done
Event: 283.089 Executing VM operation: RedefineClasses
Event: 283.089 Executing VM operation: RedefineClasses done


Dynamic libraries:
0x009d0000 - 0x009ff000 	C:\Program Files\Java\jre7\bin\javaw.exe
0x77330000 - 0x7746c000 	C:\Windows\SYSTEM32\ntdll.dll
0x77250000 - 0x77324000 	C:\Windows\system32\kernel32.dll
0x75540000 - 0x7558a000 	C:\Windows\system32\KERNELBASE.dll
0x76e90000 - 0x76f30000 	C:\Windows\system32\ADVAPI32.dll
0x75b20000 - 0x75bcc000 	C:\Windows\system32\msvcrt.dll
0x75d70000 - 0x75d89000 	C:\Windows\SYSTEM32\sechost.dll
0x75f20000 - 0x75fc1000 	C:\Windows\system32\RPCRT4.dll
0x75bd0000 - 0x75c99000 	C:\Windows\system32\USER32.dll
0x77500000 - 0x7754e000 	C:\Windows\system32\GDI32.dll
0x76220000 - 0x7622a000 	C:\Windows\system32\LPK.dll
0x760d0000 - 0x7616d000 	C:\Windows\system32\USP10.dll
0x748c0000 - 0x74a5e000 	C:\Windows\WinSxS\x86_microsoft.windows.common-controls_6595b64144ccf1df_6.0.7601.17514_none_41e6975e2bd6f2b2\COMCTL32.dll
0x761c0000 - 0x76217000 	C:\Windows\system32\SHLWAPI.dll
0x75f00000 - 0x75f1f000 	C:\Windows\system32\IMM32.DLL
0x75fd0000 - 0x7609c000 	C:\Windows\system32\MSCTF.dll
0x50300000 - 0x503bf000 	C:\Program Files\Java\jre7\bin\msvcr100.dll
0x6e4c0000 - 0x6e840000 	C:\Program Files\Java\jre7\bin\client\jvm.dll
0x70540000 - 0x70547000 	C:\Windows\system32\WSOCK32.dll
0x75d30000 - 0x75d65000 	C:\Windows\system32\WS2_32.dll
0x75d90000 - 0x75d96000 	C:\Windows\system32\NSI.dll
0x72c60000 - 0x72c92000 	C:\Windows\system32\WINMM.dll
0x76e80000 - 0x76e85000 	C:\Windows\system32\PSAPI.DLL
0x739b0000 - 0x739bc000 	C:\Program Files\Java\jre7\bin\verify.dll
0x5e7b0000 - 0x5e7d0000 	C:\Program Files\Java\jre7\bin\java.dll
0x659c0000 - 0x659ea000 	C:\Program Files\Java\jre7\bin\jdwp.dll
0x73250000 - 0x73257000 	C:\Program Files\Java\jre7\bin\npt.dll
0x63fe0000 - 0x63ff3000 	C:\Program Files\Java\jre7\bin\zip.dll
0x6a880000 - 0x6a888000 	C:\Program Files\Java\jre7\bin\dt_socket.dll
0x73a20000 - 0x73a30000 	C:\Windows\system32\NLAapi.dll
0x73930000 - 0x73940000 	C:\Windows\system32\napinsp.dll
0x73750000 - 0x73762000 	C:\Windows\system32\pnrpnsp.dll
0x74c60000 - 0x74c9c000 	C:\Windows\System32\mswsock.dll
0x74b20000 - 0x74b64000 	C:\Windows\system32\DNSAPI.dll
0x73740000 - 0x73748000 	C:\Windows\System32\winrnr.dll
0x665e0000 - 0x66601000 	C:\Program Files\Bonjour\mdnsNSP.dll
0x73320000 - 0x7333c000 	C:\Windows\system32\Iphlpapi.DLL
0x73310000 - 0x73317000 	C:\Windows\system32\WINNSI.DLL
0x731e0000 - 0x73218000 	C:\Windows\System32\fwpuclnt.dll
0x66590000 - 0x66596000 	C:\Windows\system32\rasadhlp.dll
0x74560000 - 0x74565000 	C:\Windows\System32\wshtcpip.dll
0x5e160000 - 0x5e24b000 	C:\Windows\system32\dbghelp.dll

VM Arguments:
jvm_args: -agentlib:jdwp=transport=dt_socket,suspend=y,address=localhost:57716 -Dfile.encoding=Cp1251 
java_command: O_130
Launcher Type: SUN_STANDARD

Environment Variables:
PATH=C:/Program Files/Java/jre7/bin/client;C:/Program Files/Java/jre7/bin;C:/Program Files/Java/jre7/lib/i386;C:\Windows\system32;C:\Windows;C:\Windows\System32\Wbem;C:\Windows\System32\WindowsPowerShell\v1.0\;C:\Program Files\Skype\Phone\;D:\програмирование\eclipse;
USERNAME=noname
OS=Windows_NT
PROCESSOR_IDENTIFIER=x86 Family 6 Model 42 Stepping 7, GenuineIntel



---------------  S Y S T E M  ---------------

OS: Windows 7 Build 7601 Service Pack 1

CPU:total 4 (2 cores per cpu, 2 threads per core) family 6 model 42 stepping 7, cmov, cx8, fxsr, mmx, sse, sse2, sse3, ssse3, sse4.1, sse4.2, popcnt, avx, ht, tsc, tscinvbit

Memory: 4k page, physical 3659004k(938540k free), swap 7316252k(2050196k free)

vm_info: Java HotSpot(TM) Client VM (24.45-b08) for windows-x86 JRE (1.7.0_45-b18), built on Oct  8 2013 06:02:43 by "java_re" with unknown MS VC++:1600

time: Thu Sep 14 23:03:41 2017
elapsed time: 283 seconds

