#
# A fatal error has been detected by the Java Runtime Environment:
#
#  EXCEPTION_ACCESS_VIOLATION (0xc0000005) at pc=0x59a8d35b, pid=3592, tid=5572
#
# JRE version: Java(TM) SE Runtime Environment (7.0_45-b18) (build 1.7.0_45-b18)
# Java VM: Java HotSpot(TM) Client VM (24.45-b08 mixed mode windows-x86 )
# Problematic frame:
# V  [jvm.dll+0xdd35b]
#
# Failed to write core dump. Minidumps are not enabled by default on client versions of Windows
#
# If you would like to submit a bug report, please visit:
#   http://bugreport.sun.com/bugreport/crash.jsp
#

---------------  T H R E A D  ---------------

Current thread (0x17b5c400):  JavaThread "JDWP Transport Listener: dt_socket" daemon [_thread_in_vm, id=5572, stack(0x18330000,0x18380000)]

siginfo: ExceptionCode=0xc0000005, reading address 0x17003b79

Registers:
EAX=0x17003b79, EBX=0x00000000, ECX=0x17003b79, EDX=0x00000000
ESP=0x1837f2c4, EBP=0x1837f2c8, ESI=0x0096eb70, EDI=0x1837f3a8
EIP=0x59a8d35b, EFLAGS=0x00010202

Top of Stack: (sp=0x1837f2c4)
0x1837f2c4:   0096eb70 1837f2f0 59bbe04a 17003b79
0x1837f2d4:   1837f32b 17b5c400 00000000 00000000
0x1837f2e4:   00000000 17b5c400 17b5c400 1837f32c
0x1837f2f4:   6b199d9d 0096eb70 17003b79 1837f32b
0x1837f304:   17003b79 6b18436d 17003b79 1837f32b
0x1837f314:   00000002 00000000 00000000 00000009
0x1837f324:   00000000 00b5770c 1837f34c 6b1844e0
0x1837f334:   00000001 1837f368 1837f3a4 17be49f0 

Instructions: (pc=0x59a8d35b)
0x59a8d33b:   89 4f 04 8b 56 0c 89 57 08 8b 46 10 89 47 0c 5f
0x59a8d34b:   5e 5d c2 0c 00 55 8b ec 8b 45 08 56 85 c0 74 28
0x59a8d35b:   8b 30 85 f6 74 22 81 fe fe fe fe fe 74 1a 8b 4e
0x59a8d36b:   04 8b 41 08 8b 90 90 00 00 00 83 c1 08 ff d2 84 


Register to memory mapping:

EAX=0x17003b79 is an unallocated location in the heap
EBX=0x00000000 is an unknown value
ECX=0x17003b79 is an unallocated location in the heap
EDX=0x00000000 is an unknown value
ESP=0x1837f2c4 is pointing into the stack for thread: 0x17b5c400
EBP=0x1837f2c8 is pointing into the stack for thread: 0x17b5c400
ESI=0x0096eb70 is an unknown value
EDI=0x1837f3a8 is pointing into the stack for thread: 0x17b5c400


Stack: [0x18330000,0x18380000],  sp=0x1837f2c4,  free space=316k
Native frames: (J=compiled Java code, j=interpreted, Vv=VM code, C=native code)
V  [jvm.dll+0xdd35b]
V  [jvm.dll+0x20e04a]
C  [jdwp.dll+0x19d9d]
C  [jdwp.dll+0x44e0]
C  [jdwp.dll+0x451e]


---------------  P R O C E S S  ---------------

Java Threads: ( => current thread )
  0x17b7e800 JavaThread "Service Thread" daemon [_thread_blocked, id=5412, stack(0x183a0000,0x183f0000)]
  0x17b7c000 JavaThread "C1 CompilerThread0" daemon [_thread_blocked, id=4588, stack(0x00e90000,0x00ee0000)]
  0x17b66c00 JavaThread "JDWP Command Reader" daemon [_thread_in_native, id=220, stack(0x185d0000,0x18620000)]
  0x17b65800 JavaThread "JDWP Event Helper Thread" daemon [_thread_blocked, id=4480, stack(0x18490000,0x184e0000)]
=>0x17b5c400 JavaThread "JDWP Transport Listener: dt_socket" daemon [_thread_in_vm, id=5572, stack(0x18330000,0x18380000)]
  0x17b54c00 JavaThread "Attach Listener" daemon [_thread_blocked, id=5428, stack(0x17dd0000,0x17e20000)]
  0x17b51800 JavaThread "Signal Dispatcher" daemon [_thread_blocked, id=5432, stack(0x00e40000,0x00e90000)]
  0x17b25800 JavaThread "Finalizer" daemon [_thread_blocked, id=1588, stack(0x00d30000,0x00d80000)]
  0x17b20400 JavaThread "Reference Handler" daemon [_thread_blocked, id=5000, stack(0x17d70000,0x17dc0000)]
  0x00b0c000 JavaThread "main" [_thread_blocked, id=2412, stack(0x00a70000,0x00ac0000)]

Other Threads:
  0x17b1f000 VMThread [stack: 0x00da0000,0x00df0000] [id=4884]
  0x17b88000 WatcherThread [stack: 0x186a0000,0x186f0000] [id=5524]

VM state:not at safepoint (normal execution)

VM Mutex/Monitor currently owned by a thread: None

Heap
 def new generation   total 4928K, used 756K [0x03b10000, 0x04060000, 0x09060000)
  eden space 4416K,  17% used [0x03b10000, 0x03bcd0b0, 0x03f60000)
  from space 512K,   0% used [0x03f60000, 0x03f60000, 0x03fe0000)
  to   space 512K,   0% used [0x03fe0000, 0x03fe0000, 0x04060000)
 tenured generation   total 10944K, used 0K [0x09060000, 0x09b10000, 0x13b10000)
   the space 10944K,   0% used [0x09060000, 0x09060000, 0x09060200, 0x09b10000)
 compacting perm gen  total 12288K, used 1925K [0x13b10000, 0x14710000, 0x17b10000)
   the space 12288K,  15% used [0x13b10000, 0x13cf1668, 0x13cf1800, 0x14710000)
No shared spaces configured.

Card table byte_map: [0x00b10000,0x00bc0000] byte_map_base: 0x00af2780

Polling page: 0x00130000

Code Cache  [0x01b10000, 0x01bb0000, 0x03b10000)
 total_blobs=145 nmethods=22 adapters=69 free_code_cache=32154Kb largest_free_block=32926336

Compilation events (10 events):
Event: 0.302 Thread 0x17b7c000   17             java.lang.AbstractStringBuilder::append (29 bytes)
Event: 0.302 Thread 0x17b7c000 nmethod 17 0x01ba8008 code [0x01ba8110, 0x01ba820c]
Event: 0.307 Thread 0x17b7c000   18             java.io.BufferedInputStream::getBufIfOpen (21 bytes)
Event: 0.307 Thread 0x17b7c000 nmethod 18 0x01ba8448 code [0x01ba8550, 0x01ba864c]
Event: 0.307 Thread 0x17b7c000   19  s          java.io.BufferedInputStream::read (49 bytes)
Event: 0.307 Thread 0x17b7c000 nmethod 19 0x01ba89c8 code [0x01ba8af0, 0x01ba8de8]
Event: 0.310 Thread 0x17b7c000   21             java.util.regex.Pattern::has (15 bytes)
Event: 0.311 Thread 0x17b7c000 nmethod 21 0x01ba91c8 code [0x01ba92c0, 0x01ba9350]
Event: 297.778 Thread 0x17b7c000   22             java.lang.String::length (6 bytes)
Event: 297.779 Thread 0x17b7c000 nmethod 22 0x01ba9388 code [0x01ba9480, 0x01ba9510]

GC Heap History (0 events):
No events

Deoptimization events (0 events):
No events

Internal exceptions (7 events):
Event: 0.063 Thread 0x00b0c000 Threw 0x03b1fc58 at C:\re\jdk7u45\229\hotspot\src\share\vm\prims\jni.cpp:3991
Event: 0.279 Thread 0x00b0c000 Threw 0x03b71ee8 at C:\re\jdk7u45\229\hotspot\src\share\vm\prims\jvm.cpp:1244
Event: 0.302 Thread 0x00b0c000 Threw 0x03b93ec8 at C:\re\jdk7u45\229\hotspot\src\share\vm\prims\jvm.cpp:1244
Event: 0.302 Thread 0x00b0c000 Threw 0x03b93fe0 at C:\re\jdk7u45\229\hotspot\src\share\vm\prims\jvm.cpp:1244
Event: 0.302 Thread 0x00b0c000 Threw 0x03b971c0 at C:\re\jdk7u45\229\hotspot\src\share\vm\prims\jvm.cpp:1244
Event: 0.302 Thread 0x00b0c000 Threw 0x03b972d8 at C:\re\jdk7u45\229\hotspot\src\share\vm\prims\jvm.cpp:1244
Event: 313.614 Thread 0x00b0c000 Threw 0x03bc6ca8 at C:\re\jdk7u45\229\hotspot\src\share\vm\prims\jvm.cpp:1244

Events (10 events):
Event: 574.803 Executing VM operation: RedefineClasses
Event: 574.803 Executing VM operation: RedefineClasses done
Event: 574.840 Executing VM operation: ChangeBreakpoints
Event: 574.840 Executing VM operation: ChangeBreakpoints done
Event: 574.841 Executing VM operation: ChangeBreakpoints
Event: 574.841 Executing VM operation: ChangeBreakpoints done
Event: 745.958 Executing VM operation: RedefineClasses
Event: 745.959 Executing VM operation: RedefineClasses done
Event: 2293.096 Executing VM operation: RedefineClasses
Event: 2293.096 Executing VM operation: RedefineClasses done


Dynamic libraries:
0x00ee0000 - 0x00f0f000 	C:\Program Files\Java\jre7\bin\javaw.exe
0x77330000 - 0x7746c000 	C:\Windows\SYSTEM32\ntdll.dll
0x759d0000 - 0x75aa4000 	C:\Windows\system32\kernel32.dll
0x75620000 - 0x7566a000 	C:\Windows\system32\KERNELBASE.dll
0x76cf0000 - 0x76d90000 	C:\Windows\system32\ADVAPI32.dll
0x76b20000 - 0x76bcc000 	C:\Windows\system32\msvcrt.dll
0x759b0000 - 0x759c9000 	C:\Windows\SYSTEM32\sechost.dll
0x75ca0000 - 0x75d41000 	C:\Windows\system32\RPCRT4.dll
0x75ab0000 - 0x75b79000 	C:\Windows\system32\USER32.dll
0x75850000 - 0x7589e000 	C:\Windows\system32\GDI32.dll
0x76b10000 - 0x76b1a000 	C:\Windows\system32\LPK.dll
0x770b0000 - 0x7714d000 	C:\Windows\system32\USP10.dll
0x74410000 - 0x745ae000 	C:\Windows\WinSxS\x86_microsoft.windows.common-controls_6595b64144ccf1df_6.0.7601.17514_none_41e6975e2bd6f2b2\COMCTL32.dll
0x75900000 - 0x75957000 	C:\Windows\system32\SHLWAPI.dll
0x77150000 - 0x7716f000 	C:\Windows\system32\IMM32.DLL
0x77490000 - 0x7755c000 	C:\Windows\system32\MSCTF.dll
0x5fda0000 - 0x5fe5f000 	C:\Program Files\Java\jre7\bin\msvcr100.dll
0x599b0000 - 0x59d30000 	C:\Program Files\Java\jre7\bin\client\jvm.dll
0x6c190000 - 0x6c197000 	C:\Windows\system32\WSOCK32.dll
0x76ed0000 - 0x76f05000 	C:\Windows\system32\WS2_32.dll
0x77480000 - 0x77486000 	C:\Windows\system32\NSI.dll
0x72e60000 - 0x72e92000 	C:\Windows\system32\WINMM.dll
0x77470000 - 0x77475000 	C:\Windows\system32\PSAPI.DLL
0x64830000 - 0x6483c000 	C:\Program Files\Java\jre7\bin\verify.dll
0x62c30000 - 0x62c50000 	C:\Program Files\Java\jre7\bin\java.dll
0x6b180000 - 0x6b1aa000 	C:\Program Files\Java\jre7\bin\jdwp.dll
0x728b0000 - 0x728b7000 	C:\Program Files\Java\jre7\bin\npt.dll
0x63b70000 - 0x63b83000 	C:\Program Files\Java\jre7\bin\zip.dll
0x728a0000 - 0x728a8000 	C:\Program Files\Java\jre7\bin\dt_socket.dll
0x738c0000 - 0x738d0000 	C:\Windows\system32\NLAapi.dll
0x73d00000 - 0x73d10000 	C:\Windows\system32\napinsp.dll
0x73c50000 - 0x73c62000 	C:\Windows\system32\pnrpnsp.dll
0x74f00000 - 0x74f3c000 	C:\Windows\System32\mswsock.dll
0x74dc0000 - 0x74e04000 	C:\Windows\system32\DNSAPI.dll
0x73cf0000 - 0x73cf8000 	C:\Windows\System32\winrnr.dll
0x736a0000 - 0x736bc000 	C:\Windows\system32\IPHLPAPI.DLL
0x73640000 - 0x73647000 	C:\Windows\system32\WINNSI.DLL
0x73530000 - 0x73568000 	C:\Windows\System32\fwpuclnt.dll
0x70a40000 - 0x70a46000 	C:\Windows\system32\rasadhlp.dll
0x74a40000 - 0x74a45000 	C:\Windows\System32\wshtcpip.dll
0x5f6b0000 - 0x5f79b000 	C:\Windows\system32\dbghelp.dll

VM Arguments:
jvm_args: -agentlib:jdwp=transport=dt_socket,suspend=y,address=localhost:50180 -Dfile.encoding=Cp1251 
java_command: Osnovnoy
Launcher Type: SUN_STANDARD

Environment Variables:
PATH=C:/Program Files/Java/jre7/bin/client;C:/Program Files/Java/jre7/bin;C:/Program Files/Java/jre7/lib/i386;C:\Windows\system32;C:\Windows;C:\Windows\System32\Wbem;C:\Windows\System32\WindowsPowerShell\v1.0\;D:\програмирование\eclipse;
USERNAME=noname
OS=Windows_NT
PROCESSOR_IDENTIFIER=x86 Family 6 Model 42 Stepping 7, GenuineIntel



---------------  S Y S T E M  ---------------

OS: Windows 7 Build 7601 Service Pack 1

CPU:total 4 (2 cores per cpu, 2 threads per core) family 6 model 42 stepping 7, cmov, cx8, fxsr, mmx, sse, sse2, sse3, ssse3, sse4.1, sse4.2, popcnt, avx, ht, tsc, tscinvbit

Memory: 4k page, physical 3659004k(1472996k free), swap 7316252k(4838808k free)

vm_info: Java HotSpot(TM) Client VM (24.45-b08) for windows-x86 JRE (1.7.0_45-b18), built on Oct  8 2013 06:02:43 by "java_re" with unknown MS VC++:1600

time: Thu Mar 09 21:01:37 2017
elapsed time: 2293 seconds

