#
# A fatal error has been detected by the Java Runtime Environment:
#
#  EXCEPTION_ACCESS_VIOLATION (0xc0000005) at pc=0x6ddcd35b, pid=6684, tid=7296
#
# JRE version: Java(TM) SE Runtime Environment (7.0_45-b18) (build 1.7.0_45-b18)
# Java VM: Java HotSpot(TM) Client VM (24.45-b08 mixed mode windows-x86 )
# Problematic frame:
# V  [jvm.dll+0xdd35b]
#
# Failed to write core dump. Minidumps are not enabled by default on client versions of Windows
#
# If you would like to submit a bug report, please visit:
#   http://bugreport.sun.com/bugreport/crash.jsp
#

---------------  T H R E A D  ---------------

Current thread (0x018ec400):  JavaThread "JDWP Transport Listener: dt_socket" daemon [_thread_in_vm, id=7296, stack(0x184b0000,0x18500000)]

siginfo: ExceptionCode=0xc0000005, reading address 0x72746e6f

Registers:
EAX=0x72746e6f, EBX=0x00000000, ECX=0x72746e6f, EDX=0x00000000
ESP=0x184ff3c4, EBP=0x184ff3c8, ESI=0x0162ebc0, EDI=0x184ff4a8
EIP=0x6ddcd35b, EFLAGS=0x00010206

Top of Stack: (sp=0x184ff3c4)
0x184ff3c4:   0162ebc0 184ff3f0 6defe04a 72746e6f
0x184ff3d4:   184ff42b 018ec400 00000000 00000000
0x184ff3e4:   00000000 018ec400 018ec400 184ff42c
0x184ff3f4:   630d9d9d 0162ebc0 72746e6f 184ff42b
0x184ff404:   72746e6f 630c436d 72746e6f 184ff42b
0x184ff414:   0000000e 00000000 00000000 0000000a
0x184ff424:   00000000 008e6eac 184ff44c 630c44e0
0x184ff434:   00000001 184ff468 184ff4a4 0193afe8 

Instructions: (pc=0x6ddcd35b)
0x6ddcd33b:   89 4f 04 8b 56 0c 89 57 08 8b 46 10 89 47 0c 5f
0x6ddcd34b:   5e 5d c2 0c 00 55 8b ec 8b 45 08 56 85 c0 74 28
0x6ddcd35b:   8b 30 85 f6 74 22 81 fe fe fe fe fe 74 1a 8b 4e
0x6ddcd36b:   04 8b 41 08 8b 90 90 00 00 00 83 c1 08 ff d2 84 


Register to memory mapping:

EAX=0x72746e6f is an unknown value
EBX=0x00000000 is an unknown value
ECX=0x72746e6f is an unknown value
EDX=0x00000000 is an unknown value
ESP=0x184ff3c4 is pointing into the stack for thread: 0x018ec400
EBP=0x184ff3c8 is pointing into the stack for thread: 0x018ec400
ESI=0x0162ebc0 is an unknown value
EDI=0x184ff4a8 is pointing into the stack for thread: 0x018ec400


Stack: [0x184b0000,0x18500000],  sp=0x184ff3c4,  free space=316k
Native frames: (J=compiled Java code, j=interpreted, Vv=VM code, C=native code)
V  [jvm.dll+0xdd35b]
V  [jvm.dll+0x20e04a]
C  [jdwp.dll+0x19d9d]
C  [jdwp.dll+0x44e0]
C  [jdwp.dll+0x451e]


---------------  P R O C E S S  ---------------

Java Threads: ( => current thread )
  0x01916c00 JavaThread "Service Thread" daemon [_thread_blocked, id=7816, stack(0x18440000,0x18490000)]
  0x0190bc00 JavaThread "C1 CompilerThread0" daemon [_thread_blocked, id=7432, stack(0x18590000,0x185e0000)]
  0x018f7400 JavaThread "JDWP Command Reader" daemon [_thread_in_native, id=4756, stack(0x182d0000,0x18320000)]
  0x018f6000 JavaThread "JDWP Event Helper Thread" daemon [_thread_blocked, id=7872, stack(0x18350000,0x183a0000)]
=>0x018ec400 JavaThread "JDWP Transport Listener: dt_socket" daemon [_thread_in_vm, id=7296, stack(0x184b0000,0x18500000)]
  0x018e5000 JavaThread "Attach Listener" daemon [_thread_blocked, id=6812, stack(0x01d90000,0x01de0000)]
  0x018e1c00 JavaThread "Signal Dispatcher" daemon [_thread_blocked, id=3860, stack(0x01ba0000,0x01bf0000)]
  0x018b5800 JavaThread "Finalizer" daemon [_thread_blocked, id=5948, stack(0x01d30000,0x01d80000)]
  0x018b0400 JavaThread "Reference Handler" daemon [_thread_blocked, id=4320, stack(0x01c50000,0x01ca0000)]
  0x0023c800 JavaThread "main" [_thread_blocked, id=1496, stack(0x01100000,0x01150000)]

Other Threads:
  0x018af000 VMThread [stack: 0x01b10000,0x01b60000] [id=2268]
  0x01921800 WatcherThread [stack: 0x18660000,0x186b0000] [id=2888]

VM state:not at safepoint (normal execution)

VM Mutex/Monitor currently owned by a thread: None

Heap
 def new generation   total 4928K, used 828K [0x04000000, 0x04550000, 0x09550000)
  eden space 4416K,  18% used [0x04000000, 0x040cf3f0, 0x04450000)
  from space 512K,   0% used [0x04450000, 0x04450000, 0x044d0000)
  to   space 512K,   0% used [0x044d0000, 0x044d0000, 0x04550000)
 tenured generation   total 10944K, used 0K [0x09550000, 0x0a000000, 0x14000000)
   the space 10944K,   0% used [0x09550000, 0x09550000, 0x09550200, 0x0a000000)
 compacting perm gen  total 12288K, used 2106K [0x14000000, 0x14c00000, 0x18000000)
   the space 12288K,  17% used [0x14000000, 0x1420ea60, 0x1420ec00, 0x14c00000)
No shared spaces configured.

Card table byte_map: [0x01790000,0x01840000] byte_map_base: 0x01770000

Polling page: 0x010a0000

Code Cache  [0x02000000, 0x020a0000, 0x04000000)
 total_blobs=150 nmethods=22 adapters=74 free_code_cache=32153Kb largest_free_block=32924736

Compilation events (10 events):
Event: 0.184 Thread 0x0190bc00   17             java.lang.AbstractStringBuilder::append (29 bytes)
Event: 0.184 Thread 0x0190bc00 nmethod 17 0x02098648 code [0x02098750, 0x0209884c]
Event: 0.187 Thread 0x0190bc00   19             java.io.BufferedInputStream::getBufIfOpen (21 bytes)
Event: 0.187 Thread 0x0190bc00 nmethod 19 0x02098a88 code [0x02098b90, 0x02098c8c]
Event: 0.187 Thread 0x0190bc00   20  s          java.io.BufferedInputStream::read (49 bytes)
Event: 0.188 Thread 0x0190bc00 nmethod 20 0x02098d48 code [0x02098e70, 0x02099168]
Event: 0.189 Thread 0x0190bc00   21             java.lang.String::length (6 bytes)
Event: 0.189 Thread 0x0190bc00 nmethod 21 0x02099548 code [0x02099640, 0x020996d0]
Event: 0.190 Thread 0x0190bc00   22             java.util.regex.Pattern::has (15 bytes)
Event: 0.190 Thread 0x0190bc00 nmethod 22 0x02099748 code [0x02099840, 0x020998d0]

GC Heap History (0 events):
No events

Deoptimization events (0 events):
No events

Internal exceptions (6 events):
Event: 0.026 Thread 0x0023c800 Threw 0x0400fc50 at C:\re\jdk7u45\229\hotspot\src\share\vm\prims\jni.cpp:3991
Event: 0.165 Thread 0x0023c800 Threw 0x040677c8 at C:\re\jdk7u45\229\hotspot\src\share\vm\prims\jvm.cpp:1244
Event: 0.183 Thread 0x0023c800 Threw 0x040a3238 at C:\re\jdk7u45\229\hotspot\src\share\vm\prims\jvm.cpp:1244
Event: 0.183 Thread 0x0023c800 Threw 0x040a3350 at C:\re\jdk7u45\229\hotspot\src\share\vm\prims\jvm.cpp:1244
Event: 0.184 Thread 0x0023c800 Threw 0x040a6530 at C:\re\jdk7u45\229\hotspot\src\share\vm\prims\jvm.cpp:1244
Event: 0.184 Thread 0x0023c800 Threw 0x040a6648 at C:\re\jdk7u45\229\hotspot\src\share\vm\prims\jvm.cpp:1244

Events (10 events):
Event: 574.846 Executing VM operation: RedefineClasses
Event: 574.846 Executing VM operation: RedefineClasses done
Event: 574.872 Executing VM operation: ChangeBreakpoints
Event: 574.872 Executing VM operation: ChangeBreakpoints done
Event: 684.943 Executing VM operation: RedefineClasses
Event: 684.943 Executing VM operation: RedefineClasses done
Event: 684.961 Executing VM operation: ChangeBreakpoints
Event: 684.961 Executing VM operation: ChangeBreakpoints done
Event: 1307.910 Executing VM operation: RedefineClasses
Event: 1307.910 Executing VM operation: RedefineClasses done


Dynamic libraries:
0x00050000 - 0x0007f000 	C:\Program Files\Java\jre7\bin\javaw.exe
0x77050000 - 0x7718c000 	C:\Windows\SYSTEM32\ntdll.dll
0x76160000 - 0x76234000 	C:\Windows\system32\kernel32.dll
0x75280000 - 0x752ca000 	C:\Windows\system32\KERNELBASE.dll
0x75fa0000 - 0x76040000 	C:\Windows\system32\ADVAPI32.dll
0x75750000 - 0x757fc000 	C:\Windows\system32\msvcrt.dll
0x75800000 - 0x75819000 	C:\Windows\SYSTEM32\sechost.dll
0x75d30000 - 0x75dd1000 	C:\Windows\system32\RPCRT4.dll
0x75c60000 - 0x75d29000 	C:\Windows\system32\USER32.dll
0x763b0000 - 0x763fe000 	C:\Windows\system32\GDI32.dll
0x771b0000 - 0x771ba000 	C:\Windows\system32\LPK.dll
0x771e0000 - 0x7727d000 	C:\Windows\system32\USP10.dll
0x745c0000 - 0x7475e000 	C:\Windows\WinSxS\x86_microsoft.windows.common-controls_6595b64144ccf1df_6.0.7601.17514_none_41e6975e2bd6f2b2\COMCTL32.dll
0x75aa0000 - 0x75af7000 	C:\Windows\system32\SHLWAPI.dll
0x77190000 - 0x771af000 	C:\Windows\system32\IMM32.DLL
0x75b90000 - 0x75c5c000 	C:\Windows\system32\MSCTF.dll
0x633a0000 - 0x6345f000 	C:\Program Files\Java\jre7\bin\msvcr100.dll
0x6dcf0000 - 0x6e070000 	C:\Program Files\Java\jre7\bin\client\jvm.dll
0x6ef00000 - 0x6ef07000 	C:\Windows\system32\WSOCK32.dll
0x75a60000 - 0x75a95000 	C:\Windows\system32\WS2_32.dll
0x771c0000 - 0x771c6000 	C:\Windows\system32\NSI.dll
0x72b80000 - 0x72bb2000 	C:\Windows\system32\WINMM.dll
0x75820000 - 0x75825000 	C:\Windows\system32\PSAPI.DLL
0x64a20000 - 0x64a2c000 	C:\Program Files\Java\jre7\bin\verify.dll
0x64a00000 - 0x64a20000 	C:\Program Files\Java\jre7\bin\java.dll
0x630c0000 - 0x630ea000 	C:\Program Files\Java\jre7\bin\jdwp.dll
0x63de0000 - 0x63de7000 	C:\Program Files\Java\jre7\bin\npt.dll
0x649e0000 - 0x649f3000 	C:\Program Files\Java\jre7\bin\zip.dll
0x63390000 - 0x63398000 	C:\Program Files\Java\jre7\bin\dt_socket.dll
0x732b0000 - 0x732c0000 	C:\Windows\system32\NLAapi.dll
0x62920000 - 0x62930000 	C:\Windows\system32\napinsp.dll
0x62140000 - 0x62152000 	C:\Windows\system32\pnrpnsp.dll
0x74970000 - 0x749ac000 	C:\Windows\System32\mswsock.dll
0x74840000 - 0x74884000 	C:\Windows\system32\DNSAPI.dll
0x62130000 - 0x62138000 	C:\Windows\System32\winrnr.dll
0x6e460000 - 0x6e481000 	C:\Program Files\Bonjour\mdnsNSP.dll
0x73040000 - 0x7305c000 	C:\Windows\system32\Iphlpapi.DLL
0x73030000 - 0x73037000 	C:\Windows\system32\WINNSI.DLL
0x72f00000 - 0x72f38000 	C:\Windows\System32\fwpuclnt.dll
0x6e450000 - 0x6e456000 	C:\Windows\system32\rasadhlp.dll
0x74280000 - 0x74285000 	C:\Windows\System32\wshtcpip.dll
0x59f80000 - 0x5a06b000 	C:\Windows\system32\dbghelp.dll

VM Arguments:
jvm_args: -agentlib:jdwp=transport=dt_socket,suspend=y,address=localhost:53664 -Dfile.encoding=Cp1251 
java_command: O_257_3
Launcher Type: SUN_STANDARD

Environment Variables:
PATH=C:/Program Files/Java/jre7/bin/client;C:/Program Files/Java/jre7/bin;C:/Program Files/Java/jre7/lib/i386;C:\Windows\system32;C:\Windows;C:\Windows\System32\Wbem;C:\Windows\System32\WindowsPowerShell\v1.0\;C:\Program Files\Skype\Phone\;D:\програмирование\eclipse;
USERNAME=noname
OS=Windows_NT
PROCESSOR_IDENTIFIER=x86 Family 6 Model 42 Stepping 7, GenuineIntel



---------------  S Y S T E M  ---------------

OS: Windows 7 Build 7601 Service Pack 1

CPU:total 4 (2 cores per cpu, 2 threads per core) family 6 model 42 stepping 7, cmov, cx8, fxsr, mmx, sse, sse2, sse3, ssse3, sse4.1, sse4.2, popcnt, avx, ht, tsc, tscinvbit

Memory: 4k page, physical 3659004k(978072k free), swap 7316252k(3624532k free)

vm_info: Java HotSpot(TM) Client VM (24.45-b08) for windows-x86 JRE (1.7.0_45-b18), built on Oct  8 2013 06:02:43 by "java_re" with unknown MS VC++:1600

time: Tue Aug 29 16:25:55 2017
elapsed time: 1307 seconds

