#
# A fatal error has been detected by the Java Runtime Environment:
#
#  EXCEPTION_ACCESS_VIOLATION (0xc0000005) at pc=0x501b54ec, pid=5268, tid=5528
#
# JRE version: Java(TM) SE Runtime Environment (7.0_45-b18) (build 1.7.0_45-b18)
# Java VM: Java HotSpot(TM) Client VM (24.45-b08 mixed mode windows-x86 )
# Problematic frame:
# V  [jvm.dll+0x1054ec]
#
# Failed to write core dump. Minidumps are not enabled by default on client versions of Windows
#
# If you would like to submit a bug report, please visit:
#   http://bugreport.sun.com/bugreport/crash.jsp
#

---------------  T H R E A D  ---------------

Current thread (0x01ac3800):  JavaThread "JDWP Transport Listener: dt_socket" daemon [_thread_in_vm, id=5528, stack(0x01d90000,0x01de0000)]

siginfo: ExceptionCode=0xc0000005, writing address 0x51b37910

Registers:
EAX=0x01b0b524, EBX=0x14000180, ECX=0x01b37310, EDX=0x00000000
ESP=0x01ddf3d4, EBP=0x01ddf40c, ESI=0x1417ce98, EDI=0x00000020
EIP=0x501b54ec, EFLAGS=0x00010202

Top of Stack: (sp=0x01ddf3d4)
0x01ddf3d4:   00a4ead8 04069bb0 00000000 01ac3800
0x01ddf3e4:   01ac1a50 01ac3de0 01ac3de8 01ac41d4
0x01ddf3f4:   000003ec 01ddf670 01ac3e0c 00000006
0x01ddf404:   00000001 01b37310 01ddf440 502b8eff
0x01ddf414:   01ac3de8 01ddf468 01ddf464 01ddf4c8
0x01ddf424:   01ab6c48 01ac3800 00000000 00000000
0x01ddf434:   00000000 01ac3800 01ac3800 01ddf46c
0x01ddf444:   689d449d 00a4ead8 01ab6c48 01ddf468 

Instructions: (pc=0x501b54ec)
0x501b54cc:   76 14 8b 76 10 50 51 8b cc 56 e8 45 ef ef ff e8
0x501b54dc:   60 f5 f9 ff 8b 4d fc 83 c4 08 83 c7 04 ff 4d f8
0x501b54ec:   89 04 99 75 a6 eb 53 85 f6 7e 55 bb 0c 00 00 00
0x501b54fc:   8b f8 2b d8 89 75 f8 8b 45 08 85 c0 74 02 8b 00 


Register to memory mapping:

EAX=0x01b0b524 is a weak global jni handle
EBX=0x14000180 is an oop
{other class} 
 - klass: {other class}
ECX=0x01b37310 is an unknown value
EDX=0x00000000 is an unknown value
ESP=0x01ddf3d4 is pointing into the stack for thread: 0x01ac3800
EBP=0x01ddf40c is pointing into the stack for thread: 0x01ac3800
ESI=0x1417ce98 is an oop
{instance class} 
 - klass: {other class}
EDI=0x00000020 is an unknown value


Stack: [0x01d90000,0x01de0000],  sp=0x01ddf3d4,  free space=316k
Native frames: (J=compiled Java code, j=interpreted, Vv=VM code, C=native code)
V  [jvm.dll+0x1054ec]
V  [jvm.dll+0x208eff]
C  [jdwp.dll+0x449d]
C  [jdwp.dll+0x451e]


---------------  P R O C E S S  ---------------

Java Threads: ( => current thread )
  0x01adfc00 JavaThread "Service Thread" daemon [_thread_blocked, id=2280, stack(0x00d40000,0x00d90000)]
  0x01add400 JavaThread "C1 CompilerThread0" daemon [_thread_blocked, id=5576, stack(0x18600000,0x18650000)]
  0x01acb000 JavaThread "JDWP Command Reader" daemon [_thread_in_native, id=1656, stack(0x01f60000,0x01fb0000)]
  0x01ac9400 JavaThread "JDWP Event Helper Thread" daemon [_thread_blocked, id=5644, stack(0x01e70000,0x01ec0000)]
=>0x01ac3800 JavaThread "JDWP Transport Listener: dt_socket" daemon [_thread_in_vm, id=5528, stack(0x01d90000,0x01de0000)]
  0x01ab4c00 JavaThread "Attach Listener" daemon [_thread_blocked, id=2824, stack(0x00d90000,0x00de0000)]
  0x01ab1800 JavaThread "Signal Dispatcher" daemon [_thread_blocked, id=3884, stack(0x01e20000,0x01e70000)]
  0x01a85800 JavaThread "Finalizer" daemon [_thread_blocked, id=5052, stack(0x01d40000,0x01d90000)]
  0x01a80400 JavaThread "Reference Handler" daemon [_thread_blocked, id=5484, stack(0x01cb0000,0x01d00000)]
  0x002bc000 JavaThread "main" [_thread_in_native, id=4172, stack(0x00530000,0x00580000)]

Other Threads:
  0x01a7f000 VMThread [stack: 0x00ce0000,0x00d30000] [id=3328]
  0x01ae9400 WatcherThread [stack: 0x18710000,0x18760000] [id=6124]

VM state:not at safepoint (normal execution)

VM Mutex/Monitor currently owned by a thread: None

Heap
 def new generation   total 4928K, used 755K [0x04000000, 0x04550000, 0x09550000)
  eden space 4416K,  17% used [0x04000000, 0x040bcd98, 0x04450000)
  from space 512K,   0% used [0x04450000, 0x04450000, 0x044d0000)
  to   space 512K,   0% used [0x044d0000, 0x044d0000, 0x04550000)
 tenured generation   total 10944K, used 0K [0x09550000, 0x0a000000, 0x14000000)
   the space 10944K,   0% used [0x09550000, 0x09550000, 0x09550200, 0x0a000000)
 compacting perm gen  total 12288K, used 1930K [0x14000000, 0x14c00000, 0x18000000)
   the space 12288K,  15% used [0x14000000, 0x141e2908, 0x141e2a00, 0x14c00000)
No shared spaces configured.

Card table byte_map: [0x00bb0000,0x00c60000] byte_map_base: 0x00b90000

Polling page: 0x00250000

Code Cache  [0x02000000, 0x020a0000, 0x04000000)
 total_blobs=144 nmethods=21 adapters=69 free_code_cache=32155Kb largest_free_block=32926848

Compilation events (10 events):
Event: 0.135 Thread 0x01add400   16             java.lang.AbstractStringBuilder::ensureCapacityInternal (16 bytes)
Event: 0.135 Thread 0x01add400 nmethod 16 0x02097dc8 code [0x02097ed0, 0x02097f8c]
Event: 0.135 Thread 0x01add400   17             java.lang.AbstractStringBuilder::append (29 bytes)
Event: 0.135 Thread 0x01add400 nmethod 17 0x02098008 code [0x02098110, 0x0209820c]
Event: 0.138 Thread 0x01add400   18             java.io.BufferedInputStream::getBufIfOpen (21 bytes)
Event: 0.138 Thread 0x01add400 nmethod 18 0x02098448 code [0x02098550, 0x0209864c]
Event: 0.138 Thread 0x01add400   19  s          java.io.BufferedInputStream::read (49 bytes)
Event: 0.139 Thread 0x01add400 nmethod 19 0x020989c8 code [0x02098af0, 0x02098de8]
Event: 0.141 Thread 0x01add400   21             java.util.regex.Pattern::has (15 bytes)
Event: 0.142 Thread 0x01add400 nmethod 21 0x020991c8 code [0x020992c0, 0x02099350]

GC Heap History (0 events):
No events

Deoptimization events (0 events):
No events

Internal exceptions (6 events):
Event: 0.022 Thread 0x002bc000 Threw 0x0400fc50 at C:\re\jdk7u45\229\hotspot\src\share\vm\prims\jni.cpp:3991
Event: 0.116 Thread 0x002bc000 Threw 0x04061dc0 at C:\re\jdk7u45\229\hotspot\src\share\vm\prims\jvm.cpp:1244
Event: 0.134 Thread 0x002bc000 Threw 0x04083a08 at C:\re\jdk7u45\229\hotspot\src\share\vm\prims\jvm.cpp:1244
Event: 0.134 Thread 0x002bc000 Threw 0x04083b20 at C:\re\jdk7u45\229\hotspot\src\share\vm\prims\jvm.cpp:1244
Event: 0.135 Thread 0x002bc000 Threw 0x04086d00 at C:\re\jdk7u45\229\hotspot\src\share\vm\prims\jvm.cpp:1244
Event: 0.135 Thread 0x002bc000 Threw 0x04086e18 at C:\re\jdk7u45\229\hotspot\src\share\vm\prims\jvm.cpp:1244

Events (10 events):
Event: 3225.932 Executing VM operation: ChangeBreakpoints
Event: 3225.932 Executing VM operation: ChangeBreakpoints done
Event: 3238.736 Executing VM operation: ChangeBreakpoints
Event: 3238.736 Executing VM operation: ChangeBreakpoints done
Event: 3252.986 Executing VM operation: RedefineClasses
Event: 3252.986 Executing VM operation: RedefineClasses done
Event: 3253.002 Executing VM operation: ChangeBreakpoints
Event: 3253.002 Executing VM operation: ChangeBreakpoints done
Event: 5567.254 Executing VM operation: RedefineClasses
Event: 5567.254 Executing VM operation: RedefineClasses done


Dynamic libraries:
0x00e40000 - 0x00e6f000 	C:\Program Files\Java\jre7\bin\javaw.exe
0x770a0000 - 0x771dc000 	C:\Windows\SYSTEM32\ntdll.dll
0x75be0000 - 0x75cb4000 	C:\Windows\system32\kernel32.dll
0x752d0000 - 0x7531a000 	C:\Windows\system32\KERNELBASE.dll
0x75b00000 - 0x75ba0000 	C:\Windows\system32\ADVAPI32.dll
0x76fb0000 - 0x7705c000 	C:\Windows\system32\msvcrt.dll
0x771e0000 - 0x771f9000 	C:\Windows\SYSTEM32\sechost.dll
0x75780000 - 0x75821000 	C:\Windows\system32\RPCRT4.dll
0x756b0000 - 0x75779000 	C:\Windows\system32\USER32.dll
0x76170000 - 0x761be000 	C:\Windows\system32\GDI32.dll
0x76fa0000 - 0x76faa000 	C:\Windows\system32\LPK.dll
0x755c0000 - 0x7565d000 	C:\Windows\system32\USP10.dll
0x740d0000 - 0x7426e000 	C:\Windows\WinSxS\x86_microsoft.windows.common-controls_6595b64144ccf1df_6.0.7601.17514_none_41e6975e2bd6f2b2\COMCTL32.dll
0x76110000 - 0x76167000 	C:\Windows\system32\SHLWAPI.dll
0x761d0000 - 0x761ef000 	C:\Windows\system32\IMM32.DLL
0x77200000 - 0x772cc000 	C:\Windows\system32\MSCTF.dll
0x5f7d0000 - 0x5f88f000 	C:\Program Files\Java\jre7\bin\msvcr100.dll
0x500b0000 - 0x50430000 	C:\Program Files\Java\jre7\bin\client\jvm.dll
0x6ddc0000 - 0x6ddc7000 	C:\Windows\system32\WSOCK32.dll
0x75ba0000 - 0x75bd5000 	C:\Windows\system32\WS2_32.dll
0x761c0000 - 0x761c6000 	C:\Windows\system32\NSI.dll
0x72a20000 - 0x72a52000 	C:\Windows\system32\WINMM.dll
0x75e40000 - 0x75e45000 	C:\Windows\system32\PSAPI.DLL
0x688a0000 - 0x688ac000 	C:\Program Files\Java\jre7\bin\verify.dll
0x68760000 - 0x68780000 	C:\Program Files\Java\jre7\bin\java.dll
0x689d0000 - 0x689fa000 	C:\Program Files\Java\jre7\bin\jdwp.dll
0x68b40000 - 0x68b47000 	C:\Program Files\Java\jre7\bin\npt.dll
0x68780000 - 0x68793000 	C:\Program Files\Java\jre7\bin\zip.dll
0x68b20000 - 0x68b28000 	C:\Program Files\Java\jre7\bin\dt_socket.dll
0x73630000 - 0x73640000 	C:\Windows\system32\NLAapi.dll
0x68260000 - 0x68270000 	C:\Windows\system32\napinsp.dll
0x68240000 - 0x68252000 	C:\Windows\system32\pnrpnsp.dll
0x74ca0000 - 0x74cdc000 	C:\Windows\System32\mswsock.dll
0x74b60000 - 0x74ba4000 	C:\Windows\system32\DNSAPI.dll
0x68230000 - 0x68238000 	C:\Windows\System32\winrnr.dll
0x73280000 - 0x7329c000 	C:\Windows\system32\IPHLPAPI.DLL
0x73270000 - 0x73277000 	C:\Windows\system32\WINNSI.DLL
0x73140000 - 0x73178000 	C:\Windows\System32\fwpuclnt.dll
0x6c9e0000 - 0x6c9e6000 	C:\Windows\system32\rasadhlp.dll
0x747b0000 - 0x747b5000 	C:\Windows\System32\wshtcpip.dll
0x58480000 - 0x5856b000 	C:\Windows\system32\dbghelp.dll

VM Arguments:
jvm_args: -agentlib:jdwp=transport=dt_socket,suspend=y,address=localhost:51113 -Dfile.encoding=Cp1251 
java_command: O_238
Launcher Type: SUN_STANDARD

Environment Variables:
PATH=C:/Program Files/Java/jre7/bin/client;C:/Program Files/Java/jre7/bin;C:/Program Files/Java/jre7/lib/i386;C:\Windows\system32;C:\Windows;C:\Windows\System32\Wbem;C:\Windows\System32\WindowsPowerShell\v1.0\;D:\програмирование\eclipse;
USERNAME=noname
OS=Windows_NT
PROCESSOR_IDENTIFIER=x86 Family 6 Model 42 Stepping 7, GenuineIntel



---------------  S Y S T E M  ---------------

OS: Windows 7 Build 7601 Service Pack 1

CPU:total 4 (2 cores per cpu, 2 threads per core) family 6 model 42 stepping 7, cmov, cx8, fxsr, mmx, sse, sse2, sse3, ssse3, sse4.1, sse4.2, popcnt, avx, ht, tsc, tscinvbit

Memory: 4k page, physical 3659004k(1374196k free), swap 7316252k(4122472k free)

vm_info: Java HotSpot(TM) Client VM (24.45-b08) for windows-x86 JRE (1.7.0_45-b18), built on Oct  8 2013 06:02:43 by "java_re" with unknown MS VC++:1600

time: Thu May 11 00:17:53 2017
elapsed time: 5567 seconds

