#
# A fatal error has been detected by the Java Runtime Environment:
#
#  EXCEPTION_ACCESS_VIOLATION (0xc0000005) at pc=0x6e19d35b, pid=9476, tid=9668
#
# JRE version: Java(TM) SE Runtime Environment (7.0_45-b18) (build 1.7.0_45-b18)
# Java VM: Java HotSpot(TM) Client VM (24.45-b08 mixed mode windows-x86 )
# Problematic frame:
# V  [jvm.dll+0xdd35b]
#
# Failed to write core dump. Minidumps are not enabled by default on client versions of Windows
#
# If you would like to submit a bug report, please visit:
#   http://bugreport.sun.com/bugreport/crash.jsp
#

---------------  T H R E A D  ---------------

Current thread (0x01962c00):  JavaThread "JDWP Transport Listener: dt_socket" daemon [_thread_in_vm, id=9668, stack(0x184d0000,0x18520000)]

siginfo: ExceptionCode=0xc0000005, reading address 0x3b656863

Registers:
EAX=0x3b656863, EBX=0x00000000, ECX=0x3b656863, EDX=0x00000000
ESP=0x1851f734, EBP=0x1851f738, ESI=0x0161ebc0, EDI=0x1851f818
EIP=0x6e19d35b, EFLAGS=0x00010206

Top of Stack: (sp=0x1851f734)
0x1851f734:   0161ebc0 1851f760 6e2ce04a 3b656863
0x1851f744:   1851f79b 01962c00 00000000 00000000
0x1851f754:   00000000 01962c00 01962c00 1851f79c
0x1851f764:   668d9d9d 0161ebc0 3b656863 1851f79b
0x1851f774:   3b656863 668c436d 3b656863 1851f79b
0x1851f784:   00000008 00000000 00000000 0000000a
0x1851f794:   00000000 00958570 1851f7bc 668c44e0
0x1851f7a4:   00000001 1851f7d8 1851f814 019a55a8 

Instructions: (pc=0x6e19d35b)
0x6e19d33b:   89 4f 04 8b 56 0c 89 57 08 8b 46 10 89 47 0c 5f
0x6e19d34b:   5e 5d c2 0c 00 55 8b ec 8b 45 08 56 85 c0 74 28
0x6e19d35b:   8b 30 85 f6 74 22 81 fe fe fe fe fe 74 1a 8b 4e
0x6e19d36b:   04 8b 41 08 8b 90 90 00 00 00 83 c1 08 ff d2 84 


Register to memory mapping:

EAX=0x3b656863 is an unknown value
EBX=0x00000000 is an unknown value
ECX=0x3b656863 is an unknown value
EDX=0x00000000 is an unknown value
ESP=0x1851f734 is pointing into the stack for thread: 0x01962c00
EBP=0x1851f738 is pointing into the stack for thread: 0x01962c00
ESI=0x0161ebc0 is an unknown value
EDI=0x1851f818 is pointing into the stack for thread: 0x01962c00


Stack: [0x184d0000,0x18520000],  sp=0x1851f734,  free space=317k
Native frames: (J=compiled Java code, j=interpreted, Vv=VM code, C=native code)
V  [jvm.dll+0xdd35b]
V  [jvm.dll+0x20e04a]
C  [jdwp.dll+0x19d9d]
C  [jdwp.dll+0x44e0]
C  [jdwp.dll+0x451e]


---------------  P R O C E S S  ---------------

Java Threads: ( => current thread )
  0x01979800 JavaThread "Service Thread" daemon [_thread_blocked, id=9236, stack(0x18520000,0x18570000)]
  0x01976800 JavaThread "C1 CompilerThread0" daemon [_thread_blocked, id=9688, stack(0x18660000,0x186b0000)]
  0x01966400 JavaThread "JDWP Command Reader" daemon [_thread_in_native, id=7932, stack(0x18430000,0x18480000)]
  0x01965000 JavaThread "JDWP Event Helper Thread" daemon [_thread_blocked, id=7120, stack(0x01dc0000,0x01e10000)]
=>0x01962c00 JavaThread "JDWP Transport Listener: dt_socket" daemon [_thread_in_vm, id=9668, stack(0x184d0000,0x18520000)]
  0x01954c00 JavaThread "Attach Listener" daemon [_thread_blocked, id=9184, stack(0x01770000,0x017c0000)]
  0x01951800 JavaThread "Signal Dispatcher" daemon [_thread_blocked, id=9852, stack(0x01cb0000,0x01d00000)]
  0x01925800 JavaThread "Finalizer" daemon [_thread_blocked, id=8888, stack(0x01bc0000,0x01c10000)]
  0x01920400 JavaThread "Reference Handler" daemon [_thread_blocked, id=10128, stack(0x01d00000,0x01d50000)]
  0x017dc800 JavaThread "main" [_thread_in_native, id=9672, stack(0x01710000,0x01760000)]

Other Threads:
  0x0191f000 VMThread [stack: 0x01b40000,0x01b90000] [id=9596]
  0x0198c800 WatcherThread [stack: 0x01f80000,0x01fd0000] [id=8048]

VM state:not at safepoint (normal execution)

VM Mutex/Monitor currently owned by a thread: None

Heap
 def new generation   total 4928K, used 739K [0x04000000, 0x04550000, 0x09550000)
  eden space 4416K,  16% used [0x04000000, 0x040b8c80, 0x04450000)
  from space 512K,   0% used [0x04450000, 0x04450000, 0x044d0000)
  to   space 512K,   0% used [0x044d0000, 0x044d0000, 0x04550000)
 tenured generation   total 10944K, used 0K [0x09550000, 0x0a000000, 0x14000000)
   the space 10944K,   0% used [0x09550000, 0x09550000, 0x09550200, 0x0a000000)
 compacting perm gen  total 12288K, used 1994K [0x14000000, 0x14c00000, 0x18000000)
   the space 12288K,  16% used [0x14000000, 0x141f2878, 0x141f2a00, 0x14c00000)
No shared spaces configured.

Card table byte_map: [0x01860000,0x01910000] byte_map_base: 0x01840000

Polling page: 0x000e0000

Code Cache  [0x02000000, 0x020a0000, 0x04000000)
 total_blobs=146 nmethods=21 adapters=71 free_code_cache=32154Kb largest_free_block=32926144

Compilation events (10 events):
Event: 0.157 Thread 0x01976800   16             java.lang.CharacterDataLatin1::toLowerCase (39 bytes)
Event: 0.157 Thread 0x01976800 nmethod 16 0x020983c8 code [0x020984c0, 0x020985a0]
Event: 0.157 Thread 0x01976800   17             java.lang.AbstractStringBuilder::append (29 bytes)
Event: 0.157 Thread 0x01976800 nmethod 17 0x02098688 code [0x02098790, 0x0209888c]
Event: 0.161 Thread 0x01976800   19             java.io.BufferedInputStream::getBufIfOpen (21 bytes)
Event: 0.161 Thread 0x01976800 nmethod 19 0x02098988 code [0x02098a90, 0x02098b8c]
Event: 0.161 Thread 0x01976800   20  s          java.io.BufferedInputStream::read (49 bytes)
Event: 0.161 Thread 0x01976800 nmethod 20 0x02098c48 code [0x02098d70, 0x02099068]
Event: 0.163 Thread 0x01976800   21             java.lang.String::length (6 bytes)
Event: 0.163 Thread 0x01976800 nmethod 21 0x02099448 code [0x02099540, 0x020995d0]

GC Heap History (0 events):
No events

Deoptimization events (0 events):
No events

Internal exceptions (6 events):
Event: 0.034 Thread 0x017dc800 Threw 0x0400fc50 at C:\re\jdk7u45\229\hotspot\src\share\vm\prims\jni.cpp:3991
Event: 0.136 Thread 0x017dc800 Threw 0x040676f8 at C:\re\jdk7u45\229\hotspot\src\share\vm\prims\jvm.cpp:1244
Event: 0.155 Thread 0x017dc800 Threw 0x0408a0d0 at C:\re\jdk7u45\229\hotspot\src\share\vm\prims\jvm.cpp:1244
Event: 0.155 Thread 0x017dc800 Threw 0x0408a1e8 at C:\re\jdk7u45\229\hotspot\src\share\vm\prims\jvm.cpp:1244
Event: 0.155 Thread 0x017dc800 Threw 0x040a3548 at C:\re\jdk7u45\229\hotspot\src\share\vm\prims\jvm.cpp:1244
Event: 0.155 Thread 0x017dc800 Threw 0x040a3660 at C:\re\jdk7u45\229\hotspot\src\share\vm\prims\jvm.cpp:1244

Events (10 events):
Event: 0.163 loading class 0x019b9788
Event: 0.163 loading class 0x019b9788 done
Event: 4.226 Executing VM operation: EnableBiasedLocking
Event: 4.226 Executing VM operation: EnableBiasedLocking done
Event: 98.475 Executing VM operation: RedefineClasses
Event: 98.475 Executing VM operation: RedefineClasses done
Event: 98.494 Executing VM operation: ChangeBreakpoints
Event: 98.494 Executing VM operation: ChangeBreakpoints done
Event: 1094.869 Executing VM operation: RedefineClasses
Event: 1094.869 Executing VM operation: RedefineClasses done


Dynamic libraries:
0x00070000 - 0x0009f000 	C:\Program Files\Java\jre7\bin\javaw.exe
0x77550000 - 0x7768c000 	C:\Windows\SYSTEM32\ntdll.dll
0x77030000 - 0x77104000 	C:\Windows\system32\kernel32.dll
0x75790000 - 0x757da000 	C:\Windows\system32\KERNELBASE.dll
0x76a40000 - 0x76ae0000 	C:\Windows\system32\ADVAPI32.dll
0x76870000 - 0x7691c000 	C:\Windows\system32\msvcrt.dll
0x76ee0000 - 0x76ef9000 	C:\Windows\SYSTEM32\sechost.dll
0x76ae0000 - 0x76b81000 	C:\Windows\system32\RPCRT4.dll
0x76b90000 - 0x76c59000 	C:\Windows\system32\USER32.dll
0x77730000 - 0x7777e000 	C:\Windows\system32\GDI32.dll
0x76960000 - 0x7696a000 	C:\Windows\system32\LPK.dll
0x76f00000 - 0x76f9d000 	C:\Windows\system32\USP10.dll
0x74ae0000 - 0x74c7e000 	C:\Windows\WinSxS\x86_microsoft.windows.common-controls_6595b64144ccf1df_6.0.7601.17514_none_41e6975e2bd6f2b2\COMCTL32.dll
0x76fa0000 - 0x76ff7000 	C:\Windows\system32\SHLWAPI.dll
0x77000000 - 0x7701f000 	C:\Windows\system32\IMM32.DLL
0x76970000 - 0x76a3c000 	C:\Windows\system32\MSCTF.dll
0x54e40000 - 0x54eff000 	C:\Program Files\Java\jre7\bin\msvcr100.dll
0x6e0c0000 - 0x6e440000 	C:\Program Files\Java\jre7\bin\client\jvm.dll
0x6f400000 - 0x6f407000 	C:\Windows\system32\WSOCK32.dll
0x76920000 - 0x76955000 	C:\Windows\system32\WS2_32.dll
0x77690000 - 0x77696000 	C:\Windows\system32\NSI.dll
0x734c0000 - 0x734f2000 	C:\Windows\system32\WINMM.dll
0x75b90000 - 0x75b95000 	C:\Windows\system32\PSAPI.DLL
0x6a980000 - 0x6a98c000 	C:\Program Files\Java\jre7\bin\verify.dll
0x6a930000 - 0x6a950000 	C:\Program Files\Java\jre7\bin\java.dll
0x668c0000 - 0x668ea000 	C:\Program Files\Java\jre7\bin\jdwp.dll
0x6a920000 - 0x6a927000 	C:\Program Files\Java\jre7\bin\npt.dll
0x6a6b0000 - 0x6a6c3000 	C:\Program Files\Java\jre7\bin\zip.dll
0x6a960000 - 0x6a968000 	C:\Program Files\Java\jre7\bin\dt_socket.dll
0x737b0000 - 0x737c0000 	C:\Windows\system32\NLAapi.dll
0x66620000 - 0x66630000 	C:\Windows\system32\napinsp.dll
0x66600000 - 0x66612000 	C:\Windows\system32\pnrpnsp.dll
0x74e80000 - 0x74ebc000 	C:\Windows\System32\mswsock.dll
0x74d40000 - 0x74d84000 	C:\Windows\system32\DNSAPI.dll
0x665f0000 - 0x665f8000 	C:\Windows\System32\winrnr.dll
0x6ebf0000 - 0x6ec11000 	C:\Program Files\Bonjour\mdnsNSP.dll
0x73130000 - 0x7314c000 	C:\Windows\system32\Iphlpapi.DLL
0x73120000 - 0x73127000 	C:\Windows\system32\WINNSI.DLL
0x72fa0000 - 0x72fd8000 	C:\Windows\System32\fwpuclnt.dll
0x6ebe0000 - 0x6ebe6000 	C:\Windows\system32\rasadhlp.dll
0x74780000 - 0x74785000 	C:\Windows\System32\wshtcpip.dll
0x5f5a0000 - 0x5f68b000 	C:\Windows\system32\dbghelp.dll

VM Arguments:
jvm_args: -agentlib:jdwp=transport=dt_socket,suspend=y,address=localhost:59126 -Dfile.encoding=Cp1251 
java_command: O_541
Launcher Type: SUN_STANDARD

Environment Variables:
PATH=C:/Program Files/Java/jre7/bin/client;C:/Program Files/Java/jre7/bin;C:/Program Files/Java/jre7/lib/i386;C:\Windows\system32;C:\Windows;C:\Windows\System32\Wbem;C:\Windows\System32\WindowsPowerShell\v1.0\;C:\Program Files\Skype\Phone\;D:\програмирование\eclipse;
USERNAME=noname
OS=Windows_NT
PROCESSOR_IDENTIFIER=x86 Family 6 Model 42 Stepping 7, GenuineIntel



---------------  S Y S T E M  ---------------

OS: Windows 7 Build 7601 Service Pack 1

CPU:total 4 (2 cores per cpu, 2 threads per core) family 6 model 42 stepping 7, cmov, cx8, fxsr, mmx, sse, sse2, sse3, ssse3, sse4.1, sse4.2, popcnt, avx, ht, tsc, tscinvbit

Memory: 4k page, physical 3659004k(1519964k free), swap 7316252k(2755704k free)

vm_info: Java HotSpot(TM) Client VM (24.45-b08) for windows-x86 JRE (1.7.0_45-b18), built on Oct  8 2013 06:02:43 by "java_re" with unknown MS VC++:1600

time: Tue Sep 19 22:20:07 2017
elapsed time: 1094 seconds

