#
# A fatal error has been detected by the Java Runtime Environment:
#
#  EXCEPTION_ACCESS_VIOLATION (0xc0000005) at pc=0x6e1c54ec, pid=6832, tid=1536
#
# JRE version: Java(TM) SE Runtime Environment (7.0_45-b18) (build 1.7.0_45-b18)
# Java VM: Java HotSpot(TM) Client VM (24.45-b08 mixed mode windows-x86 )
# Problematic frame:
# V  [jvm.dll+0x1054ec]
#
# Failed to write core dump. Minidumps are not enabled by default on client versions of Windows
#
# If you would like to submit a bug report, please visit:
#   http://bugreport.sun.com/bugreport/crash.jsp
#

---------------  T H R E A D  ---------------

Current thread (0x018d7800):  JavaThread "JDWP Transport Listener: dt_socket" daemon [_thread_in_vm, id=1536, stack(0x18310000,0x18360000)]

siginfo: ExceptionCode=0xc0000005, writing address 0x51945630

Registers:
EAX=0x0191d9bc, EBX=0x14000180, ECX=0x01945030, EDX=0x01700178
ESP=0x1835f3f4, EBP=0x1835f42c, ESI=0x14193ad8, EDI=0x00000028
EIP=0x6e1c54ec, EFLAGS=0x00010246

Top of Stack: (sp=0x1835f3f4)
0x1835f3f4:   0157ebc0 0406eb98 00000000 018d7800
0x1835f404:   018d5940 018d7cd0 018d7cd8 018d80c4
0x1835f414:   000003ec 1835f690 018d7d0c 00000007
0x1835f424:   00000000 01945030 1835f460 6e2c8eff
0x1835f434:   018d7cd8 1835f488 1835f484 1835f4e8
0x1835f444:   018cae08 018d7800 00000000 00000000
0x1835f454:   00000000 018d7800 018d7800 1835f48c
0x1835f464:   668c449d 0157ebc0 018cae08 1835f488 

Instructions: (pc=0x6e1c54ec)
0x6e1c54cc:   76 14 8b 76 10 50 51 8b cc 56 e8 45 ef ef ff e8
0x6e1c54dc:   60 f5 f9 ff 8b 4d fc 83 c4 08 83 c7 04 ff 4d f8
0x6e1c54ec:   89 04 99 75 a6 eb 53 85 f6 7e 55 bb 0c 00 00 00
0x6e1c54fc:   8b f8 2b d8 89 75 f8 8b 45 08 85 c0 74 02 8b 00 


Register to memory mapping:

EAX=0x0191d9bc is a weak global jni handle
EBX=0x14000180 is an oop
{other class} 
 - klass: {other class}
ECX=0x01945030 is an unknown value
EDX=0x01700178 is an unknown value
ESP=0x1835f3f4 is pointing into the stack for thread: 0x018d7800
EBP=0x1835f42c is pointing into the stack for thread: 0x018d7800
ESI=0x14193ad8 is an oop
{instance class} 
 - klass: {other class}
EDI=0x00000028 is an unknown value


Stack: [0x18310000,0x18360000],  sp=0x1835f3f4,  free space=316k
Native frames: (J=compiled Java code, j=interpreted, Vv=VM code, C=native code)
V  [jvm.dll+0x1054ec]
V  [jvm.dll+0x208eff]
C  [jdwp.dll+0x449d]
C  [jdwp.dll+0x451e]


---------------  P R O C E S S  ---------------

Java Threads: ( => current thread )
  0x018edc00 JavaThread "Service Thread" daemon [_thread_blocked, id=1312, stack(0x01ee0000,0x01f30000)]
  0x018eb000 JavaThread "C1 CompilerThread0" daemon [_thread_blocked, id=6308, stack(0x185c0000,0x18610000)]
  0x018dac00 JavaThread "JDWP Command Reader" daemon [_thread_in_native, id=7556, stack(0x01e10000,0x01e60000)]
  0x018d9c00 JavaThread "JDWP Event Helper Thread" daemon [_thread_blocked, id=8020, stack(0x184c0000,0x18510000)]
=>0x018d7800 JavaThread "JDWP Transport Listener: dt_socket" daemon [_thread_in_vm, id=1536, stack(0x18310000,0x18360000)]
  0x018c4c00 JavaThread "Attach Listener" daemon [_thread_blocked, id=448, stack(0x01dc0000,0x01e10000)]
  0x018c1c00 JavaThread "Signal Dispatcher" daemon [_thread_blocked, id=6240, stack(0x01b40000,0x01b90000)]
  0x01895800 JavaThread "Finalizer" daemon [_thread_blocked, id=5892, stack(0x01d60000,0x01db0000)]
  0x01890400 JavaThread "Reference Handler" daemon [_thread_blocked, id=4832, stack(0x01cd0000,0x01d20000)]
  0x0170c800 JavaThread "main" [_thread_in_native, id=680, stack(0x01780000,0x017d0000)]

Other Threads:
  0x0188f000 VMThread [stack: 0x01b90000,0x01be0000] [id=3952]
  0x01908c00 WatcherThread [stack: 0x18650000,0x186a0000] [id=8168]

VM state:not at safepoint (normal execution)

VM Mutex/Monitor currently owned by a thread: None

Heap
 def new generation   total 4928K, used 739K [0x04000000, 0x04550000, 0x09550000)
  eden space 4416K,  16% used [0x04000000, 0x040b8e88, 0x04450000)
  from space 512K,   0% used [0x04450000, 0x04450000, 0x044d0000)
  to   space 512K,   0% used [0x044d0000, 0x044d0000, 0x04550000)
 tenured generation   total 10944K, used 0K [0x09550000, 0x0a000000, 0x14000000)
   the space 10944K,   0% used [0x09550000, 0x09550000, 0x09550200, 0x0a000000)
 compacting perm gen  total 12288K, used 2125K [0x14000000, 0x14c00000, 0x18000000)
   the space 12288K,  17% used [0x14000000, 0x142134c8, 0x14213600, 0x14c00000)
No shared spaces configured.

Card table byte_map: [0x017d0000,0x01880000] byte_map_base: 0x017b0000

Polling page: 0x00190000

Code Cache  [0x02000000, 0x020a0000, 0x04000000)
 total_blobs=146 nmethods=21 adapters=71 free_code_cache=32154Kb largest_free_block=32926144

Compilation events (10 events):
Event: 0.144 Thread 0x018eb000   16             java.lang.CharacterDataLatin1::toLowerCase (39 bytes)
Event: 0.144 Thread 0x018eb000 nmethod 16 0x02098288 code [0x02098380, 0x02098460]
Event: 0.144 Thread 0x018eb000   17             java.lang.AbstractStringBuilder::append (29 bytes)
Event: 0.145 Thread 0x018eb000 nmethod 17 0x02098548 code [0x02098650, 0x0209874c]
Event: 0.148 Thread 0x018eb000   19             java.io.BufferedInputStream::getBufIfOpen (21 bytes)
Event: 0.148 Thread 0x018eb000 nmethod 19 0x02098988 code [0x02098a90, 0x02098b8c]
Event: 0.148 Thread 0x018eb000   20  s          java.io.BufferedInputStream::read (49 bytes)
Event: 0.148 Thread 0x018eb000 nmethod 20 0x02098c48 code [0x02098d70, 0x02099068]
Event: 0.150 Thread 0x018eb000   21             java.lang.String::length (6 bytes)
Event: 0.150 Thread 0x018eb000 nmethod 21 0x02099448 code [0x02099540, 0x020995d0]

GC Heap History (0 events):
No events

Deoptimization events (0 events):
No events

Internal exceptions (6 events):
Event: 0.028 Thread 0x0170c800 Threw 0x0400fc50 at C:\re\jdk7u45\229\hotspot\src\share\vm\prims\jni.cpp:3991
Event: 0.132 Thread 0x0170c800 Threw 0x040676f8 at C:\re\jdk7u45\229\hotspot\src\share\vm\prims\jvm.cpp:1244
Event: 0.144 Thread 0x0170c800 Threw 0x040888d0 at C:\re\jdk7u45\229\hotspot\src\share\vm\prims\jvm.cpp:1244
Event: 0.144 Thread 0x0170c800 Threw 0x040889e8 at C:\re\jdk7u45\229\hotspot\src\share\vm\prims\jvm.cpp:1244
Event: 0.144 Thread 0x0170c800 Threw 0x0408bbc8 at C:\re\jdk7u45\229\hotspot\src\share\vm\prims\jvm.cpp:1244
Event: 0.144 Thread 0x0170c800 Threw 0x0408bce0 at C:\re\jdk7u45\229\hotspot\src\share\vm\prims\jvm.cpp:1244

Events (10 events):
Event: 4972.350 Executing VM operation: ChangeBreakpoints
Event: 4972.350 Executing VM operation: ChangeBreakpoints done
Event: 13481.945 Executing VM operation: RedefineClasses
Event: 13481.946 Executing VM operation: RedefineClasses done
Event: 13706.633 Executing VM operation: RedefineClasses
Event: 13706.643 Executing VM operation: RedefineClasses done
Event: 13881.640 Executing VM operation: RedefineClasses
Event: 13881.640 Executing VM operation: RedefineClasses done
Event: 14615.176 Executing VM operation: RedefineClasses
Event: 14615.177 Executing VM operation: RedefineClasses done


Dynamic libraries:
0x00070000 - 0x0009f000 	C:\Program Files\Java\jre7\bin\javaw.exe
0x77550000 - 0x7768c000 	C:\Windows\SYSTEM32\ntdll.dll
0x77030000 - 0x77104000 	C:\Windows\system32\kernel32.dll
0x75790000 - 0x757da000 	C:\Windows\system32\KERNELBASE.dll
0x76a40000 - 0x76ae0000 	C:\Windows\system32\ADVAPI32.dll
0x76870000 - 0x7691c000 	C:\Windows\system32\msvcrt.dll
0x76ee0000 - 0x76ef9000 	C:\Windows\SYSTEM32\sechost.dll
0x76ae0000 - 0x76b81000 	C:\Windows\system32\RPCRT4.dll
0x76b90000 - 0x76c59000 	C:\Windows\system32\USER32.dll
0x77730000 - 0x7777e000 	C:\Windows\system32\GDI32.dll
0x76960000 - 0x7696a000 	C:\Windows\system32\LPK.dll
0x76f00000 - 0x76f9d000 	C:\Windows\system32\USP10.dll
0x74ae0000 - 0x74c7e000 	C:\Windows\WinSxS\x86_microsoft.windows.common-controls_6595b64144ccf1df_6.0.7601.17514_none_41e6975e2bd6f2b2\COMCTL32.dll
0x76fa0000 - 0x76ff7000 	C:\Windows\system32\SHLWAPI.dll
0x77000000 - 0x7701f000 	C:\Windows\system32\IMM32.DLL
0x76970000 - 0x76a3c000 	C:\Windows\system32\MSCTF.dll
0x54e40000 - 0x54eff000 	C:\Program Files\Java\jre7\bin\msvcr100.dll
0x6e0c0000 - 0x6e440000 	C:\Program Files\Java\jre7\bin\client\jvm.dll
0x6f400000 - 0x6f407000 	C:\Windows\system32\WSOCK32.dll
0x76920000 - 0x76955000 	C:\Windows\system32\WS2_32.dll
0x77690000 - 0x77696000 	C:\Windows\system32\NSI.dll
0x734c0000 - 0x734f2000 	C:\Windows\system32\WINMM.dll
0x75b90000 - 0x75b95000 	C:\Windows\system32\PSAPI.DLL
0x6a980000 - 0x6a98c000 	C:\Program Files\Java\jre7\bin\verify.dll
0x6a930000 - 0x6a950000 	C:\Program Files\Java\jre7\bin\java.dll
0x668c0000 - 0x668ea000 	C:\Program Files\Java\jre7\bin\jdwp.dll
0x6a920000 - 0x6a927000 	C:\Program Files\Java\jre7\bin\npt.dll
0x6a6b0000 - 0x6a6c3000 	C:\Program Files\Java\jre7\bin\zip.dll
0x6a960000 - 0x6a968000 	C:\Program Files\Java\jre7\bin\dt_socket.dll
0x737b0000 - 0x737c0000 	C:\Windows\system32\NLAapi.dll
0x66620000 - 0x66630000 	C:\Windows\system32\napinsp.dll
0x66600000 - 0x66612000 	C:\Windows\system32\pnrpnsp.dll
0x74e80000 - 0x74ebc000 	C:\Windows\System32\mswsock.dll
0x74d40000 - 0x74d84000 	C:\Windows\system32\DNSAPI.dll
0x665f0000 - 0x665f8000 	C:\Windows\System32\winrnr.dll
0x6ebf0000 - 0x6ec11000 	C:\Program Files\Bonjour\mdnsNSP.dll
0x73130000 - 0x7314c000 	C:\Windows\system32\Iphlpapi.DLL
0x73120000 - 0x73127000 	C:\Windows\system32\WINNSI.DLL
0x72fa0000 - 0x72fd8000 	C:\Windows\System32\fwpuclnt.dll
0x6ebe0000 - 0x6ebe6000 	C:\Windows\system32\rasadhlp.dll
0x74780000 - 0x74785000 	C:\Windows\System32\wshtcpip.dll
0x5f5a0000 - 0x5f68b000 	C:\Windows\system32\dbghelp.dll

VM Arguments:
jvm_args: -agentlib:jdwp=transport=dt_socket,suspend=y,address=localhost:55895 -Dfile.encoding=Cp1251 
java_command: O_541
Launcher Type: SUN_STANDARD

Environment Variables:
PATH=C:/Program Files/Java/jre7/bin/client;C:/Program Files/Java/jre7/bin;C:/Program Files/Java/jre7/lib/i386;C:\Windows\system32;C:\Windows;C:\Windows\System32\Wbem;C:\Windows\System32\WindowsPowerShell\v1.0\;C:\Program Files\Skype\Phone\;D:\програмирование\eclipse;
USERNAME=noname
OS=Windows_NT
PROCESSOR_IDENTIFIER=x86 Family 6 Model 42 Stepping 7, GenuineIntel



---------------  S Y S T E M  ---------------

OS: Windows 7 Build 7601 Service Pack 1

CPU:total 4 (2 cores per cpu, 2 threads per core) family 6 model 42 stepping 7, cmov, cx8, fxsr, mmx, sse, sse2, sse3, ssse3, sse4.1, sse4.2, popcnt, avx, ht, tsc, tscinvbit

Memory: 4k page, physical 3659004k(1695512k free), swap 7316252k(2957544k free)

vm_info: Java HotSpot(TM) Client VM (24.45-b08) for windows-x86 JRE (1.7.0_45-b18), built on Oct  8 2013 06:02:43 by "java_re" with unknown MS VC++:1600

time: Tue Sep 19 21:36:43 2017
elapsed time: 14615 seconds

