#
# A fatal error has been detected by the Java Runtime Environment:
#
#  EXCEPTION_ACCESS_VIOLATION (0xc0000005) at pc=0x50bcd35b, pid=4844, tid=4924
#
# JRE version: Java(TM) SE Runtime Environment (7.0_45-b18) (build 1.7.0_45-b18)
# Java VM: Java HotSpot(TM) Client VM (24.45-b08 mixed mode windows-x86 )
# Problematic frame:
# V  [jvm.dll+0xdd35b]
#
# Failed to write core dump. Minidumps are not enabled by default on client versions of Windows
#
# If you would like to submit a bug report, please visit:
#   http://bugreport.sun.com/bugreport/crash.jsp
#

---------------  T H R E A D  ---------------

Current thread (0x01933800):  JavaThread "JDWP Transport Listener: dt_socket" daemon [_thread_in_vm, id=4924, stack(0x18310000,0x18360000)]

siginfo: ExceptionCode=0xc0000005, reading address 0x0000003b

Registers:
EAX=0x0000003b, EBX=0x00000000, ECX=0x0000003b, EDX=0x00000000
ESP=0x1835fb44, EBP=0x1835fb48, ESI=0x0110ead8, EDI=0x1835fc28
EIP=0x50bcd35b, EFLAGS=0x00010202

Top of Stack: (sp=0x1835fb44)
0x1835fb44:   0110ead8 1835fb70 50cfe04a 0000003b
0x1835fb54:   1835fbab 01933800 00000000 00000000
0x1835fb64:   00000000 01933800 01933800 1835fbac
0x1835fb74:   6aab9d9d 0110ead8 0000003b 1835fbab
0x1835fb84:   0000003b 6aaa436d 0000003b 1835fbab
0x1835fb94:   00000003 00000000 00000000 00000009
0x1835fba4:   00000000 00926af8 1835fbcc 6aaa44e0
0x1835fbb4:   00000001 1835fbe8 1835fc24 0199edd0 

Instructions: (pc=0x50bcd35b)
0x50bcd33b:   89 4f 04 8b 56 0c 89 57 08 8b 46 10 89 47 0c 5f
0x50bcd34b:   5e 5d c2 0c 00 55 8b ec 8b 45 08 56 85 c0 74 28
0x50bcd35b:   8b 30 85 f6 74 22 81 fe fe fe fe fe 74 1a 8b 4e
0x50bcd36b:   04 8b 41 08 8b 90 90 00 00 00 83 c1 08 ff d2 84 


Register to memory mapping:

EAX=0x0000003b is an unknown value
EBX=0x00000000 is an unknown value
ECX=0x0000003b is an unknown value
EDX=0x00000000 is an unknown value
ESP=0x1835fb44 is pointing into the stack for thread: 0x01933800
EBP=0x1835fb48 is pointing into the stack for thread: 0x01933800
ESI=0x0110ead8 is an unknown value
EDI=0x1835fc28 is pointing into the stack for thread: 0x01933800


Stack: [0x18310000,0x18360000],  sp=0x1835fb44,  free space=318k
Native frames: (J=compiled Java code, j=interpreted, Vv=VM code, C=native code)
V  [jvm.dll+0xdd35b]
V  [jvm.dll+0x20e04a]
C  [jdwp.dll+0x19d9d]
C  [jdwp.dll+0x44e0]
C  [jdwp.dll+0x451e]


---------------  P R O C E S S  ---------------

Java Threads: ( => current thread )
  0x01952800 JavaThread "Service Thread" daemon [_thread_blocked, id=5476, stack(0x186f0000,0x18740000)]
  0x01947800 JavaThread "C1 CompilerThread0" daemon [_thread_blocked, id=4672, stack(0x18580000,0x185d0000)]
  0x01936c00 JavaThread "JDWP Command Reader" daemon [_thread_in_native, id=3996, stack(0x183a0000,0x183f0000)]
  0x01935800 JavaThread "JDWP Event Helper Thread" daemon [_thread_blocked, id=5768, stack(0x18460000,0x184b0000)]
=>0x01933800 JavaThread "JDWP Transport Listener: dt_socket" daemon [_thread_in_vm, id=4924, stack(0x18310000,0x18360000)]
  0x01924c00 JavaThread "Attach Listener" daemon [_thread_blocked, id=5408, stack(0x01dc0000,0x01e10000)]
  0x01921800 JavaThread "Signal Dispatcher" daemon [_thread_blocked, id=4312, stack(0x01d10000,0x01d60000)]
  0x018f5400 JavaThread "Finalizer" daemon [_thread_blocked, id=1696, stack(0x01250000,0x012a0000)]
  0x018f0400 JavaThread "Reference Handler" daemon [_thread_blocked, id=5692, stack(0x01ca0000,0x01cf0000)]
  0x010ec000 JavaThread "main" [_thread_blocked, id=4444, stack(0x017e0000,0x01830000)]

Other Threads:
  0x018ef000 VMThread [stack: 0x01bd0000,0x01c20000] [id=4904]
  0x01954000 WatcherThread [stack: 0x01c40000,0x01c90000] [id=5004]

VM state:not at safepoint (normal execution)

VM Mutex/Monitor currently owned by a thread: None

Heap
 def new generation   total 4928K, used 755K [0x04000000, 0x04550000, 0x09550000)
  eden space 4416K,  17% used [0x04000000, 0x040bce98, 0x04450000)
  from space 512K,   0% used [0x04450000, 0x04450000, 0x044d0000)
  to   space 512K,   0% used [0x044d0000, 0x044d0000, 0x04550000)
 tenured generation   total 10944K, used 0K [0x09550000, 0x0a000000, 0x14000000)
   the space 10944K,   0% used [0x09550000, 0x09550000, 0x09550200, 0x0a000000)
 compacting perm gen  total 12288K, used 1924K [0x14000000, 0x14c00000, 0x18000000)
   the space 12288K,  15% used [0x14000000, 0x141e1210, 0x141e1400, 0x14c00000)
No shared spaces configured.

Card table byte_map: [0x01830000,0x018e0000] byte_map_base: 0x01810000

Polling page: 0x01060000

Code Cache  [0x02000000, 0x020a0000, 0x04000000)
 total_blobs=143 nmethods=20 adapters=69 free_code_cache=32155Kb largest_free_block=32927296

Compilation events (10 events):
Event: 0.134 Thread 0x01947800   15             java.lang.String::lastIndexOf (52 bytes)
Event: 0.134 Thread 0x01947800 nmethod 15 0x02097ac8 code [0x02097bd0, 0x02097cec]
Event: 0.134 Thread 0x01947800   16             java.lang.AbstractStringBuilder::ensureCapacityInternal (16 bytes)
Event: 0.134 Thread 0x01947800 nmethod 16 0x02097dc8 code [0x02097ed0, 0x02097f8c]
Event: 0.134 Thread 0x01947800   17             java.lang.AbstractStringBuilder::append (29 bytes)
Event: 0.134 Thread 0x01947800 nmethod 17 0x02098008 code [0x02098110, 0x0209820c]
Event: 0.138 Thread 0x01947800   18             java.io.BufferedInputStream::getBufIfOpen (21 bytes)
Event: 0.138 Thread 0x01947800 nmethod 18 0x02098448 code [0x02098550, 0x0209864c]
Event: 0.138 Thread 0x01947800   19  s          java.io.BufferedInputStream::read (49 bytes)
Event: 0.138 Thread 0x01947800 nmethod 19 0x020989c8 code [0x02098af0, 0x02098de8]

GC Heap History (0 events):
No events

Deoptimization events (0 events):
No events

Internal exceptions (6 events):
Event: 0.023 Thread 0x010ec000 Threw 0x0400fc50 at C:\re\jdk7u45\229\hotspot\src\share\vm\prims\jni.cpp:3991
Event: 0.116 Thread 0x010ec000 Threw 0x04061e38 at C:\re\jdk7u45\229\hotspot\src\share\vm\prims\jvm.cpp:1244
Event: 0.134 Thread 0x010ec000 Threw 0x04083b58 at C:\re\jdk7u45\229\hotspot\src\share\vm\prims\jvm.cpp:1244
Event: 0.134 Thread 0x010ec000 Threw 0x04083c70 at C:\re\jdk7u45\229\hotspot\src\share\vm\prims\jvm.cpp:1244
Event: 0.134 Thread 0x010ec000 Threw 0x04086e50 at C:\re\jdk7u45\229\hotspot\src\share\vm\prims\jvm.cpp:1244
Event: 0.134 Thread 0x010ec000 Threw 0x04086f68 at C:\re\jdk7u45\229\hotspot\src\share\vm\prims\jvm.cpp:1244

Events (10 events):
Event: 374.559 Executing VM operation: RedefineClasses
Event: 374.560 Executing VM operation: RedefineClasses done
Event: 374.569 Executing VM operation: ChangeBreakpoints
Event: 374.569 Executing VM operation: ChangeBreakpoints done
Event: 2221.599 Executing VM operation: RedefineClasses
Event: 2221.599 Executing VM operation: RedefineClasses done
Event: 2221.605 Executing VM operation: ChangeBreakpoints
Event: 2221.605 Executing VM operation: ChangeBreakpoints done
Event: 4576.473 Executing VM operation: RedefineClasses
Event: 4576.473 Executing VM operation: RedefineClasses done


Dynamic libraries:
0x012a0000 - 0x012cf000 	C:\Program Files\Java\jre7\bin\javaw.exe
0x77200000 - 0x7733c000 	C:\Windows\SYSTEM32\ntdll.dll
0x75e20000 - 0x75ef4000 	C:\Windows\system32\kernel32.dll
0x75590000 - 0x755da000 	C:\Windows\system32\KERNELBASE.dll
0x759a0000 - 0x75a40000 	C:\Windows\system32\ADVAPI32.dll
0x75be0000 - 0x75c8c000 	C:\Windows\system32\msvcrt.dll
0x77340000 - 0x77359000 	C:\Windows\SYSTEM32\sechost.dll
0x75690000 - 0x75731000 	C:\Windows\system32\RPCRT4.dll
0x757a0000 - 0x75869000 	C:\Windows\system32\USER32.dll
0x75740000 - 0x7578e000 	C:\Windows\system32\GDI32.dll
0x75870000 - 0x7587a000 	C:\Windows\system32\LPK.dll
0x77390000 - 0x7742d000 	C:\Windows\system32\USP10.dll
0x74310000 - 0x744ae000 	C:\Windows\WinSxS\x86_microsoft.windows.common-controls_6595b64144ccf1df_6.0.7601.17514_none_41e6975e2bd6f2b2\COMCTL32.dll
0x75ad0000 - 0x75b27000 	C:\Windows\system32\SHLWAPI.dll
0x77360000 - 0x7737f000 	C:\Windows\system32\IMM32.DLL
0x764e0000 - 0x765ac000 	C:\Windows\system32\MSCTF.dll
0x51e00000 - 0x51ebf000 	C:\Program Files\Java\jre7\bin\msvcr100.dll
0x50af0000 - 0x50e70000 	C:\Program Files\Java\jre7\bin\client\jvm.dll
0x73960000 - 0x73967000 	C:\Windows\system32\WSOCK32.dll
0x75d80000 - 0x75db5000 	C:\Windows\system32\WS2_32.dll
0x75ce0000 - 0x75ce6000 	C:\Windows\system32\NSI.dll
0x72bf0000 - 0x72c22000 	C:\Windows\system32\WINMM.dll
0x75790000 - 0x75795000 	C:\Windows\system32\PSAPI.DLL
0x72700000 - 0x7270c000 	C:\Program Files\Java\jre7\bin\verify.dll
0x72660000 - 0x72680000 	C:\Program Files\Java\jre7\bin\java.dll
0x6aaa0000 - 0x6aaca000 	C:\Program Files\Java\jre7\bin\jdwp.dll
0x6aa90000 - 0x6aa97000 	C:\Program Files\Java\jre7\bin\npt.dll
0x6ae50000 - 0x6ae63000 	C:\Program Files\Java\jre7\bin\zip.dll
0x726f0000 - 0x726f8000 	C:\Program Files\Java\jre7\bin\dt_socket.dll
0x73790000 - 0x737a0000 	C:\Windows\system32\NLAapi.dll
0x67300000 - 0x67310000 	C:\Windows\system32\napinsp.dll
0x672e0000 - 0x672f2000 	C:\Windows\system32\pnrpnsp.dll
0x74dd0000 - 0x74e0c000 	C:\Windows\System32\mswsock.dll
0x74c90000 - 0x74cd4000 	C:\Windows\system32\DNSAPI.dll
0x672d0000 - 0x672d8000 	C:\Windows\System32\winrnr.dll
0x733e0000 - 0x733fc000 	C:\Windows\system32\IPHLPAPI.DLL
0x733d0000 - 0x733d7000 	C:\Windows\system32\WINNSI.DLL
0x732a0000 - 0x732d8000 	C:\Windows\System32\fwpuclnt.dll
0x6bde0000 - 0x6bde6000 	C:\Windows\system32\rasadhlp.dll
0x74910000 - 0x74915000 	C:\Windows\System32\wshtcpip.dll
0x5d360000 - 0x5d44b000 	C:\Windows\system32\dbghelp.dll

VM Arguments:
jvm_args: -agentlib:jdwp=transport=dt_socket,suspend=y,address=localhost:51763 -Dfile.encoding=Cp1251 
java_command: stroka2
Launcher Type: SUN_STANDARD

Environment Variables:
PATH=C:/Program Files/Java/jre7/bin/client;C:/Program Files/Java/jre7/bin;C:/Program Files/Java/jre7/lib/i386;C:\Windows\system32;C:\Windows;C:\Windows\System32\Wbem;C:\Windows\System32\WindowsPowerShell\v1.0\;D:\програмирование\eclipse;
USERNAME=noname
OS=Windows_NT
PROCESSOR_IDENTIFIER=x86 Family 6 Model 42 Stepping 7, GenuineIntel



---------------  S Y S T E M  ---------------

OS: Windows 7 Build 7601 Service Pack 1

CPU:total 4 (2 cores per cpu, 2 threads per core) family 6 model 42 stepping 7, cmov, cx8, fxsr, mmx, sse, sse2, sse3, ssse3, sse4.1, sse4.2, popcnt, avx, ht, tsc, tscinvbit

Memory: 4k page, physical 3659004k(1005116k free), swap 7316252k(2315728k free)

vm_info: Java HotSpot(TM) Client VM (24.45-b08) for windows-x86 JRE (1.7.0_45-b18), built on Oct  8 2013 06:02:43 by "java_re" with unknown MS VC++:1600

time: Tue Apr 25 23:55:35 2017
elapsed time: 4576 seconds

