#
# A fatal error has been detected by the Java Runtime Environment:
#
#  EXCEPTION_ACCESS_VIOLATION (0xc0000005) at pc=0x51bbd35b, pid=5008, tid=5948
#
# JRE version: Java(TM) SE Runtime Environment (7.0_45-b18) (build 1.7.0_45-b18)
# Java VM: Java HotSpot(TM) Client VM (24.45-b08 mixed mode windows-x86 )
# Problematic frame:
# V  [jvm.dll+0xdd35b]
#
# Failed to write core dump. Minidumps are not enabled by default on client versions of Windows
#
# If you would like to submit a bug report, please visit:
#   http://bugreport.sun.com/bugreport/crash.jsp
#

---------------  T H R E A D  ---------------

Current thread (0x01913c00):  JavaThread "JDWP Transport Listener: dt_socket" daemon [_thread_in_vm, id=5948, stack(0x01e20000,0x01e70000)]

siginfo: ExceptionCode=0xc0000005, reading address 0x00000008

Registers:
EAX=0x00000008, EBX=0x00000000, ECX=0x00000008, EDX=0x00000000
ESP=0x01e6f814, EBP=0x01e6f818, ESI=0x0099ead8, EDI=0x01e6f8f8
EIP=0x51bbd35b, EFLAGS=0x00010202

Top of Stack: (sp=0x01e6f814)
0x01e6f814:   0099ead8 01e6f840 51cee04a 00000008
0x01e6f824:   01e6f87b 01913c00 00000000 00000000
0x01e6f834:   00000000 01913c00 01913c00 01e6f87c
0x01e6f844:   73fc9d9d 0099ead8 00000008 01e6f87b
0x01e6f854:   00000008 73fb436d 00000008 01e6f87b
0x01e6f864:   00000003 00000000 00000000 0000000a
0x01e6f874:   00000000 00907980 01e6f89c 73fb44e0
0x01e6f884:   00000001 01e6f8b8 01e6f8f4 0198e930 

Instructions: (pc=0x51bbd35b)
0x51bbd33b:   89 4f 04 8b 56 0c 89 57 08 8b 46 10 89 47 0c 5f
0x51bbd34b:   5e 5d c2 0c 00 55 8b ec 8b 45 08 56 85 c0 74 28
0x51bbd35b:   8b 30 85 f6 74 22 81 fe fe fe fe fe 74 1a 8b 4e
0x51bbd36b:   04 8b 41 08 8b 90 90 00 00 00 83 c1 08 ff d2 84 


Register to memory mapping:

EAX=0x00000008 is an unknown value
EBX=0x00000000 is an unknown value
ECX=0x00000008 is an unknown value
EDX=0x00000000 is an unknown value
ESP=0x01e6f814 is pointing into the stack for thread: 0x01913c00
EBP=0x01e6f818 is pointing into the stack for thread: 0x01913c00
ESI=0x0099ead8 is an unknown value
EDI=0x01e6f8f8 is pointing into the stack for thread: 0x01913c00


Stack: [0x01e20000,0x01e70000],  sp=0x01e6f814,  free space=318k
Native frames: (J=compiled Java code, j=interpreted, Vv=VM code, C=native code)
V  [jvm.dll+0xdd35b]
V  [jvm.dll+0x20e04a]
C  [jdwp.dll+0x19d9d]
C  [jdwp.dll+0x44e0]
C  [jdwp.dll+0x451e]


---------------  P R O C E S S  ---------------

Java Threads: ( => current thread )
  0x0192e000 JavaThread "Service Thread" daemon [_thread_blocked, id=6052, stack(0x18700000,0x18750000)]
  0x01927400 JavaThread "C1 CompilerThread0" daemon [_thread_blocked, id=4884, stack(0x182f0000,0x18340000)]
  0x01916c00 JavaThread "JDWP Command Reader" daemon [_thread_in_native, id=5828, stack(0x18500000,0x18550000)]
  0x01915800 JavaThread "JDWP Event Helper Thread" daemon [_thread_blocked, id=2204, stack(0x01d10000,0x01d60000)]
=>0x01913c00 JavaThread "JDWP Transport Listener: dt_socket" daemon [_thread_in_vm, id=5948, stack(0x01e20000,0x01e70000)]
  0x01904c00 JavaThread "Attach Listener" daemon [_thread_blocked, id=5708, stack(0x01ea0000,0x01ef0000)]
  0x01901800 JavaThread "Signal Dispatcher" daemon [_thread_blocked, id=4416, stack(0x01d70000,0x01dc0000)]
  0x018d1c00 JavaThread "Finalizer" daemon [_thread_blocked, id=3212, stack(0x01c40000,0x01c90000)]
  0x018d0400 JavaThread "Reference Handler" daemon [_thread_blocked, id=5732, stack(0x01ad0000,0x01b20000)]
  0x0036c000 JavaThread "main" [_thread_blocked, id=3824, stack(0x017a0000,0x017f0000)]

Other Threads:
  0x018cf000 VMThread [stack: 0x01b80000,0x01bd0000] [id=5912]
  0x0193fc00 WatcherThread [stack: 0x01ca0000,0x01cf0000] [id=3552]

VM state:not at safepoint (normal execution)

VM Mutex/Monitor currently owned by a thread: None

Heap
 def new generation   total 4928K, used 755K [0x04000000, 0x04550000, 0x09550000)
  eden space 4416K,  17% used [0x04000000, 0x040bce78, 0x04450000)
  from space 512K,   0% used [0x04450000, 0x04450000, 0x044d0000)
  to   space 512K,   0% used [0x044d0000, 0x044d0000, 0x04550000)
 tenured generation   total 10944K, used 0K [0x09550000, 0x0a000000, 0x14000000)
   the space 10944K,   0% used [0x09550000, 0x09550000, 0x09550200, 0x0a000000)
 compacting perm gen  total 12288K, used 1913K [0x14000000, 0x14c00000, 0x18000000)
   the space 12288K,  15% used [0x14000000, 0x141de4c8, 0x141de600, 0x14c00000)
No shared spaces configured.

Card table byte_map: [0x016e0000,0x01790000] byte_map_base: 0x016c0000

Polling page: 0x00170000

Code Cache  [0x02000000, 0x020a0000, 0x04000000)
 total_blobs=143 nmethods=20 adapters=69 free_code_cache=32155Kb largest_free_block=32927296

Compilation events (10 events):
Event: 0.156 Thread 0x01927400   15             java.lang.String::lastIndexOf (52 bytes)
Event: 0.156 Thread 0x01927400 nmethod 15 0x02097ac8 code [0x02097bd0, 0x02097cec]
Event: 0.156 Thread 0x01927400   16             java.lang.AbstractStringBuilder::ensureCapacityInternal (16 bytes)
Event: 0.156 Thread 0x01927400 nmethod 16 0x02097dc8 code [0x02097ed0, 0x02097f8c]
Event: 0.156 Thread 0x01927400   17             java.lang.AbstractStringBuilder::append (29 bytes)
Event: 0.156 Thread 0x01927400 nmethod 17 0x02098008 code [0x02098110, 0x0209820c]
Event: 0.162 Thread 0x01927400   18             java.io.BufferedInputStream::getBufIfOpen (21 bytes)
Event: 0.163 Thread 0x01927400 nmethod 18 0x02098448 code [0x02098550, 0x0209864c]
Event: 0.163 Thread 0x01927400   19  s          java.io.BufferedInputStream::read (49 bytes)
Event: 0.163 Thread 0x01927400 nmethod 19 0x020989c8 code [0x02098af0, 0x02098de8]

GC Heap History (0 events):
No events

Deoptimization events (0 events):
No events

Internal exceptions (6 events):
Event: 0.032 Thread 0x0036c000 Threw 0x0400fc50 at C:\re\jdk7u45\229\hotspot\src\share\vm\prims\jni.cpp:3991
Event: 0.129 Thread 0x0036c000 Threw 0x04061dc0 at C:\re\jdk7u45\229\hotspot\src\share\vm\prims\jvm.cpp:1244
Event: 0.156 Thread 0x0036c000 Threw 0x04083ab0 at C:\re\jdk7u45\229\hotspot\src\share\vm\prims\jvm.cpp:1244
Event: 0.156 Thread 0x0036c000 Threw 0x04083bc8 at C:\re\jdk7u45\229\hotspot\src\share\vm\prims\jvm.cpp:1244
Event: 0.157 Thread 0x0036c000 Threw 0x04086da8 at C:\re\jdk7u45\229\hotspot\src\share\vm\prims\jvm.cpp:1244
Event: 0.157 Thread 0x0036c000 Threw 0x04086ec0 at C:\re\jdk7u45\229\hotspot\src\share\vm\prims\jvm.cpp:1244

Events (10 events):
Event: 434.506 Executing VM operation: GetOrSetLocal
Event: 434.507 Executing VM operation: GetOrSetLocal done
Event: 434.507 Executing VM operation: GetOrSetLocal
Event: 434.507 Executing VM operation: GetOrSetLocal done
Event: 434.515 Executing VM operation: GetOrSetLocal
Event: 434.515 Executing VM operation: GetOrSetLocal done
Event: 434.515 Executing VM operation: GetOrSetLocal
Event: 434.515 Executing VM operation: GetOrSetLocal done
Event: 552.630 Executing VM operation: RedefineClasses
Event: 552.630 Executing VM operation: RedefineClasses done


Dynamic libraries:
0x00ab0000 - 0x00adf000 	C:\Program Files\Java\jre7\bin\javaw.exe
0x77910000 - 0x77a4c000 	C:\Windows\SYSTEM32\ntdll.dll
0x76890000 - 0x76964000 	C:\Windows\system32\kernel32.dll
0x75c40000 - 0x75c8a000 	C:\Windows\system32\KERNELBASE.dll
0x765e0000 - 0x76680000 	C:\Windows\system32\ADVAPI32.dll
0x75da0000 - 0x75e4c000 	C:\Windows\system32\msvcrt.dll
0x75e60000 - 0x75e79000 	C:\Windows\SYSTEM32\sechost.dll
0x76370000 - 0x76411000 	C:\Windows\system32\RPCRT4.dll
0x76a90000 - 0x76b59000 	C:\Windows\system32\USER32.dll
0x76840000 - 0x7688e000 	C:\Windows\system32\GDI32.dll
0x75e50000 - 0x75e5a000 	C:\Windows\system32\LPK.dll
0x760c0000 - 0x7615d000 	C:\Windows\system32\USP10.dll
0x74ea0000 - 0x7503e000 	C:\Windows\WinSxS\x86_microsoft.windows.common-controls_6595b64144ccf1df_6.0.7601.17514_none_41e6975e2bd6f2b2\COMCTL32.dll
0x77ad0000 - 0x77b27000 	C:\Windows\system32\SHLWAPI.dll
0x76020000 - 0x7603f000 	C:\Windows\system32\IMM32.DLL
0x766c0000 - 0x7678c000 	C:\Windows\system32\MSCTF.dll
0x65cc0000 - 0x65d7f000 	C:\Program Files\Java\jre7\bin\msvcr100.dll
0x51ae0000 - 0x51e60000 	C:\Program Files\Java\jre7\bin\client\jvm.dll
0x68e90000 - 0x68e97000 	C:\Windows\system32\WSOCK32.dll
0x76680000 - 0x766b5000 	C:\Windows\system32\WS2_32.dll
0x76790000 - 0x76796000 	C:\Windows\system32\NSI.dll
0x73240000 - 0x73272000 	C:\Windows\system32\WINMM.dll
0x77b30000 - 0x77b35000 	C:\Windows\system32\PSAPI.DLL
0x52110000 - 0x5211c000 	C:\Program Files\Java\jre7\bin\verify.dll
0x520f0000 - 0x52110000 	C:\Program Files\Java\jre7\bin\java.dll
0x73fb0000 - 0x73fda000 	C:\Program Files\Java\jre7\bin\jdwp.dll
0x73fa0000 - 0x73fa7000 	C:\Program Files\Java\jre7\bin\npt.dll
0x520d0000 - 0x520e3000 	C:\Program Files\Java\jre7\bin\zip.dll
0x73f90000 - 0x73f98000 	C:\Program Files\Java\jre7\bin\dt_socket.dll
0x73b70000 - 0x73b80000 	C:\Windows\system32\NLAapi.dll
0x73cf0000 - 0x73d00000 	C:\Windows\system32\napinsp.dll
0x723b0000 - 0x723c2000 	C:\Windows\system32\pnrpnsp.dll
0x75240000 - 0x7527c000 	C:\Windows\System32\mswsock.dll
0x75100000 - 0x75144000 	C:\Windows\system32\DNSAPI.dll
0x723a0000 - 0x723a8000 	C:\Windows\System32\winrnr.dll
0x73910000 - 0x7392c000 	C:\Windows\system32\IPHLPAPI.DLL
0x73900000 - 0x73907000 	C:\Windows\system32\WINNSI.DLL
0x737c0000 - 0x737f8000 	C:\Windows\System32\fwpuclnt.dll
0x6c060000 - 0x6c066000 	C:\Windows\system32\rasadhlp.dll
0x74b40000 - 0x74b45000 	C:\Windows\System32\wshtcpip.dll
0x5b260000 - 0x5b34b000 	C:\Windows\system32\dbghelp.dll

VM Arguments:
jvm_args: -agentlib:jdwp=transport=dt_socket,suspend=y,address=localhost:52773 -Dfile.encoding=Cp1251 
java_command: O_143_
Launcher Type: SUN_STANDARD

Environment Variables:
PATH=C:/Program Files/Java/jre7/bin/client;C:/Program Files/Java/jre7/bin;C:/Program Files/Java/jre7/lib/i386;C:\Windows\system32;C:\Windows;C:\Windows\System32\Wbem;C:\Windows\System32\WindowsPowerShell\v1.0\;D:\програмирование\eclipse;
USERNAME=noname
OS=Windows_NT
PROCESSOR_IDENTIFIER=x86 Family 6 Model 42 Stepping 7, GenuineIntel



---------------  S Y S T E M  ---------------

OS: Windows 7 Build 7601 Service Pack 1

CPU:total 4 (2 cores per cpu, 2 threads per core) family 6 model 42 stepping 7, cmov, cx8, fxsr, mmx, sse, sse2, sse3, ssse3, sse4.1, sse4.2, popcnt, avx, ht, tsc, tscinvbit

Memory: 4k page, physical 3659004k(1523220k free), swap 7316252k(4297984k free)

vm_info: Java HotSpot(TM) Client VM (24.45-b08) for windows-x86 JRE (1.7.0_45-b18), built on Oct  8 2013 06:02:43 by "java_re" with unknown MS VC++:1600

time: Tue Jun 06 21:31:39 2017
elapsed time: 552 seconds

