#
# A fatal error has been detected by the Java Runtime Environment:
#
#  EXCEPTION_ACCESS_VIOLATION (0xc0000005) at pc=0x6dd754ec, pid=4672, tid=2256
#
# JRE version: Java(TM) SE Runtime Environment (7.0_45-b18) (build 1.7.0_45-b18)
# Java VM: Java HotSpot(TM) Client VM (24.45-b08 mixed mode windows-x86 )
# Problematic frame:
# V  [jvm.dll+0x1054ec]
#
# Failed to write core dump. Minidumps are not enabled by default on client versions of Windows
#
# If you would like to submit a bug report, please visit:
#   http://bugreport.sun.com/bugreport/crash.jsp
#

---------------  T H R E A D  ---------------

Current thread (0x01943800):  JavaThread "JDWP Transport Listener: dt_socket" daemon [_thread_in_vm, id=2256, stack(0x01bf0000,0x01c40000)]

siginfo: ExceptionCode=0xc0000005, writing address 0x519847e0

Registers:
EAX=0x01936b34, EBX=0x14000180, ECX=0x019841e0, EDX=0x00000000
ESP=0x01c3f6a4, EBP=0x01c3f6dc, ESI=0x141937c8, EDI=0x00000020
EIP=0x6dd754ec, EFLAGS=0x00010246

Top of Stack: (sp=0x01c3f6a4)
0x01c3f6a4:   0180eb20 0406e398 00000000 01943800
0x01c3f6b4:   01941aa8 01943e38 01943e40 0194422c
0x01c3f6c4:   000003ec 01c3f940 01943e64 00000005
0x01c3f6d4:   00000000 019841e0 01c3f710 6de78eff
0x01c3f6e4:   01943e40 01c3f738 01c3f734 01c3f798
0x01c3f6f4:   01936ef8 01943800 00000000 00000000
0x01c3f704:   00000000 01943800 01943800 01c3f73c
0x01c3f714:   6555449d 0180eb20 01936ef8 01c3f738 

Instructions: (pc=0x6dd754ec)
0x6dd754cc:   76 14 8b 76 10 50 51 8b cc 56 e8 45 ef ef ff e8
0x6dd754dc:   60 f5 f9 ff 8b 4d fc 83 c4 08 83 c7 04 ff 4d f8
0x6dd754ec:   89 04 99 75 a6 eb 53 85 f6 7e 55 bb 0c 00 00 00
0x6dd754fc:   8b f8 2b d8 89 75 f8 8b 45 08 85 c0 74 02 8b 00 


Register to memory mapping:

EAX=0x01936b34 is a weak global jni handle
EBX=0x14000180 is an oop
{other class} 
 - klass: {other class}
ECX=0x019841e0 is an unknown value
EDX=0x00000000 is an unknown value
ESP=0x01c3f6a4 is pointing into the stack for thread: 0x01943800
EBP=0x01c3f6dc is pointing into the stack for thread: 0x01943800
ESI=0x141937c8 is an oop
{instance class} 
 - klass: {other class}
EDI=0x00000020 is an unknown value


Stack: [0x01bf0000,0x01c40000],  sp=0x01c3f6a4,  free space=317k
Native frames: (J=compiled Java code, j=interpreted, Vv=VM code, C=native code)
V  [jvm.dll+0x1054ec]
V  [jvm.dll+0x208eff]
C  [jdwp.dll+0x449d]
C  [jdwp.dll+0x451e]


---------------  P R O C E S S  ---------------

Java Threads: ( => current thread )
  0x0195a400 JavaThread "Service Thread" daemon [_thread_blocked, id=4536, stack(0x18710000,0x18760000)]
  0x01957400 JavaThread "C1 CompilerThread0" daemon [_thread_blocked, id=4884, stack(0x186b0000,0x18700000)]
  0x01947000 JavaThread "JDWP Command Reader" daemon [_thread_in_native, id=4648, stack(0x185a0000,0x185f0000)]
  0x01946000 JavaThread "JDWP Event Helper Thread" daemon [_thread_blocked, id=2640, stack(0x01ec0000,0x01f10000)]
=>0x01943800 JavaThread "JDWP Transport Listener: dt_socket" daemon [_thread_in_vm, id=2256, stack(0x01bf0000,0x01c40000)]
  0x01934c00 JavaThread "Attach Listener" daemon [_thread_blocked, id=2212, stack(0x01b00000,0x01b50000)]
  0x01931800 JavaThread "Signal Dispatcher" daemon [_thread_blocked, id=3164, stack(0x01d60000,0x01db0000)]
  0x01905800 JavaThread "Finalizer" daemon [_thread_blocked, id=6120, stack(0x01cb0000,0x01d00000)]
  0x01900400 JavaThread "Reference Handler" daemon [_thread_blocked, id=5112, stack(0x01c60000,0x01cb0000)]
  0x017ec800 JavaThread "main" [_thread_blocked, id=2840, stack(0x01740000,0x01790000)]

Other Threads:
  0x018ff000 VMThread [stack: 0x01b60000,0x01bb0000] [id=4900]
  0x0196c000 WatcherThread [stack: 0x182f0000,0x18340000] [id=6024]

VM state:not at safepoint (normal execution)

VM Mutex/Monitor currently owned by a thread: None

Heap
 def new generation   total 4928K, used 466K [0x04000000, 0x04550000, 0x09550000)
  eden space 4416K,  10% used [0x04000000, 0x04074808, 0x04450000)
  from space 512K,   0% used [0x04450000, 0x04450000, 0x044d0000)
  to   space 512K,   0% used [0x044d0000, 0x044d0000, 0x04550000)
 tenured generation   total 10944K, used 0K [0x09550000, 0x0a000000, 0x14000000)
   the space 10944K,   0% used [0x09550000, 0x09550000, 0x09550200, 0x0a000000)
 compacting perm gen  total 12288K, used 1621K [0x14000000, 0x14c00000, 0x18000000)
   the space 12288K,  13% used [0x14000000, 0x141957f8, 0x14195800, 0x14c00000)
No shared spaces configured.

Card table byte_map: [0x011f0000,0x012a0000] byte_map_base: 0x011d0000

Polling page: 0x000b0000

Code Cache  [0x02000000, 0x02098000, 0x04000000)
 total_blobs=129 nmethods=7 adapters=68 free_code_cache=32187Kb largest_free_block=32959488

Compilation events (10 events):
Event: 0.103 Thread 0x01957400    3             java.lang.String::indexOf (70 bytes)
Event: 0.103 Thread 0x01957400 nmethod 3 0x02090188 code [0x020902a0, 0x020903ec]
Event: 0.104 Thread 0x01957400    4             java.lang.String::equals (81 bytes)
Event: 0.105 Thread 0x01957400 nmethod 4 0x02090548 code [0x02090660, 0x02090800]
Event: 0.108 Thread 0x01957400    5             java.lang.Object::<init> (1 bytes)
Event: 0.108 Thread 0x01957400 nmethod 5 0x02090cc8 code [0x02090dc0, 0x02090e50]
Event: 0.109 Thread 0x01957400    6             java.lang.String::lastIndexOf (52 bytes)
Event: 0.109 Thread 0x01957400 nmethod 6 0x02090ec8 code [0x02090fd0, 0x020910ec]
Event: 0.110 Thread 0x01957400    7             java.lang.AbstractStringBuilder::ensureCapacityInternal (16 bytes)
Event: 0.110 Thread 0x01957400 nmethod 7 0x020911c8 code [0x020912d0, 0x0209138c]

GC Heap History (0 events):
No events

Deoptimization events (0 events):
No events

Internal exceptions (2 events):
Event: 0.019 Thread 0x017ec800 Threw 0x0400fc50 at C:\re\jdk7u45\229\hotspot\src\share\vm\prims\jni.cpp:3991
Event: 0.108 Thread 0x017ec800 Threw 0x040675e8 at C:\re\jdk7u45\229\hotspot\src\share\vm\prims\jvm.cpp:1244

Events (10 events):
Event: 0.115 loading class 0x01834518
Event: 0.115 loading class 0x01834518 done
Event: 4.195 Executing VM operation: EnableBiasedLocking
Event: 4.195 Executing VM operation: EnableBiasedLocking done
Event: 334.032 Executing VM operation: RedefineClasses
Event: 334.032 Executing VM operation: RedefineClasses done
Event: 334.036 Executing VM operation: ChangeBreakpoints
Event: 334.036 Executing VM operation: ChangeBreakpoints done
Event: 4263.383 Executing VM operation: RedefineClasses
Event: 4263.383 Executing VM operation: RedefineClasses done


Dynamic libraries:
0x000c0000 - 0x000ef000 	C:\Program Files\Java\jre7\bin\javaw.exe
0x77ba0000 - 0x77cdc000 	C:\Windows\SYSTEM32\ntdll.dll
0x766f0000 - 0x767c4000 	C:\Windows\system32\kernel32.dll
0x75db0000 - 0x75dfa000 	C:\Windows\system32\KERNELBASE.dll
0x76bf0000 - 0x76c90000 	C:\Windows\system32\ADVAPI32.dll
0x77990000 - 0x77a3c000 	C:\Windows\system32\msvcrt.dll
0x76bd0000 - 0x76be9000 	C:\Windows\SYSTEM32\sechost.dll
0x778e0000 - 0x77981000 	C:\Windows\system32\RPCRT4.dll
0x765a0000 - 0x76669000 	C:\Windows\system32\USER32.dll
0x769c0000 - 0x76a0e000 	C:\Windows\system32\GDI32.dll
0x77cf0000 - 0x77cfa000 	C:\Windows\system32\LPK.dll
0x76190000 - 0x7622d000 	C:\Windows\system32\USP10.dll
0x75130000 - 0x752ce000 	C:\Windows\WinSxS\x86_microsoft.windows.common-controls_6595b64144ccf1df_6.0.7601.17514_none_41e6975e2bd6f2b2\COMCTL32.dll
0x77d70000 - 0x77dc7000 	C:\Windows\system32\SHLWAPI.dll
0x77d10000 - 0x77d2f000 	C:\Windows\system32\IMM32.DLL
0x76860000 - 0x7692c000 	C:\Windows\system32\MSCTF.dll
0x5f340000 - 0x5f3ff000 	C:\Program Files\Java\jre7\bin\msvcr100.dll
0x6dc70000 - 0x6dff0000 	C:\Program Files\Java\jre7\bin\client\jvm.dll
0x70e40000 - 0x70e47000 	C:\Windows\system32\WSOCK32.dll
0x76150000 - 0x76185000 	C:\Windows\system32\WS2_32.dll
0x77d30000 - 0x77d36000 	C:\Windows\system32\NSI.dll
0x733a0000 - 0x733d2000 	C:\Windows\system32\WINMM.dll
0x77d00000 - 0x77d05000 	C:\Windows\system32\PSAPI.DLL
0x65d50000 - 0x65d5c000 	C:\Program Files\Java\jre7\bin\verify.dll
0x65640000 - 0x65660000 	C:\Program Files\Java\jre7\bin\java.dll
0x65550000 - 0x6557a000 	C:\Program Files\Java\jre7\bin\jdwp.dll
0x66470000 - 0x66477000 	C:\Program Files\Java\jre7\bin\npt.dll
0x65660000 - 0x65673000 	C:\Program Files\Java\jre7\bin\zip.dll
0x65690000 - 0x65698000 	C:\Program Files\Java\jre7\bin\dt_socket.dll
0x73e00000 - 0x73e10000 	C:\Windows\system32\NLAapi.dll
0x63280000 - 0x63290000 	C:\Windows\system32\napinsp.dll
0x63260000 - 0x63272000 	C:\Windows\system32\pnrpnsp.dll
0x754d0000 - 0x7550c000 	C:\Windows\System32\mswsock.dll
0x75390000 - 0x753d4000 	C:\Windows\system32\DNSAPI.dll
0x63250000 - 0x63258000 	C:\Windows\System32\winrnr.dll
0x67180000 - 0x671a1000 	C:\Program Files\Bonjour\mdnsNSP.dll
0x73ba0000 - 0x73bbc000 	C:\Windows\system32\Iphlpapi.DLL
0x73b90000 - 0x73b97000 	C:\Windows\system32\WINNSI.DLL
0x73a50000 - 0x73a88000 	C:\Windows\System32\fwpuclnt.dll
0x67160000 - 0x67166000 	C:\Windows\system32\rasadhlp.dll
0x74dd0000 - 0x74dd5000 	C:\Windows\System32\wshtcpip.dll
0x630b0000 - 0x6319b000 	C:\Windows\system32\dbghelp.dll

VM Arguments:
jvm_args: -agentlib:jdwp=transport=dt_socket,suspend=y,address=localhost:50221 -Dfile.encoding=Cp1251 
java_command: O_658
Launcher Type: SUN_STANDARD

Environment Variables:
PATH=C:/Program Files/Java/jre7/bin/client;C:/Program Files/Java/jre7/bin;C:/Program Files/Java/jre7/lib/i386;C:\Windows\system32;C:\Windows;C:\Windows\System32\Wbem;C:\Windows\System32\WindowsPowerShell\v1.0\;D:\програмирование\eclipse;
USERNAME=noname
OS=Windows_NT
PROCESSOR_IDENTIFIER=x86 Family 6 Model 42 Stepping 7, GenuineIntel



---------------  S Y S T E M  ---------------

OS: Windows 7 Build 7601 Service Pack 1

CPU:total 4 (2 cores per cpu, 2 threads per core) family 6 model 42 stepping 7, cmov, cx8, fxsr, mmx, sse, sse2, sse3, ssse3, sse4.1, sse4.2, popcnt, avx, ht, tsc, tscinvbit

Memory: 4k page, physical 3659004k(1533004k free), swap 7316252k(4777116k free)

vm_info: Java HotSpot(TM) Client VM (24.45-b08) for windows-x86 JRE (1.7.0_45-b18), built on Oct  8 2013 06:02:43 by "java_re" with unknown MS VC++:1600

time: Mon Aug 21 13:32:04 2017
elapsed time: 4263 seconds

