#
# A fatal error has been detected by the Java Runtime Environment:
#
#  EXCEPTION_ACCESS_VIOLATION (0xc0000005) at pc=0x57a3d35b, pid=4396, tid=4868
#
# JRE version: Java(TM) SE Runtime Environment (7.0_45-b18) (build 1.7.0_45-b18)
# Java VM: Java HotSpot(TM) Client VM (24.45-b08 mixed mode windows-x86 )
# Problematic frame:
# V  [jvm.dll+0xdd35b]
#
# Failed to write core dump. Minidumps are not enabled by default on client versions of Windows
#
# If you would like to submit a bug report, please visit:
#   http://bugreport.sun.com/bugreport/crash.jsp
#

---------------  T H R E A D  ---------------

Current thread (0x01943c00):  JavaThread "JDWP Transport Listener: dt_socket" daemon [_thread_in_vm, id=4868, stack(0x183d0000,0x18420000)]

siginfo: ExceptionCode=0xc0000005, reading address 0x3b3e3b56

Registers:
EAX=0x3b3e3b56, EBX=0x00000000, ECX=0x3b3e3b56, EDX=0x00000000
ESP=0x1841f644, EBP=0x1841f648, ESI=0x016eeae8, EDI=0x1841f728
EIP=0x57a3d35b, EFLAGS=0x00010206

Top of Stack: (sp=0x1841f644)
0x1841f644:   016eeae8 1841f670 57b6e04a 3b3e3b56
0x1841f654:   1841f6ab 01943c00 00000000 00000000
0x1841f664:   00000000 01943c00 01943c00 1841f6ac
0x1841f674:   72929d9d 016eeae8 3b3e3b56 1841f6ab
0x1841f684:   3b3e3b56 7291436d 3b3e3b56 1841f6ab
0x1841f694:   00000012 00000000 00000000 0000000a
0x1841f6a4:   00000000 00938ab0 1841f6cc 729144e0
0x1841f6b4:   00000001 1841f6e8 1841f724 019b2ac0 

Instructions: (pc=0x57a3d35b)
0x57a3d33b:   89 4f 04 8b 56 0c 89 57 08 8b 46 10 89 47 0c 5f
0x57a3d34b:   5e 5d c2 0c 00 55 8b ec 8b 45 08 56 85 c0 74 28
0x57a3d35b:   8b 30 85 f6 74 22 81 fe fe fe fe fe 74 1a 8b 4e
0x57a3d36b:   04 8b 41 08 8b 90 90 00 00 00 83 c1 08 ff d2 84 


Register to memory mapping:

EAX=0x3b3e3b56 is an unknown value
EBX=0x00000000 is an unknown value
ECX=0x3b3e3b56 is an unknown value
EDX=0x00000000 is an unknown value
ESP=0x1841f644 is pointing into the stack for thread: 0x01943c00
EBP=0x1841f648 is pointing into the stack for thread: 0x01943c00
ESI=0x016eeae8 is an unknown value
EDI=0x1841f728 is pointing into the stack for thread: 0x01943c00


Stack: [0x183d0000,0x18420000],  sp=0x1841f644,  free space=317k
Native frames: (J=compiled Java code, j=interpreted, Vv=VM code, C=native code)
V  [jvm.dll+0xdd35b]
V  [jvm.dll+0x20e04a]
C  [jdwp.dll+0x19d9d]
C  [jdwp.dll+0x44e0]
C  [jdwp.dll+0x451e]


---------------  P R O C E S S  ---------------

Java Threads: ( => current thread )
  0x0195a400 JavaThread "Service Thread" daemon [_thread_blocked, id=516, stack(0x01b50000,0x01ba0000)]
  0x01957400 JavaThread "C1 CompilerThread0" daemon [_thread_blocked, id=4584, stack(0x18620000,0x18670000)]
  0x0194c000 JavaThread "JDWP Command Reader" daemon [_thread_in_native, id=5884, stack(0x01ea0000,0x01ef0000)]
  0x01945800 JavaThread "JDWP Event Helper Thread" daemon [_thread_blocked, id=3424, stack(0x184d0000,0x18520000)]
=>0x01943c00 JavaThread "JDWP Transport Listener: dt_socket" daemon [_thread_in_vm, id=4868, stack(0x183d0000,0x18420000)]
  0x01934c00 JavaThread "Attach Listener" daemon [_thread_blocked, id=5064, stack(0x01c30000,0x01c80000)]
  0x01931c00 JavaThread "Signal Dispatcher" daemon [_thread_blocked, id=4976, stack(0x01e10000,0x01e60000)]
  0x01905800 JavaThread "Finalizer" daemon [_thread_blocked, id=3584, stack(0x01d60000,0x01db0000)]
  0x01900400 JavaThread "Reference Handler" daemon [_thread_blocked, id=5352, stack(0x01cb0000,0x01d00000)]
  0x0118c000 JavaThread "main" [_thread_blocked, id=4944, stack(0x018a0000,0x018f0000)]

Other Threads:
  0x018ff000 VMThread [stack: 0x01b00000,0x01b50000] [id=4824]
  0x0196c000 WatcherThread [stack: 0x18760000,0x187b0000] [id=5312]

VM state:not at safepoint (normal execution)

VM Mutex/Monitor currently owned by a thread: None

Heap
 def new generation   total 4928K, used 830K [0x04000000, 0x04550000, 0x09550000)
  eden space 4416K,  18% used [0x04000000, 0x040cfb20, 0x04450000)
  from space 512K,   0% used [0x04450000, 0x04450000, 0x044d0000)
  to   space 512K,   0% used [0x044d0000, 0x044d0000, 0x04550000)
 tenured generation   total 10944K, used 0K [0x09550000, 0x0a000000, 0x14000000)
   the space 10944K,   0% used [0x09550000, 0x09550000, 0x09550200, 0x0a000000)
 compacting perm gen  total 12288K, used 2072K [0x14000000, 0x14c00000, 0x18000000)
   the space 12288K,  16% used [0x14000000, 0x142062d0, 0x14206400, 0x14c00000)
No shared spaces configured.

Card table byte_map: [0x017d0000,0x01880000] byte_map_base: 0x017b0000

Polling page: 0x00240000

Code Cache  [0x02000000, 0x020a0000, 0x04000000)
 total_blobs=154 nmethods=25 adapters=75 free_code_cache=32148Kb largest_free_block=32920512

Compilation events (10 events):
Event: 0.161 Thread 0x01957400   21             java.util.regex.Pattern::has (15 bytes)
Event: 0.161 Thread 0x01957400 nmethod 21 0x02099588 code [0x02099680, 0x02099710]
Event: 1.601 Thread 0x01957400   22             java.util.regex.Matcher::reset (83 bytes)
Event: 1.602 Thread 0x01957400 nmethod 22 0x02099748 code [0x02099860, 0x020999bc]
Event: 2.577 Thread 0x01957400   23             java.util.regex.Matcher::usePattern (98 bytes)
Event: 2.577 Thread 0x01957400 nmethod 23 0x02099b88 code [0x02099cb0, 0x02099f8c]
Event: 4.526 Thread 0x01957400   24             java.lang.String::startsWith (72 bytes)
Event: 4.526 Thread 0x01957400 nmethod 24 0x0209a248 code [0x0209a350, 0x0209a4a0]
Event: 19.394 Thread 0x01957400   25             java.lang.String::length (6 bytes)
Event: 19.394 Thread 0x01957400 nmethod 25 0x0209a688 code [0x0209a780, 0x0209a810]

GC Heap History (0 events):
No events

Deoptimization events (0 events):
No events

Internal exceptions (7 events):
Event: 0.045 Thread 0x0118c000 Threw 0x0400fc70 at C:\re\jdk7u45\229\hotspot\src\share\vm\prims\jni.cpp:3991
Event: 0.124 Thread 0x0118c000 Threw 0x04061ff8 at C:\re\jdk7u45\229\hotspot\src\share\vm\prims\jvm.cpp:1244
Event: 0.151 Thread 0x0118c000 Threw 0x04088538 at C:\re\jdk7u45\229\hotspot\src\share\vm\prims\jvm.cpp:1244
Event: 0.151 Thread 0x0118c000 Threw 0x04088650 at C:\re\jdk7u45\229\hotspot\src\share\vm\prims\jvm.cpp:1244
Event: 0.152 Thread 0x0118c000 Threw 0x0408b830 at C:\re\jdk7u45\229\hotspot\src\share\vm\prims\jvm.cpp:1244
Event: 0.152 Thread 0x0118c000 Threw 0x0408b948 at C:\re\jdk7u45\229\hotspot\src\share\vm\prims\jvm.cpp:1244
Event: 4.526 Thread 0x0118c000 Threw 0x040baeb0 at C:\re\jdk7u45\229\hotspot\src\share\vm\prims\jvm.cpp:1244

Events (10 events):
Event: 45.814 Executing VM operation: GetOrSetLocal
Event: 45.814 Executing VM operation: GetOrSetLocal done
Event: 83.190 Executing VM operation: RedefineClasses
Event: 83.191 Executing VM operation: RedefineClasses done
Event: 83.206 Executing VM operation: ChangeBreakpoints
Event: 83.206 Executing VM operation: ChangeBreakpoints done
Event: 83.213 Executing VM operation: ChangeBreakpoints
Event: 83.213 Executing VM operation: ChangeBreakpoints done
Event: 612.579 Executing VM operation: RedefineClasses
Event: 612.579 Executing VM operation: RedefineClasses done


Dynamic libraries:
0x012a0000 - 0x012cf000 	C:\Program Files\Java\jre7\bin\javaw.exe
0x77cf0000 - 0x77e2c000 	C:\Windows\SYSTEM32\ntdll.dll
0x76a90000 - 0x76b64000 	C:\Windows\system32\kernel32.dll
0x75f00000 - 0x75f4a000 	C:\Windows\system32\KERNELBASE.dll
0x76f30000 - 0x76fd0000 	C:\Windows\system32\ADVAPI32.dll
0x767f0000 - 0x7689c000 	C:\Windows\system32\msvcrt.dll
0x76180000 - 0x76199000 	C:\Windows\SYSTEM32\sechost.dll
0x76bc0000 - 0x76c61000 	C:\Windows\system32\RPCRT4.dll
0x77c20000 - 0x77ce9000 	C:\Windows\system32\USER32.dll
0x77e60000 - 0x77eae000 	C:\Windows\system32\GDI32.dll
0x77e50000 - 0x77e5a000 	C:\Windows\system32\LPK.dll
0x76750000 - 0x767ed000 	C:\Windows\system32\USP10.dll
0x74d50000 - 0x74eee000 	C:\Windows\WinSxS\x86_microsoft.windows.common-controls_6595b64144ccf1df_6.0.7601.17514_none_41e6975e2bd6f2b2\COMCTL32.dll
0x77eb0000 - 0x77f07000 	C:\Windows\system32\SHLWAPI.dll
0x763e0000 - 0x763ff000 	C:\Windows\system32\IMM32.DLL
0x76680000 - 0x7674c000 	C:\Windows\system32\MSCTF.dll
0x58b10000 - 0x58bcf000 	C:\Program Files\Java\jre7\bin\msvcr100.dll
0x57960000 - 0x57ce0000 	C:\Program Files\Java\jre7\bin\client\jvm.dll
0x64260000 - 0x64267000 	C:\Windows\system32\WSOCK32.dll
0x76c70000 - 0x76ca5000 	C:\Windows\system32\WS2_32.dll
0x77f10000 - 0x77f16000 	C:\Windows\system32\NSI.dll
0x737a0000 - 0x737d2000 	C:\Windows\system32\WINMM.dll
0x77e30000 - 0x77e35000 	C:\Windows\system32\PSAPI.DLL
0x5ac40000 - 0x5ac4c000 	C:\Program Files\Java\jre7\bin\verify.dll
0x58750000 - 0x58770000 	C:\Program Files\Java\jre7\bin\java.dll
0x72910000 - 0x7293a000 	C:\Program Files\Java\jre7\bin\jdwp.dll
0x72bc0000 - 0x72bc7000 	C:\Program Files\Java\jre7\bin\npt.dll
0x589a0000 - 0x589b3000 	C:\Program Files\Java\jre7\bin\zip.dll
0x74d00000 - 0x74d08000 	C:\Program Files\Java\jre7\bin\dt_socket.dll
0x74280000 - 0x74290000 	C:\Windows\system32\NLAapi.dll
0x67990000 - 0x679a0000 	C:\Windows\system32\napinsp.dll
0x67970000 - 0x67982000 	C:\Windows\system32\pnrpnsp.dll
0x758c0000 - 0x758fc000 	C:\Windows\System32\mswsock.dll
0x75780000 - 0x757c4000 	C:\Windows\system32\DNSAPI.dll
0x67960000 - 0x67968000 	C:\Windows\System32\winrnr.dll
0x74010000 - 0x7402c000 	C:\Windows\system32\IPHLPAPI.DLL
0x74000000 - 0x74007000 	C:\Windows\system32\WINNSI.DLL
0x73ed0000 - 0x73f08000 	C:\Windows\System32\fwpuclnt.dll
0x6b5f0000 - 0x6b5f6000 	C:\Windows\system32\rasadhlp.dll
0x75400000 - 0x75405000 	C:\Windows\System32\wshtcpip.dll
0x58f30000 - 0x5901b000 	C:\Windows\system32\dbghelp.dll

VM Arguments:
jvm_args: -agentlib:jdwp=transport=dt_socket,suspend=y,address=localhost:50637 -Dfile.encoding=Cp1251 
java_command: Nebo
Launcher Type: SUN_STANDARD

Environment Variables:
PATH=C:/Program Files/Java/jre7/bin/client;C:/Program Files/Java/jre7/bin;C:/Program Files/Java/jre7/lib/i386;C:\Windows\system32;C:\Windows;C:\Windows\System32\Wbem;C:\Windows\System32\WindowsPowerShell\v1.0\;D:\програмирование\eclipse;
USERNAME=noname
OS=Windows_NT
PROCESSOR_IDENTIFIER=x86 Family 6 Model 42 Stepping 7, GenuineIntel



---------------  S Y S T E M  ---------------

OS: Windows 7 Build 7601 Service Pack 1

CPU:total 4 (2 cores per cpu, 2 threads per core) family 6 model 42 stepping 7, cmov, cx8, fxsr, mmx, sse, sse2, sse3, ssse3, sse4.1, sse4.2, popcnt, avx, ht, tsc, tscinvbit

Memory: 4k page, physical 3659004k(1389560k free), swap 7316252k(4739284k free)

vm_info: Java HotSpot(TM) Client VM (24.45-b08) for windows-x86 JRE (1.7.0_45-b18), built on Oct  8 2013 06:02:43 by "java_re" with unknown MS VC++:1600

time: Sat Apr 15 14:14:27 2017
elapsed time: 612 seconds

