#
# A fatal error has been detected by the Java Runtime Environment:
#
#  EXCEPTION_ACCESS_VIOLATION (0xc0000005) at pc=0x571ed35b, pid=4700, tid=6032
#
# JRE version: Java(TM) SE Runtime Environment (7.0_45-b18) (build 1.7.0_45-b18)
# Java VM: Java HotSpot(TM) Client VM (24.45-b08 mixed mode windows-x86 )
# Problematic frame:
# V  [jvm.dll+0xdd35b]
#
# Failed to write core dump. Minidumps are not enabled by default on client versions of Windows
#
# If you would like to submit a bug report, please visit:
#   http://bugreport.sun.com/bugreport/crash.jsp
#

---------------  T H R E A D  ---------------

Current thread (0x01963800):  JavaThread "JDWP Transport Listener: dt_socket" daemon [_thread_in_vm, id=6032, stack(0x183b0000,0x18400000)]

siginfo: ExceptionCode=0xc0000005, reading address 0x3b5f3436

Registers:
EAX=0x3b5f3436, EBX=0x00000000, ECX=0x3b5f3436, EDX=0x00000000
ESP=0x183ff5b4, EBP=0x183ff5b8, ESI=0x0161ead8, EDI=0x183ff698
EIP=0x571ed35b, EFLAGS=0x00010206

Top of Stack: (sp=0x183ff5b4)
0x183ff5b4:   0161ead8 183ff5e0 5731e04a 3b5f3436
0x183ff5c4:   183ff61b 01963800 00000000 00000000
0x183ff5d4:   00000000 01963800 01963800 183ff61c
0x183ff5e4:   71ce9d9d 0161ead8 3b5f3436 183ff61b
0x183ff5f4:   3b5f3436 71cd436d 3b5f3436 183ff61b
0x183ff604:   00000002 00000000 00000000 00000009
0x183ff614:   00000000 00955e00 183ff63c 71cd44e0
0x183ff624:   00000001 183ff658 183ff694 019d5958 

Instructions: (pc=0x571ed35b)
0x571ed33b:   89 4f 04 8b 56 0c 89 57 08 8b 46 10 89 47 0c 5f
0x571ed34b:   5e 5d c2 0c 00 55 8b ec 8b 45 08 56 85 c0 74 28
0x571ed35b:   8b 30 85 f6 74 22 81 fe fe fe fe fe 74 1a 8b 4e
0x571ed36b:   04 8b 41 08 8b 90 90 00 00 00 83 c1 08 ff d2 84 


Register to memory mapping:

EAX=0x3b5f3436 is an unknown value
EBX=0x00000000 is an unknown value
ECX=0x3b5f3436 is an unknown value
EDX=0x00000000 is an unknown value
ESP=0x183ff5b4 is pointing into the stack for thread: 0x01963800
EBP=0x183ff5b8 is pointing into the stack for thread: 0x01963800
ESI=0x0161ead8 is an unknown value
EDI=0x183ff698 is pointing into the stack for thread: 0x01963800


Stack: [0x183b0000,0x18400000],  sp=0x183ff5b4,  free space=317k
Native frames: (J=compiled Java code, j=interpreted, Vv=VM code, C=native code)
V  [jvm.dll+0xdd35b]
V  [jvm.dll+0x20e04a]
C  [jdwp.dll+0x19d9d]
C  [jdwp.dll+0x44e0]
C  [jdwp.dll+0x451e]


---------------  P R O C E S S  ---------------

Java Threads: ( => current thread )
  0x0197a800 JavaThread "Service Thread" daemon [_thread_blocked, id=1788, stack(0x186c0000,0x18710000)]
  0x01977c00 JavaThread "C1 CompilerThread0" daemon [_thread_blocked, id=4952, stack(0x01f20000,0x01f70000)]
  0x01966c00 JavaThread "JDWP Command Reader" daemon [_thread_in_native, id=4816, stack(0x18600000,0x18650000)]
  0x01965800 JavaThread "JDWP Event Helper Thread" daemon [_thread_blocked, id=3964, stack(0x184b0000,0x18500000)]
=>0x01963800 JavaThread "JDWP Transport Listener: dt_socket" daemon [_thread_in_vm, id=6032, stack(0x183b0000,0x18400000)]
  0x01953c00 JavaThread "Attach Listener" daemon [_thread_blocked, id=1628, stack(0x01dd0000,0x01e20000)]
  0x01950800 JavaThread "Signal Dispatcher" daemon [_thread_blocked, id=4988, stack(0x01b70000,0x01bc0000)]
  0x01921c00 JavaThread "Finalizer" daemon [_thread_blocked, id=5184, stack(0x01700000,0x01750000)]
  0x01920400 JavaThread "Reference Handler" daemon [_thread_blocked, id=4968, stack(0x01c50000,0x01ca0000)]
  0x0175c000 JavaThread "main" [_thread_blocked, id=5004, stack(0x01180000,0x011d0000)]

Other Threads:
  0x0191f000 VMThread [stack: 0x01be0000,0x01c30000] [id=3940]
  0x01984000 WatcherThread [stack: 0x18320000,0x18370000] [id=2520]

VM state:not at safepoint (normal execution)

VM Mutex/Monitor currently owned by a thread: None

Heap
 def new generation   total 4928K, used 731K [0x04000000, 0x04550000, 0x09550000)
  eden space 4416K,  16% used [0x04000000, 0x040b6ce0, 0x04450000)
  from space 512K,   0% used [0x04450000, 0x04450000, 0x044d0000)
  to   space 512K,   0% used [0x044d0000, 0x044d0000, 0x04550000)
 tenured generation   total 10944K, used 0K [0x09550000, 0x0a000000, 0x14000000)
   the space 10944K,   0% used [0x09550000, 0x09550000, 0x09550200, 0x0a000000)
 compacting perm gen  total 12288K, used 1936K [0x14000000, 0x14c00000, 0x18000000)
   the space 12288K,  15% used [0x14000000, 0x141e42f0, 0x141e4400, 0x14c00000)
No shared spaces configured.

Card table byte_map: [0x017e0000,0x01890000] byte_map_base: 0x017c0000

Polling page: 0x00480000

Code Cache  [0x02000000, 0x020a0000, 0x04000000)
 total_blobs=143 nmethods=20 adapters=69 free_code_cache=32155Kb largest_free_block=32927296

Compilation events (10 events):
Event: 0.131 Thread 0x01977c00   15             java.lang.String::lastIndexOf (52 bytes)
Event: 0.131 Thread 0x01977c00 nmethod 15 0x02097ac8 code [0x02097bd0, 0x02097cec]
Event: 0.131 Thread 0x01977c00   16             java.lang.AbstractStringBuilder::ensureCapacityInternal (16 bytes)
Event: 0.131 Thread 0x01977c00 nmethod 16 0x02097dc8 code [0x02097ed0, 0x02097f8c]
Event: 0.131 Thread 0x01977c00   17             java.lang.AbstractStringBuilder::append (29 bytes)
Event: 0.131 Thread 0x01977c00 nmethod 17 0x02098008 code [0x02098110, 0x0209820c]
Event: 0.134 Thread 0x01977c00   18             java.io.BufferedInputStream::getBufIfOpen (21 bytes)
Event: 0.135 Thread 0x01977c00 nmethod 18 0x02098448 code [0x02098550, 0x0209864c]
Event: 0.135 Thread 0x01977c00   19  s          java.io.BufferedInputStream::read (49 bytes)
Event: 0.135 Thread 0x01977c00 nmethod 19 0x020989c8 code [0x02098af0, 0x02098de8]

GC Heap History (0 events):
No events

Deoptimization events (0 events):
No events

Internal exceptions (6 events):
Event: 0.031 Thread 0x0175c000 Threw 0x0400fc50 at C:\re\jdk7u45\229\hotspot\src\share\vm\prims\jni.cpp:3991
Event: 0.110 Thread 0x0175c000 Threw 0x04061e38 at C:\re\jdk7u45\229\hotspot\src\share\vm\prims\jvm.cpp:1244
Event: 0.130 Thread 0x0175c000 Threw 0x04085960 at C:\re\jdk7u45\229\hotspot\src\share\vm\prims\jvm.cpp:1244
Event: 0.130 Thread 0x0175c000 Threw 0x04085a78 at C:\re\jdk7u45\229\hotspot\src\share\vm\prims\jvm.cpp:1244
Event: 0.131 Thread 0x0175c000 Threw 0x04088c58 at C:\re\jdk7u45\229\hotspot\src\share\vm\prims\jvm.cpp:1244
Event: 0.131 Thread 0x0175c000 Threw 0x04088d70 at C:\re\jdk7u45\229\hotspot\src\share\vm\prims\jvm.cpp:1244

Events (10 events):
Event: 1025.607 Executing VM operation: RedefineClasses
Event: 1025.607 Executing VM operation: RedefineClasses done
Event: 1025.632 Executing VM operation: ChangeBreakpoints
Event: 1025.632 Executing VM operation: ChangeBreakpoints done
Event: 1715.506 Executing VM operation: RedefineClasses
Event: 1715.506 Executing VM operation: RedefineClasses done
Event: 1725.817 Executing VM operation: ChangeBreakpoints
Event: 1725.817 Executing VM operation: ChangeBreakpoints done
Event: 3487.101 Executing VM operation: RedefineClasses
Event: 3487.101 Executing VM operation: RedefineClasses done


Dynamic libraries:
0x00080000 - 0x000af000 	C:\Program Files\Java\jre7\bin\javaw.exe
0x77730000 - 0x7786c000 	C:\Windows\SYSTEM32\ntdll.dll
0x75cd0000 - 0x75da4000 	C:\Windows\system32\kernel32.dll
0x75ac0000 - 0x75b0a000 	C:\Windows\system32\KERNELBASE.dll
0x76590000 - 0x76630000 	C:\Windows\system32\ADVAPI32.dll
0x77560000 - 0x7760c000 	C:\Windows\system32\msvcrt.dll
0x761c0000 - 0x761d9000 	C:\Windows\SYSTEM32\sechost.dll
0x75c20000 - 0x75cc1000 	C:\Windows\system32\RPCRT4.dll
0x75f30000 - 0x75ff9000 	C:\Windows\system32\USER32.dll
0x77910000 - 0x7795e000 	C:\Windows\system32\GDI32.dll
0x76420000 - 0x7642a000 	C:\Windows\system32\LPK.dll
0x76380000 - 0x7641d000 	C:\Windows\system32\USP10.dll
0x74cc0000 - 0x74e5e000 	C:\Windows\WinSxS\x86_microsoft.windows.common-controls_6595b64144ccf1df_6.0.7601.17514_none_41e6975e2bd6f2b2\COMCTL32.dll
0x75bc0000 - 0x75c17000 	C:\Windows\system32\SHLWAPI.dll
0x77890000 - 0x778af000 	C:\Windows\system32\IMM32.DLL
0x764c0000 - 0x7658c000 	C:\Windows\system32\MSCTF.dll
0x684e0000 - 0x6859f000 	C:\Program Files\Java\jre7\bin\msvcr100.dll
0x57110000 - 0x57490000 	C:\Program Files\Java\jre7\bin\client\jvm.dll
0x60960000 - 0x60967000 	C:\Windows\system32\WSOCK32.dll
0x76340000 - 0x76375000 	C:\Windows\system32\WS2_32.dll
0x77870000 - 0x77876000 	C:\Windows\system32\NSI.dll
0x73000000 - 0x73032000 	C:\Windows\system32\WINMM.dll
0x778b0000 - 0x778b5000 	C:\Windows\system32\PSAPI.DLL
0x74470000 - 0x7447c000 	C:\Program Files\Java\jre7\bin\verify.dll
0x71e30000 - 0x71e50000 	C:\Program Files\Java\jre7\bin\java.dll
0x71cd0000 - 0x71cfa000 	C:\Program Files\Java\jre7\bin\jdwp.dll
0x71d20000 - 0x71d27000 	C:\Program Files\Java\jre7\bin\npt.dll
0x73640000 - 0x73653000 	C:\Program Files\Java\jre7\bin\zip.dll
0x71d10000 - 0x71d18000 	C:\Program Files\Java\jre7\bin\dt_socket.dll
0x73990000 - 0x739a0000 	C:\Windows\system32\NLAapi.dll
0x680b0000 - 0x680c0000 	C:\Windows\system32\napinsp.dll
0x68090000 - 0x680a2000 	C:\Windows\system32\pnrpnsp.dll
0x75060000 - 0x7509c000 	C:\Windows\System32\mswsock.dll
0x74f20000 - 0x74f64000 	C:\Windows\system32\DNSAPI.dll
0x68080000 - 0x68088000 	C:\Windows\System32\winrnr.dll
0x73720000 - 0x7373c000 	C:\Windows\system32\IPHLPAPI.DLL
0x73710000 - 0x73717000 	C:\Windows\system32\WINNSI.DLL
0x735e0000 - 0x73618000 	C:\Windows\System32\fwpuclnt.dll
0x6e0a0000 - 0x6e0a6000 	C:\Windows\system32\rasadhlp.dll
0x74960000 - 0x74965000 	C:\Windows\System32\wshtcpip.dll
0x719c0000 - 0x71aab000 	C:\Windows\system32\dbghelp.dll

VM Arguments:
jvm_args: -agentlib:jdwp=transport=dt_socket,suspend=y,address=localhost:55032 -Dfile.encoding=Cp1251 
java_command: O_364_
Launcher Type: SUN_STANDARD

Environment Variables:
PATH=C:/Program Files/Java/jre7/bin/client;C:/Program Files/Java/jre7/bin;C:/Program Files/Java/jre7/lib/i386;C:\Windows\system32;C:\Windows;C:\Windows\System32\Wbem;C:\Windows\System32\WindowsPowerShell\v1.0\;D:\програмирование\eclipse;
USERNAME=noname
OS=Windows_NT
PROCESSOR_IDENTIFIER=x86 Family 6 Model 42 Stepping 7, GenuineIntel



---------------  S Y S T E M  ---------------

OS: Windows 7 Build 7601 Service Pack 1

CPU:total 4 (2 cores per cpu, 2 threads per core) family 6 model 42 stepping 7, cmov, cx8, fxsr, mmx, sse, sse2, sse3, ssse3, sse4.1, sse4.2, popcnt, avx, ht, tsc, tscinvbit

Memory: 4k page, physical 3659004k(1033812k free), swap 7316252k(3727856k free)

vm_info: Java HotSpot(TM) Client VM (24.45-b08) for windows-x86 JRE (1.7.0_45-b18), built on Oct  8 2013 06:02:43 by "java_re" with unknown MS VC++:1600

time: Fri Jun 09 00:43:54 2017
elapsed time: 3487 seconds

