#
# A fatal error has been detected by the Java Runtime Environment:
#
#  EXCEPTION_ACCESS_VIOLATION (0xc0000005) at pc=0x571ed35b, pid=5412, tid=5104
#
# JRE version: Java(TM) SE Runtime Environment (7.0_45-b18) (build 1.7.0_45-b18)
# Java VM: Java HotSpot(TM) Client VM (24.45-b08 mixed mode windows-x86 )
# Problematic frame:
# V  [jvm.dll+0xdd35b]
#
# Failed to write core dump. Minidumps are not enabled by default on client versions of Windows
#
# If you would like to submit a bug report, please visit:
#   http://bugreport.sun.com/bugreport/crash.jsp
#

---------------  T H R E A D  ---------------

Current thread (0x0195f400):  JavaThread "JDWP Transport Listener: dt_socket" daemon [_thread_in_vm, id=5104, stack(0x01ea0000,0x01ef0000)]

siginfo: ExceptionCode=0xc0000005, reading address 0x3b72003b

Registers:
EAX=0x3b72003b, EBX=0x00000000, ECX=0x3b72003b, EDX=0x00000000
ESP=0x01eefac4, EBP=0x01eefac8, ESI=0x0176ead8, EDI=0x01eefba8
EIP=0x571ed35b, EFLAGS=0x00010202

Top of Stack: (sp=0x01eefac4)
0x01eefac4:   0176ead8 01eefaf0 5731e04a 3b72003b
0x01eefad4:   01eefb2b 0195f400 00000000 00000000
0x01eefae4:   00000000 0195f400 0195f400 01eefb2c
0x01eefaf4:   71d09d9d 0176ead8 3b72003b 01eefb2b
0x01eefb04:   3b72003b 71cf436d 3b72003b 01eefb2b
0x01eefb14:   0000000a 00000000 00000000 0000000a
0x01eefb24:   00000000 00951874 01eefb4c 71cf44e0
0x01eefb34:   00000001 01eefb68 01eefba4 019cb6f8 

Instructions: (pc=0x571ed35b)
0x571ed33b:   89 4f 04 8b 56 0c 89 57 08 8b 46 10 89 47 0c 5f
0x571ed34b:   5e 5d c2 0c 00 55 8b ec 8b 45 08 56 85 c0 74 28
0x571ed35b:   8b 30 85 f6 74 22 81 fe fe fe fe fe 74 1a 8b 4e
0x571ed36b:   04 8b 41 08 8b 90 90 00 00 00 83 c1 08 ff d2 84 


Register to memory mapping:

EAX=0x3b72003b is an unknown value
EBX=0x00000000 is an unknown value
ECX=0x3b72003b is an unknown value
EDX=0x00000000 is an unknown value
ESP=0x01eefac4 is pointing into the stack for thread: 0x0195f400
EBP=0x01eefac8 is pointing into the stack for thread: 0x0195f400
ESI=0x0176ead8 is an unknown value
EDI=0x01eefba8 is pointing into the stack for thread: 0x0195f400


Stack: [0x01ea0000,0x01ef0000],  sp=0x01eefac4,  free space=318k
Native frames: (J=compiled Java code, j=interpreted, Vv=VM code, C=native code)
V  [jvm.dll+0xdd35b]
V  [jvm.dll+0x20e04a]
C  [jdwp.dll+0x19d9d]
C  [jdwp.dll+0x44e0]
C  [jdwp.dll+0x451e]


---------------  P R O C E S S  ---------------

Java Threads: ( => current thread )
  0x0196e400 JavaThread "Service Thread" daemon [_thread_blocked, id=5260, stack(0x186c0000,0x18710000)]
  0x0196b000 JavaThread "C1 CompilerThread0" daemon [_thread_blocked, id=4384, stack(0x18570000,0x185c0000)]
  0x01960c00 JavaThread "JDWP Command Reader" daemon [_thread_in_native, id=2512, stack(0x184b0000,0x18500000)]
  0x01960400 JavaThread "JDWP Event Helper Thread" daemon [_thread_blocked, id=5732, stack(0x01b30000,0x01b80000)]
=>0x0195f400 JavaThread "JDWP Transport Listener: dt_socket" daemon [_thread_in_vm, id=5104, stack(0x01ea0000,0x01ef0000)]
  0x01944c00 JavaThread "Attach Listener" daemon [_thread_blocked, id=4424, stack(0x01ef0000,0x01f40000)]
  0x01941800 JavaThread "Signal Dispatcher" daemon [_thread_blocked, id=1300, stack(0x01de0000,0x01e30000)]
  0x01915400 JavaThread "Finalizer" daemon [_thread_blocked, id=5700, stack(0x01d60000,0x01db0000)]
  0x01910400 JavaThread "Reference Handler" daemon [_thread_blocked, id=832, stack(0x01cb0000,0x01d00000)]
  0x0120c000 JavaThread "main" [_thread_blocked, id=3912, stack(0x01180000,0x011d0000)]

Other Threads:
  0x0190f000 VMThread [stack: 0x01c40000,0x01c90000] [id=2332]
  0x0197f800 WatcherThread [stack: 0x01f60000,0x01fb0000] [id=3528]

VM state:not at safepoint (normal execution)

VM Mutex/Monitor currently owned by a thread: None

Heap
 def new generation   total 4928K, used 732K [0x04000000, 0x04550000, 0x09550000)
  eden space 4416K,  16% used [0x04000000, 0x040b7230, 0x04450000)
  from space 512K,   0% used [0x04450000, 0x04450000, 0x044d0000)
  to   space 512K,   0% used [0x044d0000, 0x044d0000, 0x04550000)
 tenured generation   total 10944K, used 0K [0x09550000, 0x0a000000, 0x14000000)
   the space 10944K,   0% used [0x09550000, 0x09550000, 0x09550200, 0x0a000000)
 compacting perm gen  total 12288K, used 1940K [0x14000000, 0x14c00000, 0x18000000)
   the space 12288K,  15% used [0x14000000, 0x141e5078, 0x141e5200, 0x14c00000)
No shared spaces configured.

Card table byte_map: [0x01850000,0x01900000] byte_map_base: 0x01830000

Polling page: 0x00270000

Code Cache  [0x02000000, 0x020a0000, 0x04000000)
 total_blobs=144 nmethods=21 adapters=69 free_code_cache=32155Kb largest_free_block=32926848

Compilation events (10 events):
Event: 0.132 Thread 0x0196b000   16             java.lang.AbstractStringBuilder::ensureCapacityInternal (16 bytes)
Event: 0.132 Thread 0x0196b000 nmethod 16 0x02097dc8 code [0x02097ed0, 0x02097f8c]
Event: 0.132 Thread 0x0196b000   17             java.lang.AbstractStringBuilder::append (29 bytes)
Event: 0.132 Thread 0x0196b000 nmethod 17 0x02098008 code [0x02098110, 0x0209820c]
Event: 0.136 Thread 0x0196b000   18             java.io.BufferedInputStream::getBufIfOpen (21 bytes)
Event: 0.136 Thread 0x0196b000 nmethod 18 0x02098448 code [0x02098550, 0x0209864c]
Event: 0.136 Thread 0x0196b000   19  s          java.io.BufferedInputStream::read (49 bytes)
Event: 0.136 Thread 0x0196b000 nmethod 19 0x020989c8 code [0x02098af0, 0x02098de8]
Event: 0.139 Thread 0x0196b000   21             java.util.regex.Pattern::has (15 bytes)
Event: 0.139 Thread 0x0196b000 nmethod 21 0x020991c8 code [0x020992c0, 0x02099350]

GC Heap History (0 events):
No events

Deoptimization events (0 events):
No events

Internal exceptions (6 events):
Event: 0.047 Thread 0x0120c000 Threw 0x0400fc50 at C:\re\jdk7u45\229\hotspot\src\share\vm\prims\jni.cpp:3991
Event: 0.112 Thread 0x0120c000 Threw 0x04061e38 at C:\re\jdk7u45\229\hotspot\src\share\vm\prims\jvm.cpp:1244
Event: 0.131 Thread 0x0120c000 Threw 0x040852d0 at C:\re\jdk7u45\229\hotspot\src\share\vm\prims\jvm.cpp:1244
Event: 0.131 Thread 0x0120c000 Threw 0x040853e8 at C:\re\jdk7u45\229\hotspot\src\share\vm\prims\jvm.cpp:1244
Event: 0.132 Thread 0x0120c000 Threw 0x040885c8 at C:\re\jdk7u45\229\hotspot\src\share\vm\prims\jvm.cpp:1244
Event: 0.132 Thread 0x0120c000 Threw 0x040886e0 at C:\re\jdk7u45\229\hotspot\src\share\vm\prims\jvm.cpp:1244

Events (10 events):
Event: 285.303 Executing VM operation: RedefineClasses
Event: 285.303 Executing VM operation: RedefineClasses done
Event: 285.313 Executing VM operation: ChangeBreakpoints
Event: 285.313 Executing VM operation: ChangeBreakpoints done
Event: 411.566 Executing VM operation: RedefineClasses
Event: 411.566 Executing VM operation: RedefineClasses done
Event: 411.591 Executing VM operation: ChangeBreakpoints
Event: 411.591 Executing VM operation: ChangeBreakpoints done
Event: 5257.208 Executing VM operation: RedefineClasses
Event: 5257.208 Executing VM operation: RedefineClasses done


Dynamic libraries:
0x00080000 - 0x000af000 	C:\Program Files\Java\jre7\bin\javaw.exe
0x77730000 - 0x7786c000 	C:\Windows\SYSTEM32\ntdll.dll
0x75cd0000 - 0x75da4000 	C:\Windows\system32\kernel32.dll
0x75ac0000 - 0x75b0a000 	C:\Windows\system32\KERNELBASE.dll
0x76590000 - 0x76630000 	C:\Windows\system32\ADVAPI32.dll
0x77560000 - 0x7760c000 	C:\Windows\system32\msvcrt.dll
0x761c0000 - 0x761d9000 	C:\Windows\SYSTEM32\sechost.dll
0x75c20000 - 0x75cc1000 	C:\Windows\system32\RPCRT4.dll
0x75f30000 - 0x75ff9000 	C:\Windows\system32\USER32.dll
0x77910000 - 0x7795e000 	C:\Windows\system32\GDI32.dll
0x76420000 - 0x7642a000 	C:\Windows\system32\LPK.dll
0x76380000 - 0x7641d000 	C:\Windows\system32\USP10.dll
0x74cc0000 - 0x74e5e000 	C:\Windows\WinSxS\x86_microsoft.windows.common-controls_6595b64144ccf1df_6.0.7601.17514_none_41e6975e2bd6f2b2\COMCTL32.dll
0x75bc0000 - 0x75c17000 	C:\Windows\system32\SHLWAPI.dll
0x77890000 - 0x778af000 	C:\Windows\system32\IMM32.DLL
0x764c0000 - 0x7658c000 	C:\Windows\system32\MSCTF.dll
0x684e0000 - 0x6859f000 	C:\Program Files\Java\jre7\bin\msvcr100.dll
0x57110000 - 0x57490000 	C:\Program Files\Java\jre7\bin\client\jvm.dll
0x60960000 - 0x60967000 	C:\Windows\system32\WSOCK32.dll
0x76340000 - 0x76375000 	C:\Windows\system32\WS2_32.dll
0x77870000 - 0x77876000 	C:\Windows\system32\NSI.dll
0x73000000 - 0x73032000 	C:\Windows\system32\WINMM.dll
0x778b0000 - 0x778b5000 	C:\Windows\system32\PSAPI.DLL
0x74470000 - 0x7447c000 	C:\Program Files\Java\jre7\bin\verify.dll
0x71e30000 - 0x71e50000 	C:\Program Files\Java\jre7\bin\java.dll
0x71cf0000 - 0x71d1a000 	C:\Program Files\Java\jre7\bin\jdwp.dll
0x71e60000 - 0x71e67000 	C:\Program Files\Java\jre7\bin\npt.dll
0x73640000 - 0x73653000 	C:\Program Files\Java\jre7\bin\zip.dll
0x71d30000 - 0x71d38000 	C:\Program Files\Java\jre7\bin\dt_socket.dll
0x73990000 - 0x739a0000 	C:\Windows\system32\NLAapi.dll
0x680b0000 - 0x680c0000 	C:\Windows\system32\napinsp.dll
0x68090000 - 0x680a2000 	C:\Windows\system32\pnrpnsp.dll
0x75060000 - 0x7509c000 	C:\Windows\System32\mswsock.dll
0x74f20000 - 0x74f64000 	C:\Windows\system32\DNSAPI.dll
0x68080000 - 0x68088000 	C:\Windows\System32\winrnr.dll
0x73720000 - 0x7373c000 	C:\Windows\system32\IPHLPAPI.DLL
0x73710000 - 0x73717000 	C:\Windows\system32\WINNSI.DLL
0x735e0000 - 0x73618000 	C:\Windows\System32\fwpuclnt.dll
0x6e0a0000 - 0x6e0a6000 	C:\Windows\system32\rasadhlp.dll
0x74960000 - 0x74965000 	C:\Windows\System32\wshtcpip.dll
0x719c0000 - 0x71aab000 	C:\Windows\system32\dbghelp.dll

VM Arguments:
jvm_args: -agentlib:jdwp=transport=dt_socket,suspend=y,address=localhost:53906 -Dfile.encoding=Cp1251 
java_command: O_364_
Launcher Type: SUN_STANDARD

Environment Variables:
PATH=C:/Program Files/Java/jre7/bin/client;C:/Program Files/Java/jre7/bin;C:/Program Files/Java/jre7/lib/i386;C:\Windows\system32;C:\Windows;C:\Windows\System32\Wbem;C:\Windows\System32\WindowsPowerShell\v1.0\;D:\програмирование\eclipse;
USERNAME=noname
OS=Windows_NT
PROCESSOR_IDENTIFIER=x86 Family 6 Model 42 Stepping 7, GenuineIntel



---------------  S Y S T E M  ---------------

OS: Windows 7 Build 7601 Service Pack 1

CPU:total 4 (2 cores per cpu, 2 threads per core) family 6 model 42 stepping 7, cmov, cx8, fxsr, mmx, sse, sse2, sse3, ssse3, sse4.1, sse4.2, popcnt, avx, ht, tsc, tscinvbit

Memory: 4k page, physical 3659004k(1610096k free), swap 7316252k(4367936k free)

vm_info: Java HotSpot(TM) Client VM (24.45-b08) for windows-x86 JRE (1.7.0_45-b18), built on Oct  8 2013 06:02:43 by "java_re" with unknown MS VC++:1600

time: Thu Jun 08 21:31:35 2017
elapsed time: 5257 seconds

