#
# A fatal error has been detected by the Java Runtime Environment:
#
#  EXCEPTION_ACCESS_VIOLATION (0xc0000005) at pc=0x50ad54ec, pid=5128, tid=6080
#
# JRE version: Java(TM) SE Runtime Environment (7.0_45-b18) (build 1.7.0_45-b18)
# Java VM: Java HotSpot(TM) Client VM (24.45-b08 mixed mode windows-x86 )
# Problematic frame:
# V  [jvm.dll+0x1054ec]
#
# Failed to write core dump. Minidumps are not enabled by default on client versions of Windows
#
# If you would like to submit a bug report, please visit:
#   http://bugreport.sun.com/bugreport/crash.jsp
#

---------------  T H R E A D  ---------------

Current thread (0x019b3c00):  JavaThread "JDWP Transport Listener: dt_socket" daemon [_thread_in_vm, id=6080, stack(0x01d50000,0x01da0000)]

siginfo: ExceptionCode=0xc0000005, writing address 0x519f5048

Registers:
EAX=0x019a6ba8, EBX=0x14000180, ECX=0x019f4a48, EDX=0x00000000
ESP=0x01d9f4b4, EBP=0x01d9f4ec, ESI=0x14193e78, EDI=0x00000030
EIP=0x50ad54ec, EFLAGS=0x00010246

Top of Stack: (sp=0x01d9f4b4)
0x01d9f4b4:   005eebc0 0406ef80 00000000 019b3c00
0x01d9f4c4:   019b1b00 019b3e90 019b3e98 019b4284
0x01d9f4d4:   000003ec 01d9f750 019b3edc 00000009
0x01d9f4e4:   00000000 019f4a48 01d9f520 50bd8eff
0x01d9f4f4:   019b3e98 01d9f548 01d9f544 01d9f5a8
0x01d9f504:   019a7010 019b3c00 00000000 00000000
0x01d9f514:   00000000 019b3c00 019b3c00 01d9f54c
0x01d9f524:   5ae0449d 005eebc0 019a7010 01d9f548 

Instructions: (pc=0x50ad54ec)
0x50ad54cc:   76 14 8b 76 10 50 51 8b cc 56 e8 45 ef ef ff e8
0x50ad54dc:   60 f5 f9 ff 8b 4d fc 83 c4 08 83 c7 04 ff 4d f8
0x50ad54ec:   89 04 99 75 a6 eb 53 85 f6 7e 55 bb 0c 00 00 00
0x50ad54fc:   8b f8 2b d8 89 75 f8 8b 45 08 85 c0 74 02 8b 00 


Register to memory mapping:

EAX=0x019a6ba8 is a weak global jni handle
EBX=0x14000180 is an oop
{other class} 
 - klass: {other class}
ECX=0x019f4a48 is an unknown value
EDX=0x00000000 is an unknown value
ESP=0x01d9f4b4 is pointing into the stack for thread: 0x019b3c00
EBP=0x01d9f4ec is pointing into the stack for thread: 0x019b3c00
ESI=0x14193e78 is an oop
{instance class} 
 - klass: {other class}
EDI=0x00000030 is an unknown value


Stack: [0x01d50000,0x01da0000],  sp=0x01d9f4b4,  free space=317k
Native frames: (J=compiled Java code, j=interpreted, Vv=VM code, C=native code)
V  [jvm.dll+0x1054ec]
V  [jvm.dll+0x208eff]
C  [jdwp.dll+0x449d]
C  [jdwp.dll+0x451e]


---------------  P R O C E S S  ---------------

Java Threads: ( => current thread )
  0x019d4400 JavaThread "Service Thread" daemon [_thread_blocked, id=4856, stack(0x18550000,0x185a0000)]
  0x019c9000 JavaThread "C1 CompilerThread0" daemon [_thread_blocked, id=6304, stack(0x18320000,0x18370000)]
  0x019b8c00 JavaThread "JDWP Command Reader" daemon [_thread_in_native, id=6300, stack(0x18410000,0x18460000)]
  0x019b7c00 JavaThread "JDWP Event Helper Thread" daemon [_thread_blocked, id=7564, stack(0x01b80000,0x01bd0000)]
=>0x019b3c00 JavaThread "JDWP Transport Listener: dt_socket" daemon [_thread_in_vm, id=6080, stack(0x01d50000,0x01da0000)]
  0x019a4c00 JavaThread "Attach Listener" daemon [_thread_blocked, id=6696, stack(0x01f80000,0x01fd0000)]
  0x019a1800 JavaThread "Signal Dispatcher" daemon [_thread_blocked, id=4284, stack(0x01f00000,0x01f50000)]
  0x01975800 JavaThread "Finalizer" daemon [_thread_blocked, id=7848, stack(0x01df0000,0x01e40000)]
  0x01970400 JavaThread "Reference Handler" daemon [_thread_blocked, id=476, stack(0x01bd0000,0x01c20000)]
  0x0070c800 JavaThread "main" [_thread_blocked, id=3404, stack(0x00730000,0x00780000)]

Other Threads:
  0x0196f000 VMThread [stack: 0x01cd0000,0x01d20000] [id=6240]
  0x019df000 WatcherThread [stack: 0x18730000,0x18780000] [id=6272]

VM state:not at safepoint (normal execution)

VM Mutex/Monitor currently owned by a thread: None

Heap
 def new generation   total 4928K, used 466K [0x04000000, 0x04550000, 0x09550000)
  eden space 4416K,  10% used [0x04000000, 0x04074830, 0x04450000)
  from space 512K,   0% used [0x04450000, 0x04450000, 0x044d0000)
  to   space 512K,   0% used [0x044d0000, 0x044d0000, 0x04550000)
 tenured generation   total 10944K, used 0K [0x09550000, 0x0a000000, 0x14000000)
   the space 10944K,   0% used [0x09550000, 0x09550000, 0x09550200, 0x0a000000)
 compacting perm gen  total 12288K, used 1623K [0x14000000, 0x14c00000, 0x18000000)
   the space 12288K,  13% used [0x14000000, 0x14195cd8, 0x14195e00, 0x14c00000)
No shared spaces configured.

Card table byte_map: [0x00c50000,0x00d00000] byte_map_base: 0x00c30000

Polling page: 0x001f0000

Code Cache  [0x02000000, 0x02098000, 0x04000000)
 total_blobs=129 nmethods=7 adapters=68 free_code_cache=32187Kb largest_free_block=32959488

Compilation events (10 events):
Event: 0.414 Thread 0x019c9000    3             java.lang.String::indexOf (70 bytes)
Event: 0.414 Thread 0x019c9000 nmethod 3 0x02090188 code [0x020902a0, 0x020903ec]
Event: 0.417 Thread 0x019c9000    4             java.lang.String::equals (81 bytes)
Event: 0.417 Thread 0x019c9000 nmethod 4 0x02090548 code [0x02090660, 0x02090800]
Event: 0.433 Thread 0x019c9000    5             java.lang.Object::<init> (1 bytes)
Event: 0.433 Thread 0x019c9000 nmethod 5 0x02090cc8 code [0x02090dc0, 0x02090e50]
Event: 0.435 Thread 0x019c9000    6             java.lang.String::lastIndexOf (52 bytes)
Event: 0.435 Thread 0x019c9000 nmethod 6 0x02090ec8 code [0x02090fd0, 0x020910ec]
Event: 0.440 Thread 0x019c9000    7             java.lang.AbstractStringBuilder::ensureCapacityInternal (16 bytes)
Event: 0.440 Thread 0x019c9000 nmethod 7 0x020911c8 code [0x020912d0, 0x0209138c]

GC Heap History (0 events):
No events

Deoptimization events (0 events):
No events

Internal exceptions (2 events):
Event: 0.110 Thread 0x0070c800 Threw 0x0400fc50 at C:\re\jdk7u45\229\hotspot\src\share\vm\prims\jni.cpp:3991
Event: 0.434 Thread 0x0070c800 Threw 0x04067720 at C:\re\jdk7u45\229\hotspot\src\share\vm\prims\jvm.cpp:1244

Events (10 events):
Event: 0.443 loading class 0x006294f0
Event: 0.443 loading class 0x006294f0 done
Event: 0.452 Executing VM operation: ChangeBreakpoints
Event: 0.452 Executing VM operation: ChangeBreakpoints done
Event: 0.455 loading class 0x006145a8
Event: 0.455 loading class 0x006145a8 done
Event: 4.546 Executing VM operation: EnableBiasedLocking
Event: 4.547 Executing VM operation: EnableBiasedLocking done
Event: 2090.412 Executing VM operation: RedefineClasses
Event: 2090.412 Executing VM operation: RedefineClasses done


Dynamic libraries:
0x00d30000 - 0x00d5f000 	C:\Program Files\Java\jre7\bin\javaw.exe
0x77710000 - 0x7784c000 	C:\Windows\SYSTEM32\ntdll.dll
0x77370000 - 0x77444000 	C:\Windows\system32\kernel32.dll
0x75b00000 - 0x75b4a000 	C:\Windows\system32\KERNELBASE.dll
0x772a0000 - 0x77340000 	C:\Windows\system32\ADVAPI32.dll
0x77450000 - 0x774fc000 	C:\Windows\system32\msvcrt.dll
0x76d60000 - 0x76d79000 	C:\Windows\SYSTEM32\sechost.dll
0x77080000 - 0x77121000 	C:\Windows\system32\RPCRT4.dll
0x77870000 - 0x77939000 	C:\Windows\system32\USER32.dll
0x75ba0000 - 0x75bee000 	C:\Windows\system32\GDI32.dll
0x76b30000 - 0x76b3a000 	C:\Windows\system32\LPK.dll
0x76ea0000 - 0x76f3d000 	C:\Windows\system32\USP10.dll
0x74c90000 - 0x74e2e000 	C:\Windows\WinSxS\x86_microsoft.windows.common-controls_6595b64144ccf1df_6.0.7601.17514_none_41e6975e2bd6f2b2\COMCTL32.dll
0x77500000 - 0x77557000 	C:\Windows\system32\SHLWAPI.dll
0x77850000 - 0x7786f000 	C:\Windows\system32\IMM32.DLL
0x76f40000 - 0x7700c000 	C:\Windows\system32\MSCTF.dll
0x72130000 - 0x721ef000 	C:\Program Files\Java\jre7\bin\msvcr100.dll
0x509d0000 - 0x50d50000 	C:\Program Files\Java\jre7\bin\client\jvm.dll
0x6f5c0000 - 0x6f5c7000 	C:\Windows\system32\WSOCK32.dll
0x75bf0000 - 0x75c25000 	C:\Windows\system32\WS2_32.dll
0x76d50000 - 0x76d56000 	C:\Windows\system32\NSI.dll
0x73690000 - 0x736c2000 	C:\Windows\system32\WINMM.dll
0x77130000 - 0x77135000 	C:\Windows\system32\PSAPI.DLL
0x73ca0000 - 0x73cac000 	C:\Program Files\Java\jre7\bin\verify.dll
0x73c80000 - 0x73ca0000 	C:\Program Files\Java\jre7\bin\java.dll
0x5ae00000 - 0x5ae2a000 	C:\Program Files\Java\jre7\bin\jdwp.dll
0x72420000 - 0x72427000 	C:\Program Files\Java\jre7\bin\npt.dll
0x510b0000 - 0x510c3000 	C:\Program Files\Java\jre7\bin\zip.dll
0x723e0000 - 0x723e8000 	C:\Program Files\Java\jre7\bin\dt_socket.dll
0x73bb0000 - 0x73bc0000 	C:\Windows\system32\NLAapi.dll
0x73b90000 - 0x73ba0000 	C:\Windows\system32\napinsp.dll
0x73b70000 - 0x73b82000 	C:\Windows\system32\pnrpnsp.dll
0x75040000 - 0x7507c000 	C:\Windows\System32\mswsock.dll
0x74f00000 - 0x74f44000 	C:\Windows\system32\DNSAPI.dll
0x73b10000 - 0x73b18000 	C:\Windows\System32\winrnr.dll
0x69580000 - 0x695a1000 	C:\Program Files\Bonjour\mdnsNSP.dll
0x73700000 - 0x7371c000 	C:\Windows\system32\Iphlpapi.DLL
0x736f0000 - 0x736f7000 	C:\Windows\system32\WINNSI.DLL
0x73290000 - 0x732c8000 	C:\Windows\System32\fwpuclnt.dll
0x6e270000 - 0x6e276000 	C:\Windows\system32\rasadhlp.dll
0x74940000 - 0x74945000 	C:\Windows\System32\wshtcpip.dll
0x5ea10000 - 0x5eafb000 	C:\Windows\system32\dbghelp.dll

VM Arguments:
jvm_args: -agentlib:jdwp=transport=dt_socket,suspend=y,address=localhost:53616 -Dfile.encoding=Cp1251 
java_command: O_671
Launcher Type: SUN_STANDARD

Environment Variables:
PATH=C:/Program Files/Java/jre7/bin/client;C:/Program Files/Java/jre7/bin;C:/Program Files/Java/jre7/lib/i386;C:\Windows\system32;C:\Windows;C:\Windows\System32\Wbem;C:\Windows\System32\WindowsPowerShell\v1.0\;C:\Program Files\Skype\Phone\;D:\програмирование\eclipse;
USERNAME=noname
OS=Windows_NT
PROCESSOR_IDENTIFIER=x86 Family 6 Model 42 Stepping 7, GenuineIntel



---------------  S Y S T E M  ---------------

OS: Windows 7 Build 7601 Service Pack 1

CPU:total 4 (2 cores per cpu, 2 threads per core) family 6 model 42 stepping 7, cmov, cx8, fxsr, mmx, sse, sse2, sse3, ssse3, sse4.1, sse4.2, popcnt, avx, ht, tsc, tscinvbit

Memory: 4k page, physical 3659004k(888392k free), swap 7316252k(2932128k free)

vm_info: Java HotSpot(TM) Client VM (24.45-b08) for windows-x86 JRE (1.7.0_45-b18), built on Oct  8 2013 06:02:43 by "java_re" with unknown MS VC++:1600

time: Wed Sep 20 18:50:00 2017
elapsed time: 2090 seconds

