#
# A fatal error has been detected by the Java Runtime Environment:
#
#  EXCEPTION_ACCESS_VIOLATION (0xc0000005) at pc=0x50aad35b, pid=7328, tid=6472
#
# JRE version: Java(TM) SE Runtime Environment (7.0_45-b18) (build 1.7.0_45-b18)
# Java VM: Java HotSpot(TM) Client VM (24.45-b08 mixed mode windows-x86 )
# Problematic frame:
# V  [jvm.dll+0xdd35b]
#
# Failed to write core dump. Minidumps are not enabled by default on client versions of Windows
#
# If you would like to submit a bug report, please visit:
#   http://bugreport.sun.com/bugreport/crash.jsp
#

---------------  T H R E A D  ---------------

Current thread (0x019b3c00):  JavaThread "JDWP Transport Listener: dt_socket" daemon [_thread_in_vm, id=6472, stack(0x18310000,0x18360000)]

siginfo: ExceptionCode=0xc0000005, reading address 0x00003b72

Registers:
EAX=0x00003b72, EBX=0x00000000, ECX=0x00003b72, EDX=0x00000000
ESP=0x1835f584, EBP=0x1835f588, ESI=0x0094ebc0, EDI=0x1835f668
EIP=0x50aad35b, EFLAGS=0x00010206

Top of Stack: (sp=0x1835f584)
0x1835f584:   0094ebc0 1835f5b0 50bde04a 00003b72
0x1835f594:   1835f5eb 019b3c00 00000000 00000000
0x1835f5a4:   00000000 019b3c00 019b3c00 1835f5ec
0x1835f5b4:   5ae19d9d 0094ebc0 00003b72 1835f5eb
0x1835f5c4:   00003b72 5ae0436d 00003b72 1835f5eb
0x1835f5d4:   00000005 00000000 00000000 0000000a
0x1835f5e4:   00000000 009a86a8 1835f60c 5ae044e0
0x1835f5f4:   00000001 1835f628 1835f664 01a26e40 

Instructions: (pc=0x50aad35b)
0x50aad33b:   89 4f 04 8b 56 0c 89 57 08 8b 46 10 89 47 0c 5f
0x50aad34b:   5e 5d c2 0c 00 55 8b ec 8b 45 08 56 85 c0 74 28
0x50aad35b:   8b 30 85 f6 74 22 81 fe fe fe fe fe 74 1a 8b 4e
0x50aad36b:   04 8b 41 08 8b 90 90 00 00 00 83 c1 08 ff d2 84 


Register to memory mapping:

EAX=0x00003b72 is an unknown value
EBX=0x00000000 is an unknown value
ECX=0x00003b72 is an unknown value
EDX=0x00000000 is an unknown value
ESP=0x1835f584 is pointing into the stack for thread: 0x019b3c00
EBP=0x1835f588 is pointing into the stack for thread: 0x019b3c00
ESI=0x0094ebc0 is an unknown value
EDI=0x1835f668 is pointing into the stack for thread: 0x019b3c00


Stack: [0x18310000,0x18360000],  sp=0x1835f584,  free space=317k
Native frames: (J=compiled Java code, j=interpreted, Vv=VM code, C=native code)
V  [jvm.dll+0xdd35b]
V  [jvm.dll+0x20e04a]
C  [jdwp.dll+0x19d9d]
C  [jdwp.dll+0x44e0]
C  [jdwp.dll+0x451e]


---------------  P R O C E S S  ---------------

Java Threads: ( => current thread )
  0x019ca800 JavaThread "Service Thread" daemon [_thread_blocked, id=5084, stack(0x01eb0000,0x01f00000)]
  0x019c7800 JavaThread "C1 CompilerThread0" daemon [_thread_blocked, id=7732, stack(0x18600000,0x18650000)]
  0x019b7400 JavaThread "JDWP Command Reader" daemon [_thread_in_native, id=2164, stack(0x183f0000,0x18440000)]
  0x019b6000 JavaThread "JDWP Event Helper Thread" daemon [_thread_blocked, id=6312, stack(0x01b60000,0x01bb0000)]
=>0x019b3c00 JavaThread "JDWP Transport Listener: dt_socket" daemon [_thread_in_vm, id=6472, stack(0x18310000,0x18360000)]
  0x019a4c00 JavaThread "Attach Listener" daemon [_thread_blocked, id=2204, stack(0x00cc0000,0x00d10000)]
  0x019a1c00 JavaThread "Signal Dispatcher" daemon [_thread_blocked, id=6688, stack(0x01e10000,0x01e60000)]
  0x01971c00 JavaThread "Finalizer" daemon [_thread_blocked, id=6424, stack(0x01d40000,0x01d90000)]
  0x01970400 JavaThread "Reference Handler" daemon [_thread_blocked, id=6408, stack(0x01c20000,0x01c70000)]
  0x00acc800 JavaThread "main" [_thread_in_native, id=852, stack(0x00ba0000,0x00bf0000)]

Other Threads:
  0x0196f000 VMThread [stack: 0x00c60000,0x00cb0000] [id=6208]
  0x019dd800 WatcherThread [stack: 0x187a0000,0x187f0000] [id=7292]

VM state:not at safepoint (normal execution)

VM Mutex/Monitor currently owned by a thread: None

Heap
 def new generation   total 4928K, used 739K [0x04000000, 0x04550000, 0x09550000)
  eden space 4416K,  16% used [0x04000000, 0x040b8e88, 0x04450000)
  from space 512K,   0% used [0x04450000, 0x04450000, 0x044d0000)
  to   space 512K,   0% used [0x044d0000, 0x044d0000, 0x04550000)
 tenured generation   total 10944K, used 0K [0x09550000, 0x0a000000, 0x14000000)
   the space 10944K,   0% used [0x09550000, 0x09550000, 0x09550200, 0x0a000000)
 compacting perm gen  total 12288K, used 2037K [0x14000000, 0x14c00000, 0x18000000)
   the space 12288K,  16% used [0x14000000, 0x141fd4a0, 0x141fd600, 0x14c00000)
No shared spaces configured.

Card table byte_map: [0x00ad0000,0x00b80000] byte_map_base: 0x00ab0000

Polling page: 0x00170000

Code Cache  [0x02000000, 0x020a0000, 0x04000000)
 total_blobs=147 nmethods=22 adapters=71 free_code_cache=32154Kb largest_free_block=32925696

Compilation events (10 events):
Event: 0.953 Thread 0x019c7800   17             java.lang.AbstractStringBuilder::append (29 bytes)
Event: 0.953 Thread 0x019c7800 nmethod 17 0x02098288 code [0x02098390, 0x0209848c]
Event: 0.972 Thread 0x019c7800   19             java.io.BufferedInputStream::getBufIfOpen (21 bytes)
Event: 0.972 Thread 0x019c7800 nmethod 19 0x02098988 code [0x02098a90, 0x02098b8c]
Event: 0.972 Thread 0x019c7800   20  s          java.io.BufferedInputStream::read (49 bytes)
Event: 0.972 Thread 0x019c7800 nmethod 20 0x02098c48 code [0x02098d70, 0x02099068]
Event: 0.978 Thread 0x019c7800   21             java.lang.String::length (6 bytes)
Event: 0.979 Thread 0x019c7800 nmethod 21 0x02099448 code [0x02099540, 0x020995d0]
Event: 0.982 Thread 0x019c7800   22             java.util.regex.Pattern::has (15 bytes)
Event: 0.982 Thread 0x019c7800 nmethod 22 0x02099648 code [0x02099740, 0x020997d0]

GC Heap History (0 events):
No events

Deoptimization events (0 events):
No events

Internal exceptions (6 events):
Event: 0.068 Thread 0x00acc800 Threw 0x0400fc50 at C:\re\jdk7u45\229\hotspot\src\share\vm\prims\jni.cpp:3991
Event: 0.889 Thread 0x00acc800 Threw 0x04067688 at C:\re\jdk7u45\229\hotspot\src\share\vm\prims\jvm.cpp:1244
Event: 0.955 Thread 0x00acc800 Threw 0x040888d0 at C:\re\jdk7u45\229\hotspot\src\share\vm\prims\jvm.cpp:1244
Event: 0.955 Thread 0x00acc800 Threw 0x040889e8 at C:\re\jdk7u45\229\hotspot\src\share\vm\prims\jvm.cpp:1244
Event: 0.957 Thread 0x00acc800 Threw 0x0408bbc8 at C:\re\jdk7u45\229\hotspot\src\share\vm\prims\jvm.cpp:1244
Event: 0.957 Thread 0x00acc800 Threw 0x0408bce0 at C:\re\jdk7u45\229\hotspot\src\share\vm\prims\jvm.cpp:1244

Events (10 events):
Event: 1696.443 Executing VM operation: RedefineClasses
Event: 1696.443 Executing VM operation: RedefineClasses done
Event: 1696.609 Executing VM operation: ChangeBreakpoints
Event: 1696.609 Executing VM operation: ChangeBreakpoints done
Event: 1738.639 Executing VM operation: RedefineClasses
Event: 1738.639 Executing VM operation: RedefineClasses done
Event: 1738.675 Executing VM operation: ChangeBreakpoints
Event: 1738.675 Executing VM operation: ChangeBreakpoints done
Event: 2825.599 Executing VM operation: RedefineClasses
Event: 2825.600 Executing VM operation: RedefineClasses done


Dynamic libraries:
0x00d30000 - 0x00d5f000 	C:\Program Files\Java\jre7\bin\javaw.exe
0x77710000 - 0x7784c000 	C:\Windows\SYSTEM32\ntdll.dll
0x77370000 - 0x77444000 	C:\Windows\system32\kernel32.dll
0x75b00000 - 0x75b4a000 	C:\Windows\system32\KERNELBASE.dll
0x772a0000 - 0x77340000 	C:\Windows\system32\ADVAPI32.dll
0x77450000 - 0x774fc000 	C:\Windows\system32\msvcrt.dll
0x76d60000 - 0x76d79000 	C:\Windows\SYSTEM32\sechost.dll
0x77080000 - 0x77121000 	C:\Windows\system32\RPCRT4.dll
0x77870000 - 0x77939000 	C:\Windows\system32\USER32.dll
0x75ba0000 - 0x75bee000 	C:\Windows\system32\GDI32.dll
0x76b30000 - 0x76b3a000 	C:\Windows\system32\LPK.dll
0x76ea0000 - 0x76f3d000 	C:\Windows\system32\USP10.dll
0x74c90000 - 0x74e2e000 	C:\Windows\WinSxS\x86_microsoft.windows.common-controls_6595b64144ccf1df_6.0.7601.17514_none_41e6975e2bd6f2b2\COMCTL32.dll
0x77500000 - 0x77557000 	C:\Windows\system32\SHLWAPI.dll
0x77850000 - 0x7786f000 	C:\Windows\system32\IMM32.DLL
0x76f40000 - 0x7700c000 	C:\Windows\system32\MSCTF.dll
0x72130000 - 0x721ef000 	C:\Program Files\Java\jre7\bin\msvcr100.dll
0x509d0000 - 0x50d50000 	C:\Program Files\Java\jre7\bin\client\jvm.dll
0x6f5c0000 - 0x6f5c7000 	C:\Windows\system32\WSOCK32.dll
0x75bf0000 - 0x75c25000 	C:\Windows\system32\WS2_32.dll
0x76d50000 - 0x76d56000 	C:\Windows\system32\NSI.dll
0x73690000 - 0x736c2000 	C:\Windows\system32\WINMM.dll
0x77130000 - 0x77135000 	C:\Windows\system32\PSAPI.DLL
0x73ca0000 - 0x73cac000 	C:\Program Files\Java\jre7\bin\verify.dll
0x73c80000 - 0x73ca0000 	C:\Program Files\Java\jre7\bin\java.dll
0x5ae00000 - 0x5ae2a000 	C:\Program Files\Java\jre7\bin\jdwp.dll
0x72420000 - 0x72427000 	C:\Program Files\Java\jre7\bin\npt.dll
0x510b0000 - 0x510c3000 	C:\Program Files\Java\jre7\bin\zip.dll
0x72430000 - 0x72438000 	C:\Program Files\Java\jre7\bin\dt_socket.dll
0x73bb0000 - 0x73bc0000 	C:\Windows\system32\NLAapi.dll
0x73b90000 - 0x73ba0000 	C:\Windows\system32\napinsp.dll
0x73b70000 - 0x73b82000 	C:\Windows\system32\pnrpnsp.dll
0x75040000 - 0x7507c000 	C:\Windows\System32\mswsock.dll
0x74f00000 - 0x74f44000 	C:\Windows\system32\DNSAPI.dll
0x73b10000 - 0x73b18000 	C:\Windows\System32\winrnr.dll
0x69580000 - 0x695a1000 	C:\Program Files\Bonjour\mdnsNSP.dll
0x73700000 - 0x7371c000 	C:\Windows\system32\Iphlpapi.DLL
0x736f0000 - 0x736f7000 	C:\Windows\system32\WINNSI.DLL
0x73290000 - 0x732c8000 	C:\Windows\System32\fwpuclnt.dll
0x6e270000 - 0x6e276000 	C:\Windows\system32\rasadhlp.dll
0x74940000 - 0x74945000 	C:\Windows\System32\wshtcpip.dll
0x5ea10000 - 0x5eafb000 	C:\Windows\system32\dbghelp.dll

VM Arguments:
jvm_args: -agentlib:jdwp=transport=dt_socket,suspend=y,address=localhost:51738 -Dfile.encoding=Cp1251 
java_command: O_189
Launcher Type: SUN_STANDARD

Environment Variables:
PATH=C:/Program Files/Java/jre7/bin/client;C:/Program Files/Java/jre7/bin;C:/Program Files/Java/jre7/lib/i386;C:\Windows\system32;C:\Windows;C:\Windows\System32\Wbem;C:\Windows\System32\WindowsPowerShell\v1.0\;C:\Program Files\Skype\Phone\;D:\програмирование\eclipse;
USERNAME=noname
OS=Windows_NT
PROCESSOR_IDENTIFIER=x86 Family 6 Model 42 Stepping 7, GenuineIntel



---------------  S Y S T E M  ---------------

OS: Windows 7 Build 7601 Service Pack 1

CPU:total 4 (2 cores per cpu, 2 threads per core) family 6 model 42 stepping 7, cmov, cx8, fxsr, mmx, sse, sse2, sse3, ssse3, sse4.1, sse4.2, popcnt, avx, ht, tsc, tscinvbit

Memory: 4k page, physical 3659004k(864960k free), swap 7316252k(3390636k free)

vm_info: Java HotSpot(TM) Client VM (24.45-b08) for windows-x86 JRE (1.7.0_45-b18), built on Oct  8 2013 06:02:43 by "java_re" with unknown MS VC++:1600

time: Wed Sep 20 13:36:05 2017
elapsed time: 2826 seconds

