#
# A fatal error has been detected by the Java Runtime Environment:
#
#  EXCEPTION_ACCESS_VIOLATION (0xc0000005) at pc=0x5d07d35b, pid=1196, tid=4448
#
# JRE version: Java(TM) SE Runtime Environment (7.0_45-b18) (build 1.7.0_45-b18)
# Java VM: Java HotSpot(TM) Client VM (24.45-b08 mixed mode windows-x86 )
# Problematic frame:
# V  [jvm.dll+0xdd35b]
#
# Failed to write core dump. Minidumps are not enabled by default on client versions of Windows
#
# If you would like to submit a bug report, please visit:
#   http://bugreport.sun.com/bugreport/crash.jsp
#

---------------  T H R E A D  ---------------

Current thread (0x01a83c00):  JavaThread "JDWP Transport Listener: dt_socket" daemon [_thread_in_vm, id=4448, stack(0x01f00000,0x01f50000)]

siginfo: ExceptionCode=0xc0000005, reading address 0x69003b00

Registers:
EAX=0x69003b00, EBX=0x00000000, ECX=0x69003b00, EDX=0x00000000
ESP=0x01f4f6d4, EBP=0x01f4f6d8, ESI=0x008bead8, EDI=0x01f4f7b8
EIP=0x5d07d35b, EFLAGS=0x00010206

Top of Stack: (sp=0x01f4f6d4)
0x01f4f6d4:   008bead8 01f4f700 5d1ae04a 69003b00
0x01f4f6e4:   01f4f73b 01a83c00 00000000 00000000
0x01f4f6f4:   00000000 01a83c00 01a83c00 01f4f73c
0x01f4f704:   71189d9d 008bead8 69003b00 01f4f73b
0x01f4f714:   69003b00 7117436d 69003b00 01f4f73b
0x01f4f724:   00000008 00000000 00000000 0000000a
0x01f4f734:   00000000 00a76a48 01f4f75c 711744e0
0x01f4f744:   00000001 01f4f778 01f4f7b4 01af8a98 

Instructions: (pc=0x5d07d35b)
0x5d07d33b:   89 4f 04 8b 56 0c 89 57 08 8b 46 10 89 47 0c 5f
0x5d07d34b:   5e 5d c2 0c 00 55 8b ec 8b 45 08 56 85 c0 74 28
0x5d07d35b:   8b 30 85 f6 74 22 81 fe fe fe fe fe 74 1a 8b 4e
0x5d07d36b:   04 8b 41 08 8b 90 90 00 00 00 83 c1 08 ff d2 84 


Register to memory mapping:

EAX=0x69003b00 is an unknown value
EBX=0x00000000 is an unknown value
ECX=0x69003b00 is an unknown value
EDX=0x00000000 is an unknown value
ESP=0x01f4f6d4 is pointing into the stack for thread: 0x01a83c00
EBP=0x01f4f6d8 is pointing into the stack for thread: 0x01a83c00
ESI=0x008bead8 is an unknown value
EDI=0x01f4f7b8 is pointing into the stack for thread: 0x01a83c00


Stack: [0x01f00000,0x01f50000],  sp=0x01f4f6d4,  free space=317k
Native frames: (J=compiled Java code, j=interpreted, Vv=VM code, C=native code)
V  [jvm.dll+0xdd35b]
V  [jvm.dll+0x20e04a]
C  [jdwp.dll+0x19d9d]
C  [jdwp.dll+0x44e0]
C  [jdwp.dll+0x451e]


---------------  P R O C E S S  ---------------

Java Threads: ( => current thread )
  0x01a9a400 JavaThread "Service Thread" daemon [_thread_blocked, id=5336, stack(0x01f70000,0x01fc0000)]
  0x01a97400 JavaThread "C1 CompilerThread0" daemon [_thread_blocked, id=4600, stack(0x00db0000,0x00e00000)]
  0x01a86c00 JavaThread "JDWP Command Reader" daemon [_thread_in_native, id=2696, stack(0x01c30000,0x01c80000)]
  0x01a85800 JavaThread "JDWP Event Helper Thread" daemon [_thread_blocked, id=4968, stack(0x182e0000,0x18330000)]
=>0x01a83c00 JavaThread "JDWP Transport Listener: dt_socket" daemon [_thread_in_vm, id=4448, stack(0x01f00000,0x01f50000)]
  0x01a75000 JavaThread "Attach Listener" daemon [_thread_blocked, id=5556, stack(0x00d40000,0x00d90000)]
  0x01a71800 JavaThread "Signal Dispatcher" daemon [_thread_blocked, id=400, stack(0x01e10000,0x01e60000)]
  0x01a45800 JavaThread "Finalizer" daemon [_thread_blocked, id=1628, stack(0x01d00000,0x01d50000)]
  0x01a40400 JavaThread "Reference Handler" daemon [_thread_blocked, id=6092, stack(0x00ca0000,0x00cf0000)]
  0x00a1c000 JavaThread "main" [_thread_in_native, id=1168, stack(0x009c0000,0x00a10000)]

Other Threads:
  0x01a3f000 VMThread [stack: 0x00cf0000,0x00d40000] [id=3720]
  0x01aa4000 WatcherThread [stack: 0x18600000,0x18650000] [id=5196]

VM state:not at safepoint (normal execution)

VM Mutex/Monitor currently owned by a thread: None

Heap
 def new generation   total 4928K, used 732K [0x04000000, 0x04550000, 0x09550000)
  eden space 4416K,  16% used [0x04000000, 0x040b7210, 0x04450000)
  from space 512K,   0% used [0x04450000, 0x04450000, 0x044d0000)
  to   space 512K,   0% used [0x044d0000, 0x044d0000, 0x04550000)
 tenured generation   total 10944K, used 0K [0x09550000, 0x0a000000, 0x14000000)
   the space 10944K,   0% used [0x09550000, 0x09550000, 0x09550200, 0x0a000000)
 compacting perm gen  total 12288K, used 1972K [0x14000000, 0x14c00000, 0x18000000)
   the space 12288K,  16% used [0x14000000, 0x141ed3f8, 0x141ed400, 0x14c00000)
No shared spaces configured.

Card table byte_map: [0x00aa0000,0x00b50000] byte_map_base: 0x00a80000

Polling page: 0x00130000

Code Cache  [0x02000000, 0x020a0000, 0x04000000)
 total_blobs=144 nmethods=21 adapters=69 free_code_cache=32155Kb largest_free_block=32926848

Compilation events (10 events):
Event: 0.135 Thread 0x01a97400   16             java.lang.AbstractStringBuilder::ensureCapacityInternal (16 bytes)
Event: 0.135 Thread 0x01a97400 nmethod 16 0x02097dc8 code [0x02097ed0, 0x02097f8c]
Event: 0.136 Thread 0x01a97400   17             java.lang.AbstractStringBuilder::append (29 bytes)
Event: 0.136 Thread 0x01a97400 nmethod 17 0x02098008 code [0x02098110, 0x0209820c]
Event: 0.140 Thread 0x01a97400   18             java.io.BufferedInputStream::getBufIfOpen (21 bytes)
Event: 0.140 Thread 0x01a97400 nmethod 18 0x02098448 code [0x02098550, 0x0209864c]
Event: 0.140 Thread 0x01a97400   19  s          java.io.BufferedInputStream::read (49 bytes)
Event: 0.140 Thread 0x01a97400 nmethod 19 0x020989c8 code [0x02098af0, 0x02098de8]
Event: 0.143 Thread 0x01a97400   21             java.util.regex.Pattern::has (15 bytes)
Event: 0.143 Thread 0x01a97400 nmethod 21 0x020991c8 code [0x020992c0, 0x02099350]

GC Heap History (0 events):
No events

Deoptimization events (0 events):
No events

Internal exceptions (6 events):
Event: 0.023 Thread 0x00a1c000 Threw 0x0400fc50 at C:\re\jdk7u45\229\hotspot\src\share\vm\prims\jni.cpp:3991
Event: 0.117 Thread 0x00a1c000 Threw 0x04061dc0 at C:\re\jdk7u45\229\hotspot\src\share\vm\prims\jvm.cpp:1244
Event: 0.136 Thread 0x00a1c000 Threw 0x04084f50 at C:\re\jdk7u45\229\hotspot\src\share\vm\prims\jvm.cpp:1244
Event: 0.136 Thread 0x00a1c000 Threw 0x04085068 at C:\re\jdk7u45\229\hotspot\src\share\vm\prims\jvm.cpp:1244
Event: 0.136 Thread 0x00a1c000 Threw 0x04088248 at C:\re\jdk7u45\229\hotspot\src\share\vm\prims\jvm.cpp:1244
Event: 0.136 Thread 0x00a1c000 Threw 0x04088360 at C:\re\jdk7u45\229\hotspot\src\share\vm\prims\jvm.cpp:1244

Events (10 events):
Event: 365.242 Executing VM operation: RedefineClasses
Event: 365.242 Executing VM operation: RedefineClasses done
Event: 365.253 Executing VM operation: ChangeBreakpoints
Event: 365.253 Executing VM operation: ChangeBreakpoints done
Event: 398.731 Executing VM operation: RedefineClasses
Event: 398.731 Executing VM operation: RedefineClasses done
Event: 398.833 Executing VM operation: ChangeBreakpoints
Event: 398.833 Executing VM operation: ChangeBreakpoints done
Event: 617.744 Executing VM operation: RedefineClasses
Event: 617.744 Executing VM operation: RedefineClasses done


Dynamic libraries:
0x00e00000 - 0x00e2f000 	C:\Program Files\Java\jre7\bin\javaw.exe
0x76f20000 - 0x7705c000 	C:\Windows\SYSTEM32\ntdll.dll
0x75d90000 - 0x75e64000 	C:\Windows\system32\kernel32.dll
0x75190000 - 0x751da000 	C:\Windows\system32\KERNELBASE.dll
0x75530000 - 0x755d0000 	C:\Windows\system32\ADVAPI32.dll
0x757d0000 - 0x7587c000 	C:\Windows\system32\msvcrt.dll
0x75700000 - 0x75719000 	C:\Windows\SYSTEM32\sechost.dll
0x75b20000 - 0x75bc1000 	C:\Windows\system32\RPCRT4.dll
0x76e50000 - 0x76f19000 	C:\Windows\system32\USER32.dll
0x75780000 - 0x757ce000 	C:\Windows\system32\GDI32.dll
0x75770000 - 0x7577a000 	C:\Windows\system32\LPK.dll
0x755d0000 - 0x7566d000 	C:\Windows\system32\USP10.dll
0x744b0000 - 0x7464e000 	C:\Windows\WinSxS\x86_microsoft.windows.common-controls_6595b64144ccf1df_6.0.7601.17514_none_41e6975e2bd6f2b2\COMCTL32.dll
0x753b0000 - 0x75407000 	C:\Windows\system32\SHLWAPI.dll
0x75cf0000 - 0x75d0f000 	C:\Windows\system32\IMM32.DLL
0x77080000 - 0x7714c000 	C:\Windows\system32\MSCTF.dll
0x711a0000 - 0x7125f000 	C:\Program Files\Java\jre7\bin\msvcr100.dll
0x5cfa0000 - 0x5d320000 	C:\Program Files\Java\jre7\bin\client\jvm.dll
0x626a0000 - 0x626a7000 	C:\Windows\system32\WSOCK32.dll
0x758f0000 - 0x75925000 	C:\Windows\system32\WS2_32.dll
0x758e0000 - 0x758e6000 	C:\Windows\system32\NSI.dll
0x72850000 - 0x72882000 	C:\Windows\system32\WINMM.dll
0x77070000 - 0x77075000 	C:\Windows\system32\PSAPI.DLL
0x60da0000 - 0x60dac000 	C:\Program Files\Java\jre7\bin\verify.dll
0x5d5c0000 - 0x5d5e0000 	C:\Program Files\Java\jre7\bin\java.dll
0x71170000 - 0x7119a000 	C:\Program Files\Java\jre7\bin\jdwp.dll
0x712d0000 - 0x712d7000 	C:\Program Files\Java\jre7\bin\npt.dll
0x5d5a0000 - 0x5d5b3000 	C:\Program Files\Java\jre7\bin\zip.dll
0x71350000 - 0x71358000 	C:\Program Files\Java\jre7\bin\dt_socket.dll
0x73180000 - 0x73190000 	C:\Windows\system32\NLAapi.dll
0x73630000 - 0x73640000 	C:\Windows\system32\napinsp.dll
0x73600000 - 0x73612000 	C:\Windows\system32\pnrpnsp.dll
0x74850000 - 0x7488c000 	C:\Windows\System32\mswsock.dll
0x74710000 - 0x74754000 	C:\Windows\system32\DNSAPI.dll
0x735f0000 - 0x735f8000 	C:\Windows\System32\winrnr.dll
0x72f20000 - 0x72f3c000 	C:\Windows\system32\IPHLPAPI.DLL
0x72f10000 - 0x72f17000 	C:\Windows\system32\WINNSI.DLL
0x72dd0000 - 0x72e08000 	C:\Windows\System32\fwpuclnt.dll
0x704d0000 - 0x704d6000 	C:\Windows\system32\rasadhlp.dll
0x74150000 - 0x74155000 	C:\Windows\System32\wshtcpip.dll
0x583e0000 - 0x584cb000 	C:\Windows\system32\dbghelp.dll

VM Arguments:
jvm_args: -agentlib:jdwp=transport=dt_socket,suspend=y,address=localhost:51869 -Dfile.encoding=Cp1251 
java_command: O_262
Launcher Type: SUN_STANDARD

Environment Variables:
PATH=C:/Program Files/Java/jre7/bin/client;C:/Program Files/Java/jre7/bin;C:/Program Files/Java/jre7/lib/i386;C:\Windows\system32;C:\Windows;C:\Windows\System32\Wbem;C:\Windows\System32\WindowsPowerShell\v1.0\;D:\програмирование\eclipse;
USERNAME=noname
OS=Windows_NT
PROCESSOR_IDENTIFIER=x86 Family 6 Model 42 Stepping 7, GenuineIntel



---------------  S Y S T E M  ---------------

OS: Windows 7 Build 7601 Service Pack 1

CPU:total 4 (2 cores per cpu, 2 threads per core) family 6 model 42 stepping 7, cmov, cx8, fxsr, mmx, sse, sse2, sse3, ssse3, sse4.1, sse4.2, popcnt, avx, ht, tsc, tscinvbit

Memory: 4k page, physical 3659004k(994772k free), swap 7316252k(4070768k free)

vm_info: Java HotSpot(TM) Client VM (24.45-b08) for windows-x86 JRE (1.7.0_45-b18), built on Oct  8 2013 06:02:43 by "java_re" with unknown MS VC++:1600

time: Fri Jun 09 14:13:38 2017
elapsed time: 617 seconds

