#
# A fatal error has been detected by the Java Runtime Environment:
#
#  EXCEPTION_ACCESS_VIOLATION (0xc0000005) at pc=0x6e73d35b, pid=5776, tid=4364
#
# JRE version: Java(TM) SE Runtime Environment (7.0_45-b18) (build 1.7.0_45-b18)
# Java VM: Java HotSpot(TM) Client VM (24.45-b08 mixed mode windows-x86 )
# Problematic frame:
# V  [jvm.dll+0xdd35b]
#
# Failed to write core dump. Minidumps are not enabled by default on client versions of Windows
#
# If you would like to submit a bug report, please visit:
#   http://bugreport.sun.com/bugreport/crash.jsp
#

---------------  T H R E A D  ---------------

Current thread (0x01a3c400):  JavaThread "JDWP Transport Listener: dt_socket" daemon [_thread_in_vm, id=4364, stack(0x18360000,0x183b0000)]

siginfo: ExceptionCode=0xc0000005, reading address 0x003b3633

Registers:
EAX=0x003b3633, EBX=0x00000000, ECX=0x003b3633, EDX=0x00000000
ESP=0x183af714, EBP=0x183af718, ESI=0x0176ebc0, EDI=0x183af7f8
EIP=0x6e73d35b, EFLAGS=0x00010206

Top of Stack: (sp=0x183af714)
0x183af714:   0176ebc0 183af740 6e86e04a 003b3633
0x183af724:   183af77b 01a3c400 00000000 00000000
0x183af734:   00000000 01a3c400 01a3c400 183af77c
0x183af744:   60fd9d9d 0176ebc0 003b3633 183af77b
0x183af754:   003b3633 60fc436d 003b3633 183af77b
0x183af764:   00000002 00000000 00000000 0000000a
0x183af774:   00000000 00a36fdc 183af79c 60fc44e0
0x183af784:   00000001 183af7b8 183af7f4 01a8ab00 

Instructions: (pc=0x6e73d35b)
0x6e73d33b:   89 4f 04 8b 56 0c 89 57 08 8b 46 10 89 47 0c 5f
0x6e73d34b:   5e 5d c2 0c 00 55 8b ec 8b 45 08 56 85 c0 74 28
0x6e73d35b:   8b 30 85 f6 74 22 81 fe fe fe fe fe 74 1a 8b 4e
0x6e73d36b:   04 8b 41 08 8b 90 90 00 00 00 83 c1 08 ff d2 84 


Register to memory mapping:

EAX=0x003b3633 is an unknown value
EBX=0x00000000 is an unknown value
ECX=0x003b3633 is an unknown value
EDX=0x00000000 is an unknown value
ESP=0x183af714 is pointing into the stack for thread: 0x01a3c400
EBP=0x183af718 is pointing into the stack for thread: 0x01a3c400
ESI=0x0176ebc0 is an unknown value
EDI=0x183af7f8 is pointing into the stack for thread: 0x01a3c400


Stack: [0x18360000,0x183b0000],  sp=0x183af714,  free space=317k
Native frames: (J=compiled Java code, j=interpreted, Vv=VM code, C=native code)
V  [jvm.dll+0xdd35b]
V  [jvm.dll+0x20e04a]
C  [jdwp.dll+0x19d9d]
C  [jdwp.dll+0x44e0]
C  [jdwp.dll+0x451e]


---------------  P R O C E S S  ---------------

Java Threads: ( => current thread )
  0x01a5fc00 JavaThread "Service Thread" daemon [_thread_blocked, id=5120, stack(0x188b0000,0x18900000)]
  0x01a5cc00 JavaThread "C1 CompilerThread0" daemon [_thread_blocked, id=7340, stack(0x186d0000,0x18720000)]
  0x01a4c000 JavaThread "JDWP Command Reader" daemon [_thread_in_native, id=2092, stack(0x18630000,0x18680000)]
  0x01a46000 JavaThread "JDWP Event Helper Thread" daemon [_thread_blocked, id=6404, stack(0x182f0000,0x18340000)]
=>0x01a3c400 JavaThread "JDWP Transport Listener: dt_socket" daemon [_thread_in_vm, id=4364, stack(0x18360000,0x183b0000)]
  0x01a34c00 JavaThread "Attach Listener" daemon [_thread_blocked, id=1312, stack(0x01ed0000,0x01f20000)]
  0x01a31c00 JavaThread "Signal Dispatcher" daemon [_thread_blocked, id=6160, stack(0x01cc0000,0x01d10000)]
  0x01a05800 JavaThread "Finalizer" daemon [_thread_blocked, id=5932, stack(0x01e20000,0x01e70000)]
  0x01a00400 JavaThread "Reference Handler" daemon [_thread_blocked, id=6504, stack(0x01dd0000,0x01e20000)]
  0x012ec800 JavaThread "main" [_thread_blocked, id=6500, stack(0x01230000,0x01280000)]

Other Threads:
  0x019ff000 VMThread [stack: 0x01d50000,0x01da0000] [id=6468]
  0x01a71400 WatcherThread [stack: 0x18940000,0x18990000] [id=476]

VM state:not at safepoint (normal execution)

VM Mutex/Monitor currently owned by a thread: None

Heap
 def new generation   total 4928K, used 739K [0x04000000, 0x04550000, 0x09550000)
  eden space 4416K,  16% used [0x04000000, 0x040b8e88, 0x04450000)
  from space 512K,   0% used [0x04450000, 0x04450000, 0x044d0000)
  to   space 512K,   0% used [0x044d0000, 0x044d0000, 0x04550000)
 tenured generation   total 10944K, used 0K [0x09550000, 0x0a000000, 0x14000000)
   the space 10944K,   0% used [0x09550000, 0x09550000, 0x09550200, 0x0a000000)
 compacting perm gen  total 12288K, used 1981K [0x14000000, 0x14c00000, 0x18000000)
   the space 12288K,  16% used [0x14000000, 0x141ef790, 0x141ef800, 0x14c00000)
No shared spaces configured.

Card table byte_map: [0x01940000,0x019f0000] byte_map_base: 0x01920000

Polling page: 0x00140000

Code Cache  [0x02000000, 0x020a0000, 0x04000000)
 total_blobs=146 nmethods=21 adapters=71 free_code_cache=32154Kb largest_free_block=32926144

Compilation events (10 events):
Event: 0.132 Thread 0x01a5cc00   16             java.lang.CharacterDataLatin1::toLowerCase (39 bytes)
Event: 0.132 Thread 0x01a5cc00 nmethod 16 0x02097fc8 code [0x020980c0, 0x020981a0]
Event: 0.132 Thread 0x01a5cc00   17             java.lang.AbstractStringBuilder::append (29 bytes)
Event: 0.132 Thread 0x01a5cc00 nmethod 17 0x02098288 code [0x02098390, 0x0209848c]
Event: 0.136 Thread 0x01a5cc00   19             java.io.BufferedInputStream::getBufIfOpen (21 bytes)
Event: 0.136 Thread 0x01a5cc00 nmethod 19 0x02098988 code [0x02098a90, 0x02098b8c]
Event: 0.136 Thread 0x01a5cc00   20  s          java.io.BufferedInputStream::read (49 bytes)
Event: 0.136 Thread 0x01a5cc00 nmethod 20 0x02098c48 code [0x02098d70, 0x02099068]
Event: 0.138 Thread 0x01a5cc00   21             java.lang.String::length (6 bytes)
Event: 0.138 Thread 0x01a5cc00 nmethod 21 0x02099448 code [0x02099540, 0x020995d0]

GC Heap History (0 events):
No events

Deoptimization events (0 events):
No events

Internal exceptions (6 events):
Event: 0.028 Thread 0x012ec800 Threw 0x0400fc50 at C:\re\jdk7u45\229\hotspot\src\share\vm\prims\jni.cpp:3991
Event: 0.115 Thread 0x012ec800 Threw 0x040676f8 at C:\re\jdk7u45\229\hotspot\src\share\vm\prims\jvm.cpp:1244
Event: 0.132 Thread 0x012ec800 Threw 0x040888d0 at C:\re\jdk7u45\229\hotspot\src\share\vm\prims\jvm.cpp:1244
Event: 0.132 Thread 0x012ec800 Threw 0x040889e8 at C:\re\jdk7u45\229\hotspot\src\share\vm\prims\jvm.cpp:1244
Event: 0.132 Thread 0x012ec800 Threw 0x0408bbc8 at C:\re\jdk7u45\229\hotspot\src\share\vm\prims\jvm.cpp:1244
Event: 0.132 Thread 0x012ec800 Threw 0x0408bce0 at C:\re\jdk7u45\229\hotspot\src\share\vm\prims\jvm.cpp:1244

Events (10 events):
Event: 0.137 loading class 0x017e0108
Event: 0.138 loading class 0x017e0108 done
Event: 0.138 loading class 0x01a623c0
Event: 0.138 loading class 0x01a623c0 done
Event: 0.138 loading class 0x01a62360
Event: 0.138 loading class 0x01a62360 done
Event: 4.195 Executing VM operation: EnableBiasedLocking
Event: 4.195 Executing VM operation: EnableBiasedLocking done
Event: 2138.021 Executing VM operation: RedefineClasses
Event: 2138.021 Executing VM operation: RedefineClasses done


Dynamic libraries:
0x003d0000 - 0x003ff000 	C:\Program Files\Java\jre7\bin\javaw.exe
0x77b90000 - 0x77ccc000 	C:\Windows\SYSTEM32\ntdll.dll
0x76080000 - 0x76154000 	C:\Windows\system32\kernel32.dll
0x75fb0000 - 0x75ffa000 	C:\Windows\system32\KERNELBASE.dll
0x77760000 - 0x77800000 	C:\Windows\system32\ADVAPI32.dll
0x766c0000 - 0x7676c000 	C:\Windows\system32\msvcrt.dll
0x77ce0000 - 0x77cf9000 	C:\Windows\SYSTEM32\sechost.dll
0x77d10000 - 0x77db1000 	C:\Windows\system32\RPCRT4.dll
0x76550000 - 0x76619000 	C:\Windows\system32\USER32.dll
0x76770000 - 0x767be000 	C:\Windows\system32\GDI32.dll
0x76160000 - 0x7616a000 	C:\Windows\system32\LPK.dll
0x76620000 - 0x766bd000 	C:\Windows\system32\USP10.dll
0x75120000 - 0x752be000 	C:\Windows\WinSxS\x86_microsoft.windows.common-controls_6595b64144ccf1df_6.0.7601.17514_none_41e6975e2bd6f2b2\COMCTL32.dll
0x76330000 - 0x76387000 	C:\Windows\system32\SHLWAPI.dll
0x76170000 - 0x7618f000 	C:\Windows\system32\IMM32.DLL
0x767c0000 - 0x7688c000 	C:\Windows\system32\MSCTF.dll
0x002f0000 - 0x003af000 	C:\Program Files\Java\jre7\bin\msvcr100.dll
0x6e660000 - 0x6e9e0000 	C:\Program Files\Java\jre7\bin\client\jvm.dll
0x70da0000 - 0x70da7000 	C:\Windows\system32\WSOCK32.dll
0x76190000 - 0x761c5000 	C:\Windows\system32\WS2_32.dll
0x761d0000 - 0x761d6000 	C:\Windows\system32\NSI.dll
0x734c0000 - 0x734f2000 	C:\Windows\system32\WINMM.dll
0x77cd0000 - 0x77cd5000 	C:\Windows\system32\PSAPI.DLL
0x74240000 - 0x7424c000 	C:\Program Files\Java\jre7\bin\verify.dll
0x00120000 - 0x00140000 	C:\Program Files\Java\jre7\bin\java.dll
0x60fc0000 - 0x60fea000 	C:\Program Files\Java\jre7\bin\jdwp.dll
0x6e500000 - 0x6e507000 	C:\Program Files\Java\jre7\bin\npt.dll
0x00190000 - 0x001a3000 	C:\Program Files\Java\jre7\bin\zip.dll
0x64bc0000 - 0x64bc8000 	C:\Program Files\Java\jre7\bin\dt_socket.dll
0x74280000 - 0x74290000 	C:\Windows\system32\NLAapi.dll
0x742a0000 - 0x742b0000 	C:\Windows\system32\napinsp.dll
0x74130000 - 0x74142000 	C:\Windows\system32\pnrpnsp.dll
0x754c0000 - 0x754fc000 	C:\Windows\System32\mswsock.dll
0x75380000 - 0x753c4000 	C:\Windows\system32\DNSAPI.dll
0x741a0000 - 0x741a8000 	C:\Windows\System32\winrnr.dll
0x6a880000 - 0x6a8a1000 	C:\Program Files\Bonjour\mdnsNSP.dll
0x73b90000 - 0x73bac000 	C:\Windows\system32\Iphlpapi.DLL
0x73b80000 - 0x73b87000 	C:\Windows\system32\WINNSI.DLL
0x73a40000 - 0x73a78000 	C:\Windows\System32\fwpuclnt.dll
0x6a870000 - 0x6a876000 	C:\Windows\system32\rasadhlp.dll
0x74dc0000 - 0x74dc5000 	C:\Windows\System32\wshtcpip.dll
0x59a20000 - 0x59b0b000 	C:\Windows\system32\dbghelp.dll

VM Arguments:
jvm_args: -agentlib:jdwp=transport=dt_socket,suspend=y,address=localhost:56432 -Dfile.encoding=Cp1251 
java_command: O_236
Launcher Type: SUN_STANDARD

Environment Variables:
PATH=C:/Program Files/Java/jre7/bin/client;C:/Program Files/Java/jre7/bin;C:/Program Files/Java/jre7/lib/i386;C:\Windows\system32;C:\Windows;C:\Windows\System32\Wbem;C:\Windows\System32\WindowsPowerShell\v1.0\;C:\Program Files\Skype\Phone\;D:\програмирование\eclipse;
USERNAME=noname
OS=Windows_NT
PROCESSOR_IDENTIFIER=x86 Family 6 Model 42 Stepping 7, GenuineIntel



---------------  S Y S T E M  ---------------

OS: Windows 7 Build 7601 Service Pack 1

CPU:total 4 (2 cores per cpu, 2 threads per core) family 6 model 42 stepping 7, cmov, cx8, fxsr, mmx, sse, sse2, sse3, ssse3, sse4.1, sse4.2, popcnt, avx, ht, tsc, tscinvbit

Memory: 4k page, physical 3659004k(973428k free), swap 7316252k(3412524k free)

vm_info: Java HotSpot(TM) Client VM (24.45-b08) for windows-x86 JRE (1.7.0_45-b18), built on Oct  8 2013 06:02:43 by "java_re" with unknown MS VC++:1600

time: Fri Sep 01 00:01:09 2017
elapsed time: 2138 seconds

