#
# A fatal error has been detected by the Java Runtime Environment:
#
#  EXCEPTION_ACCESS_VIOLATION (0xc0000005) at pc=0x5d07d35b, pid=4764, tid=3788
#
# JRE version: Java(TM) SE Runtime Environment (7.0_45-b18) (build 1.7.0_45-b18)
# Java VM: Java HotSpot(TM) Client VM (24.45-b08 mixed mode windows-x86 )
# Problematic frame:
# V  [jvm.dll+0xdd35b]
#
# Failed to write core dump. Minidumps are not enabled by default on client versions of Windows
#
# If you would like to submit a bug report, please visit:
#   http://bugreport.sun.com/bugreport/crash.jsp
#

---------------  T H R E A D  ---------------

Current thread (0x019e3800):  JavaThread "JDWP Transport Listener: dt_socket" daemon [_thread_in_vm, id=3788, stack(0x01ce0000,0x01d30000)]

siginfo: ExceptionCode=0xc0000005, reading address 0x63003b72

Registers:
EAX=0x63003b72, EBX=0x00000000, ECX=0x63003b72, EDX=0x00000000
ESP=0x01d2f824, EBP=0x01d2f828, ESI=0x0114ead8, EDI=0x01d2f908
EIP=0x5d07d35b, EFLAGS=0x00010206

Top of Stack: (sp=0x01d2f824)
0x01d2f824:   0114ead8 01d2f850 5d1ae04a 63003b72
0x01d2f834:   01d2f88b 019e3800 00000000 00000000
0x01d2f844:   00000000 019e3800 019e3800 01d2f88c
0x01d2f854:   71359d9d 0114ead8 63003b72 01d2f88b
0x01d2f864:   63003b72 7134436d 63003b72 01d2f88b
0x01d2f874:   00000006 00000000 00000000 0000000a
0x01d2f884:   00000000 009d6b20 01d2f8ac 713444e0
0x01d2f894:   00000001 01d2f8c8 01d2f904 01a26938 

Instructions: (pc=0x5d07d35b)
0x5d07d33b:   89 4f 04 8b 56 0c 89 57 08 8b 46 10 89 47 0c 5f
0x5d07d34b:   5e 5d c2 0c 00 55 8b ec 8b 45 08 56 85 c0 74 28
0x5d07d35b:   8b 30 85 f6 74 22 81 fe fe fe fe fe 74 1a 8b 4e
0x5d07d36b:   04 8b 41 08 8b 90 90 00 00 00 83 c1 08 ff d2 84 


Register to memory mapping:

EAX=0x63003b72 is an unknown value
EBX=0x00000000 is an unknown value
ECX=0x63003b72 is an unknown value
EDX=0x00000000 is an unknown value
ESP=0x01d2f824 is pointing into the stack for thread: 0x019e3800
EBP=0x01d2f828 is pointing into the stack for thread: 0x019e3800
ESI=0x0114ead8 is an unknown value
EDI=0x01d2f908 is pointing into the stack for thread: 0x019e3800


Stack: [0x01ce0000,0x01d30000],  sp=0x01d2f824,  free space=318k
Native frames: (J=compiled Java code, j=interpreted, Vv=VM code, C=native code)
V  [jvm.dll+0xdd35b]
V  [jvm.dll+0x20e04a]
C  [jdwp.dll+0x19d9d]
C  [jdwp.dll+0x44e0]
C  [jdwp.dll+0x451e]


---------------  P R O C E S S  ---------------

Java Threads: ( => current thread )
  0x019fa400 JavaThread "Service Thread" daemon [_thread_blocked, id=5440, stack(0x184a0000,0x184f0000)]
  0x019f7400 JavaThread "C1 CompilerThread0" daemon [_thread_blocked, id=2604, stack(0x186c0000,0x18710000)]
  0x019e6c00 JavaThread "JDWP Command Reader" daemon [_thread_in_native, id=6020, stack(0x18610000,0x18660000)]
  0x019e5800 JavaThread "JDWP Event Helper Thread" daemon [_thread_blocked, id=5048, stack(0x01f80000,0x01fd0000)]
=>0x019e3800 JavaThread "JDWP Transport Listener: dt_socket" daemon [_thread_in_vm, id=3788, stack(0x01ce0000,0x01d30000)]
  0x019d4c00 JavaThread "Attach Listener" daemon [_thread_blocked, id=4156, stack(0x01dc0000,0x01e10000)]
  0x019d1800 JavaThread "Signal Dispatcher" daemon [_thread_blocked, id=5984, stack(0x01e90000,0x01ee0000)]
  0x019a5400 JavaThread "Finalizer" daemon [_thread_blocked, id=2976, stack(0x01d40000,0x01d90000)]
  0x019a0400 JavaThread "Reference Handler" daemon [_thread_blocked, id=2064, stack(0x01b90000,0x01be0000)]
  0x0126c000 JavaThread "main" [_thread_in_native, id=4996, stack(0x01850000,0x018a0000)]

Other Threads:
  0x0199f000 VMThread [stack: 0x01c00000,0x01c50000] [id=1264]
  0x01a04000 WatcherThread [stack: 0x187b0000,0x18800000] [id=2564]

VM state:not at safepoint (normal execution)

VM Mutex/Monitor currently owned by a thread: None

Heap
 def new generation   total 4928K, used 732K [0x04000000, 0x04550000, 0x09550000)
  eden space 4416K,  16% used [0x04000000, 0x040b72f0, 0x04450000)
  from space 512K,   0% used [0x04450000, 0x04450000, 0x044d0000)
  to   space 512K,   0% used [0x044d0000, 0x044d0000, 0x04550000)
 tenured generation   total 10944K, used 0K [0x09550000, 0x0a000000, 0x14000000)
   the space 10944K,   0% used [0x09550000, 0x09550000, 0x09550200, 0x0a000000)
 compacting perm gen  total 12288K, used 1934K [0x14000000, 0x14c00000, 0x18000000)
   the space 12288K,  15% used [0x14000000, 0x141e3b98, 0x141e3c00, 0x14c00000)
No shared spaces configured.

Card table byte_map: [0x01310000,0x013c0000] byte_map_base: 0x012f0000

Polling page: 0x00120000

Code Cache  [0x02000000, 0x020a0000, 0x04000000)
 total_blobs=143 nmethods=20 adapters=69 free_code_cache=32155Kb largest_free_block=32927296

Compilation events (10 events):
Event: 0.129 Thread 0x019f7400   15             java.lang.String::lastIndexOf (52 bytes)
Event: 0.129 Thread 0x019f7400 nmethod 15 0x02097ac8 code [0x02097bd0, 0x02097cec]
Event: 0.129 Thread 0x019f7400   16             java.lang.AbstractStringBuilder::ensureCapacityInternal (16 bytes)
Event: 0.129 Thread 0x019f7400 nmethod 16 0x02097dc8 code [0x02097ed0, 0x02097f8c]
Event: 0.129 Thread 0x019f7400   17             java.lang.AbstractStringBuilder::append (29 bytes)
Event: 0.129 Thread 0x019f7400 nmethod 17 0x02098008 code [0x02098110, 0x0209820c]
Event: 0.133 Thread 0x019f7400   18             java.io.BufferedInputStream::getBufIfOpen (21 bytes)
Event: 0.133 Thread 0x019f7400 nmethod 18 0x02098448 code [0x02098550, 0x0209864c]
Event: 0.133 Thread 0x019f7400   19  s          java.io.BufferedInputStream::read (49 bytes)
Event: 0.133 Thread 0x019f7400 nmethod 19 0x020989c8 code [0x02098af0, 0x02098de8]

GC Heap History (0 events):
No events

Deoptimization events (0 events):
No events

Internal exceptions (6 events):
Event: 0.021 Thread 0x0126c000 Threw 0x0400fc50 at C:\re\jdk7u45\229\hotspot\src\share\vm\prims\jni.cpp:3991
Event: 0.112 Thread 0x0126c000 Threw 0x04061e38 at C:\re\jdk7u45\229\hotspot\src\share\vm\prims\jvm.cpp:1244
Event: 0.128 Thread 0x0126c000 Threw 0x04085b18 at C:\re\jdk7u45\229\hotspot\src\share\vm\prims\jvm.cpp:1244
Event: 0.128 Thread 0x0126c000 Threw 0x04085c30 at C:\re\jdk7u45\229\hotspot\src\share\vm\prims\jvm.cpp:1244
Event: 0.129 Thread 0x0126c000 Threw 0x04088e10 at C:\re\jdk7u45\229\hotspot\src\share\vm\prims\jvm.cpp:1244
Event: 0.129 Thread 0x0126c000 Threw 0x04088f28 at C:\re\jdk7u45\229\hotspot\src\share\vm\prims\jvm.cpp:1244

Events (10 events):
Event: 0.135 loading class 0x011b7638
Event: 0.135 loading class 0x011b7638 done
Event: 4.209 Executing VM operation: EnableBiasedLocking
Event: 4.209 Executing VM operation: EnableBiasedLocking done
Event: 25.736 Executing VM operation: RedefineClasses
Event: 25.736 Executing VM operation: RedefineClasses done
Event: 25.751 Executing VM operation: ChangeBreakpoints
Event: 25.751 Executing VM operation: ChangeBreakpoints done
Event: 865.823 Executing VM operation: RedefineClasses
Event: 865.823 Executing VM operation: RedefineClasses done


Dynamic libraries:
0x013d0000 - 0x013ff000 	C:\Program Files\Java\jre7\bin\javaw.exe
0x76f20000 - 0x7705c000 	C:\Windows\SYSTEM32\ntdll.dll
0x75d90000 - 0x75e64000 	C:\Windows\system32\kernel32.dll
0x75190000 - 0x751da000 	C:\Windows\system32\KERNELBASE.dll
0x75530000 - 0x755d0000 	C:\Windows\system32\ADVAPI32.dll
0x757d0000 - 0x7587c000 	C:\Windows\system32\msvcrt.dll
0x75700000 - 0x75719000 	C:\Windows\SYSTEM32\sechost.dll
0x75b20000 - 0x75bc1000 	C:\Windows\system32\RPCRT4.dll
0x76e50000 - 0x76f19000 	C:\Windows\system32\USER32.dll
0x75780000 - 0x757ce000 	C:\Windows\system32\GDI32.dll
0x75770000 - 0x7577a000 	C:\Windows\system32\LPK.dll
0x755d0000 - 0x7566d000 	C:\Windows\system32\USP10.dll
0x744b0000 - 0x7464e000 	C:\Windows\WinSxS\x86_microsoft.windows.common-controls_6595b64144ccf1df_6.0.7601.17514_none_41e6975e2bd6f2b2\COMCTL32.dll
0x753b0000 - 0x75407000 	C:\Windows\system32\SHLWAPI.dll
0x75cf0000 - 0x75d0f000 	C:\Windows\system32\IMM32.DLL
0x77080000 - 0x7714c000 	C:\Windows\system32\MSCTF.dll
0x711a0000 - 0x7125f000 	C:\Program Files\Java\jre7\bin\msvcr100.dll
0x5cfa0000 - 0x5d320000 	C:\Program Files\Java\jre7\bin\client\jvm.dll
0x626a0000 - 0x626a7000 	C:\Windows\system32\WSOCK32.dll
0x758f0000 - 0x75925000 	C:\Windows\system32\WS2_32.dll
0x758e0000 - 0x758e6000 	C:\Windows\system32\NSI.dll
0x72850000 - 0x72882000 	C:\Windows\system32\WINMM.dll
0x77070000 - 0x77075000 	C:\Windows\system32\PSAPI.DLL
0x60da0000 - 0x60dac000 	C:\Program Files\Java\jre7\bin\verify.dll
0x5d5c0000 - 0x5d5e0000 	C:\Program Files\Java\jre7\bin\java.dll
0x71340000 - 0x7136a000 	C:\Program Files\Java\jre7\bin\jdwp.dll
0x71390000 - 0x71397000 	C:\Program Files\Java\jre7\bin\npt.dll
0x5d5a0000 - 0x5d5b3000 	C:\Program Files\Java\jre7\bin\zip.dll
0x713b0000 - 0x713b8000 	C:\Program Files\Java\jre7\bin\dt_socket.dll
0x73180000 - 0x73190000 	C:\Windows\system32\NLAapi.dll
0x73630000 - 0x73640000 	C:\Windows\system32\napinsp.dll
0x73600000 - 0x73612000 	C:\Windows\system32\pnrpnsp.dll
0x74850000 - 0x7488c000 	C:\Windows\System32\mswsock.dll
0x74710000 - 0x74754000 	C:\Windows\system32\DNSAPI.dll
0x735f0000 - 0x735f8000 	C:\Windows\System32\winrnr.dll
0x72f20000 - 0x72f3c000 	C:\Windows\system32\IPHLPAPI.DLL
0x72f10000 - 0x72f17000 	C:\Windows\system32\WINNSI.DLL
0x72dd0000 - 0x72e08000 	C:\Windows\System32\fwpuclnt.dll
0x704d0000 - 0x704d6000 	C:\Windows\system32\rasadhlp.dll
0x74150000 - 0x74155000 	C:\Windows\System32\wshtcpip.dll
0x583e0000 - 0x584cb000 	C:\Windows\system32\dbghelp.dll

VM Arguments:
jvm_args: -agentlib:jdwp=transport=dt_socket,suspend=y,address=localhost:50117 -Dfile.encoding=Cp1251 
java_command: O_364_
Launcher Type: SUN_STANDARD

Environment Variables:
PATH=C:/Program Files/Java/jre7/bin/client;C:/Program Files/Java/jre7/bin;C:/Program Files/Java/jre7/lib/i386;C:\Windows\system32;C:\Windows;C:\Windows\System32\Wbem;C:\Windows\System32\WindowsPowerShell\v1.0\;D:\програмирование\eclipse;
USERNAME=noname
OS=Windows_NT
PROCESSOR_IDENTIFIER=x86 Family 6 Model 42 Stepping 7, GenuineIntel



---------------  S Y S T E M  ---------------

OS: Windows 7 Build 7601 Service Pack 1

CPU:total 4 (2 cores per cpu, 2 threads per core) family 6 model 42 stepping 7, cmov, cx8, fxsr, mmx, sse, sse2, sse3, ssse3, sse4.1, sse4.2, popcnt, avx, ht, tsc, tscinvbit

Memory: 4k page, physical 3659004k(1858436k free), swap 7316252k(5235280k free)

vm_info: Java HotSpot(TM) Client VM (24.45-b08) for windows-x86 JRE (1.7.0_45-b18), built on Oct  8 2013 06:02:43 by "java_re" with unknown MS VC++:1600

time: Fri Jun 09 11:02:30 2017
elapsed time: 865 seconds

