#
# A fatal error has been detected by the Java Runtime Environment:
#
#  EXCEPTION_ACCESS_VIOLATION (0xc0000005) at pc=0x6e33d35b, pid=5072, tid=2804
#
# JRE version: Java(TM) SE Runtime Environment (7.0_45-b18) (build 1.7.0_45-b18)
# Java VM: Java HotSpot(TM) Client VM (24.45-b08 mixed mode windows-x86 )
# Problematic frame:
# V  [jvm.dll+0xdd35b]
#
# Failed to write core dump. Minidumps are not enabled by default on client versions of Windows
#
# If you would like to submit a bug report, please visit:
#   http://bugreport.sun.com/bugreport/crash.jsp
#

---------------  T H R E A D  ---------------

Current thread (0x00ccc400):  JavaThread "JDWP Transport Listener: dt_socket" daemon [_thread_in_vm, id=2804, stack(0x01d20000,0x01d70000)]

siginfo: ExceptionCode=0xc0000005, reading address 0x3b72003b

Registers:
EAX=0x3b72003b, EBX=0x00000000, ECX=0x3b72003b, EDX=0x00000000
ESP=0x01d6f3a4, EBP=0x01d6f3a8, ESI=0x005febc0, EDI=0x01d6f488
EIP=0x6e33d35b, EFLAGS=0x00010202

Top of Stack: (sp=0x01d6f3a4)
0x01d6f3a4:   005febc0 01d6f3d0 6e46e04a 3b72003b
0x01d6f3b4:   01d6f40b 00ccc400 00000000 00000000
0x01d6f3c4:   00000000 00ccc400 00ccc400 01d6f40c
0x01d6f3d4:   6ebd9d9d 005febc0 3b72003b 01d6f40b
0x01d6f3e4:   3b72003b 6ebc436d 3b72003b 01d6f40b
0x01d6f3f4:   0000000a 00000000 00000000 0000000a
0x01d6f404:   00000000 00cc6be8 01d6f42c 6ebc44e0
0x01d6f414:   00000001 01d6f448 01d6f484 00d0f270 

Instructions: (pc=0x6e33d35b)
0x6e33d33b:   89 4f 04 8b 56 0c 89 57 08 8b 46 10 89 47 0c 5f
0x6e33d34b:   5e 5d c2 0c 00 55 8b ec 8b 45 08 56 85 c0 74 28
0x6e33d35b:   8b 30 85 f6 74 22 81 fe fe fe fe fe 74 1a 8b 4e
0x6e33d36b:   04 8b 41 08 8b 90 90 00 00 00 83 c1 08 ff d2 84 


Register to memory mapping:

EAX=0x3b72003b is an unknown value
EBX=0x00000000 is an unknown value
ECX=0x3b72003b is an unknown value
EDX=0x00000000 is an unknown value
ESP=0x01d6f3a4 is pointing into the stack for thread: 0x00ccc400
EBP=0x01d6f3a8 is pointing into the stack for thread: 0x00ccc400
ESI=0x005febc0 is an unknown value
EDI=0x01d6f488 is pointing into the stack for thread: 0x00ccc400


Stack: [0x01d20000,0x01d70000],  sp=0x01d6f3a4,  free space=316k
Native frames: (J=compiled Java code, j=interpreted, Vv=VM code, C=native code)
V  [jvm.dll+0xdd35b]
V  [jvm.dll+0x20e04a]
C  [jdwp.dll+0x19d9d]
C  [jdwp.dll+0x44e0]
C  [jdwp.dll+0x451e]


---------------  P R O C E S S  ---------------

Java Threads: ( => current thread )
  0x00cec000 JavaThread "Service Thread" daemon [_thread_blocked, id=6104, stack(0x187b0000,0x18800000)]
  0x00ce9800 JavaThread "C1 CompilerThread0" daemon [_thread_blocked, id=5540, stack(0x186e0000,0x18730000)]
  0x00cd7400 JavaThread "JDWP Command Reader" daemon [_thread_in_native, id=4984, stack(0x183d0000,0x18420000)]
  0x00cd6000 JavaThread "JDWP Event Helper Thread" daemon [_thread_blocked, id=5688, stack(0x185a0000,0x185f0000)]
=>0x00ccc400 JavaThread "JDWP Transport Listener: dt_socket" daemon [_thread_in_vm, id=2804, stack(0x01d20000,0x01d70000)]
  0x00cc4c00 JavaThread "Attach Listener" daemon [_thread_blocked, id=3804, stack(0x01de0000,0x01e30000)]
  0x00cc1c00 JavaThread "Signal Dispatcher" daemon [_thread_blocked, id=180, stack(0x01e30000,0x01e80000)]
  0x00c95800 JavaThread "Finalizer" daemon [_thread_blocked, id=2140, stack(0x00f40000,0x00f90000)]
  0x00c90400 JavaThread "Reference Handler" daemon [_thread_blocked, id=6080, stack(0x01cc0000,0x01d10000)]
  0x0051c800 JavaThread "main" [_thread_in_native, id=3652, stack(0x00c30000,0x00c80000)]

Other Threads:
  0x00c8f000 VMThread [stack: 0x00ea0000,0x00ef0000] [id=628]
  0x00ce8000 WatcherThread [stack: 0x01d70000,0x01dc0000] [id=5296]

VM state:not at safepoint (normal execution)

VM Mutex/Monitor currently owned by a thread: None

Heap
 def new generation   total 4928K, used 482K [0x04000000, 0x04550000, 0x09550000)
  eden space 4416K,  10% used [0x04000000, 0x04078818, 0x04450000)
  from space 512K,   0% used [0x04450000, 0x04450000, 0x044d0000)
  to   space 512K,   0% used [0x044d0000, 0x044d0000, 0x04550000)
 tenured generation   total 10944K, used 0K [0x09550000, 0x0a000000, 0x14000000)
   the space 10944K,   0% used [0x09550000, 0x09550000, 0x09550200, 0x0a000000)
 compacting perm gen  total 12288K, used 1698K [0x14000000, 0x14c00000, 0x18000000)
   the space 12288K,  13% used [0x14000000, 0x141a88b8, 0x141a8a00, 0x14c00000)
No shared spaces configured.

Card table byte_map: [0x00b80000,0x00c30000] byte_map_base: 0x00b60000

Polling page: 0x00120000

Code Cache  [0x02000000, 0x02098000, 0x04000000)
 total_blobs=130 nmethods=7 adapters=69 free_code_cache=32186Kb largest_free_block=32959168

Compilation events (10 events):
Event: 0.455 Thread 0x00ce9800    3             java.lang.String::indexOf (70 bytes)
Event: 0.456 Thread 0x00ce9800 nmethod 3 0x02090188 code [0x020902a0, 0x020903ec]
Event: 0.467 Thread 0x00ce9800    4             java.lang.String::equals (81 bytes)
Event: 0.467 Thread 0x00ce9800 nmethod 4 0x02090548 code [0x02090660, 0x02090800]
Event: 0.490 Thread 0x00ce9800    5             java.lang.Object::<init> (1 bytes)
Event: 0.490 Thread 0x00ce9800 nmethod 5 0x02090cc8 code [0x02090dc0, 0x02090e50]
Event: 0.491 Thread 0x00ce9800    6             java.lang.String::lastIndexOf (52 bytes)
Event: 0.491 Thread 0x00ce9800 nmethod 6 0x02090ec8 code [0x02090fd0, 0x020910ec]
Event: 0.501 Thread 0x00ce9800    7             java.lang.AbstractStringBuilder::ensureCapacityInternal (16 bytes)
Event: 0.501 Thread 0x00ce9800 nmethod 7 0x020911c8 code [0x020912d0, 0x0209138c]

GC Heap History (0 events):
No events

Deoptimization events (0 events):
No events

Internal exceptions (2 events):
Event: 0.107 Thread 0x0051c800 Threw 0x0400fc50 at C:\re\jdk7u45\229\hotspot\src\share\vm\prims\jni.cpp:3991
Event: 0.490 Thread 0x0051c800 Threw 0x040676f8 at C:\re\jdk7u45\229\hotspot\src\share\vm\prims\jvm.cpp:1244

Events (10 events):
Event: 1583.339 Executing VM operation: RedefineClasses
Event: 1583.339 Executing VM operation: RedefineClasses done
Event: 1583.345 Executing VM operation: ChangeBreakpoints
Event: 1583.345 Executing VM operation: ChangeBreakpoints done
Event: 1765.978 Executing VM operation: RedefineClasses
Event: 1765.978 Executing VM operation: RedefineClasses done
Event: 1765.992 Executing VM operation: ChangeBreakpoints
Event: 1765.992 Executing VM operation: ChangeBreakpoints done
Event: 2569.826 Executing VM operation: RedefineClasses
Event: 2569.826 Executing VM operation: RedefineClasses done


Dynamic libraries:
0x01030000 - 0x0105f000 	C:\Program Files\Java\jre7\bin\javaw.exe
0x778a0000 - 0x779dc000 	C:\Windows\SYSTEM32\ntdll.dll
0x771b0000 - 0x77284000 	C:\Windows\system32\kernel32.dll
0x75c60000 - 0x75caa000 	C:\Windows\system32\KERNELBASE.dll
0x776e0000 - 0x77780000 	C:\Windows\system32\ADVAPI32.dll
0x77630000 - 0x776dc000 	C:\Windows\system32\msvcrt.dll
0x77ab0000 - 0x77ac9000 	C:\Windows\SYSTEM32\sechost.dll
0x76b70000 - 0x76c11000 	C:\Windows\system32\RPCRT4.dll
0x779e0000 - 0x77aa9000 	C:\Windows\system32\USER32.dll
0x77390000 - 0x773de000 	C:\Windows\system32\GDI32.dll
0x773f0000 - 0x773fa000 	C:\Windows\system32\LPK.dll
0x77290000 - 0x7732d000 	C:\Windows\system32\USP10.dll
0x74e30000 - 0x74fce000 	C:\Windows\WinSxS\x86_microsoft.windows.common-controls_6595b64144ccf1df_6.0.7601.17514_none_41e6975e2bd6f2b2\COMCTL32.dll
0x77330000 - 0x77387000 	C:\Windows\system32\SHLWAPI.dll
0x75df0000 - 0x75e0f000 	C:\Windows\system32\IMM32.DLL
0x76c20000 - 0x76cec000 	C:\Windows\system32\MSCTF.dll
0x77f60000 - 0x7801f000 	C:\Program Files\Java\jre7\bin\msvcr100.dll
0x6e260000 - 0x6e5e0000 	C:\Program Files\Java\jre7\bin\client\jvm.dll
0x70ab0000 - 0x70ab7000 	C:\Windows\system32\WSOCK32.dll
0x75d80000 - 0x75db5000 	C:\Windows\system32\WS2_32.dll
0x77620000 - 0x77626000 	C:\Windows\system32\NSI.dll
0x73520000 - 0x73552000 	C:\Windows\system32\WINMM.dll
0x773e0000 - 0x773e5000 	C:\Windows\system32\PSAPI.DLL
0x6eea0000 - 0x6eeac000 	C:\Program Files\Java\jre7\bin\verify.dll
0x553d0000 - 0x553f0000 	C:\Program Files\Java\jre7\bin\java.dll
0x6ebc0000 - 0x6ebea000 	C:\Program Files\Java\jre7\bin\jdwp.dll
0x6ed00000 - 0x6ed07000 	C:\Program Files\Java\jre7\bin\npt.dll
0x5b4c0000 - 0x5b4d3000 	C:\Program Files\Java\jre7\bin\zip.dll
0x6ebb0000 - 0x6ebb8000 	C:\Program Files\Java\jre7\bin\dt_socket.dll
0x73ad0000 - 0x73ae0000 	C:\Windows\system32\NLAapi.dll
0x73c80000 - 0x73c90000 	C:\Windows\system32\napinsp.dll
0x6ea40000 - 0x6ea52000 	C:\Windows\system32\pnrpnsp.dll
0x751d0000 - 0x7520c000 	C:\Windows\System32\mswsock.dll
0x75090000 - 0x750d4000 	C:\Windows\system32\DNSAPI.dll
0x70250000 - 0x70258000 	C:\Windows\System32\winrnr.dll
0x6ff10000 - 0x6ff31000 	C:\Program Files\Bonjour\mdnsNSP.dll
0x738a0000 - 0x738bc000 	C:\Windows\system32\Iphlpapi.DLL
0x73890000 - 0x73897000 	C:\Windows\system32\WINNSI.DLL
0x73760000 - 0x73798000 	C:\Windows\System32\fwpuclnt.dll
0x6fab0000 - 0x6fab6000 	C:\Windows\system32\rasadhlp.dll
0x74ad0000 - 0x74ad5000 	C:\Windows\System32\wshtcpip.dll
0x616a0000 - 0x6178b000 	C:\Windows\system32\dbghelp.dll

VM Arguments:
jvm_args: -agentlib:jdwp=transport=dt_socket,suspend=y,address=localhost:50132 -Dfile.encoding=Cp1251 
java_command: O_573
Launcher Type: SUN_STANDARD

Environment Variables:
PATH=C:/Program Files/Java/jre7/bin/client;C:/Program Files/Java/jre7/bin;C:/Program Files/Java/jre7/lib/i386;C:\Windows\system32;C:\Windows;C:\Windows\System32\Wbem;C:\Windows\System32\WindowsPowerShell\v1.0\;C:\Program Files\Skype\Phone\;D:\програмирование\eclipse;
USERNAME=noname
OS=Windows_NT
PROCESSOR_IDENTIFIER=x86 Family 6 Model 42 Stepping 7, GenuineIntel



---------------  S Y S T E M  ---------------

OS: Windows 7 Build 7601 Service Pack 1

CPU:total 4 (2 cores per cpu, 2 threads per core) family 6 model 42 stepping 7, cmov, cx8, fxsr, mmx, sse, sse2, sse3, ssse3, sse4.1, sse4.2, popcnt, avx, ht, tsc, tscinvbit

Memory: 4k page, physical 3659004k(1370136k free), swap 7316252k(4476756k free)

vm_info: Java HotSpot(TM) Client VM (24.45-b08) for windows-x86 JRE (1.7.0_45-b18), built on Oct  8 2013 06:02:43 by "java_re" with unknown MS VC++:1600

time: Wed Sep 13 11:19:04 2017
elapsed time: 2569 seconds

