#
# A fatal error has been detected by the Java Runtime Environment:
#
#  EXCEPTION_ACCESS_VIOLATION (0xc0000005) at pc=0x6dd854ec, pid=5340, tid=5744
#
# JRE version: Java(TM) SE Runtime Environment (7.0_45-b18) (build 1.7.0_45-b18)
# Java VM: Java HotSpot(TM) Client VM (24.45-b08 mixed mode windows-x86 )
# Problematic frame:
# V  [jvm.dll+0x1054ec]
#
# Failed to write core dump. Minidumps are not enabled by default on client versions of Windows
#
# If you would like to submit a bug report, please visit:
#   http://bugreport.sun.com/bugreport/crash.jsp
#

---------------  T H R E A D  ---------------

Current thread (0x0192c400):  JavaThread "JDWP Transport Listener: dt_socket" daemon [_thread_in_vm, id=5744, stack(0x01f50000,0x01fa0000)]

siginfo: ExceptionCode=0xc0000005, writing address 0x519ade00

Registers:
EAX=0x019273a8, EBX=0x14000180, ECX=0x019ad800, EDX=0x00000000
ESP=0x01f9f6c4, EBP=0x01f9f6fc, ESI=0x14193838, EDI=0x00000020
EIP=0x6dd854ec, EFLAGS=0x00010206

Top of Stack: (sp=0x01f9f6c4)
0x01f9f6c4:   0169eb20 0406e420 00000000 0192c400
0x01f9f6d4:   01931b30 01933df8 01933e00 019341ec
0x01f9f6e4:   000003ec 01f9f960 01933e24 00000008
0x01f9f6f4:   00000003 019ad800 01f9f730 6de88eff
0x01f9f704:   01933e00 01f9f758 01f9f754 01f9f7b8
0x01f9f714:   01926d7c 0192c400 00000000 00000000
0x01f9f724:   00000000 0192c400 0192c400 01f9f75c
0x01f9f734:   5b6c449d 0169eb20 01926d7c 01f9f758 

Instructions: (pc=0x6dd854ec)
0x6dd854cc:   76 14 8b 76 10 50 51 8b cc 56 e8 45 ef ef ff e8
0x6dd854dc:   60 f5 f9 ff 8b 4d fc 83 c4 08 83 c7 04 ff 4d f8
0x6dd854ec:   89 04 99 75 a6 eb 53 85 f6 7e 55 bb 0c 00 00 00
0x6dd854fc:   8b f8 2b d8 89 75 f8 8b 45 08 85 c0 74 02 8b 00 


Register to memory mapping:

EAX=0x019273a8 is a weak global jni handle
EBX=0x14000180 is an oop
{other class} 
 - klass: {other class}
ECX=0x019ad800 is an unknown value
EDX=0x00000000 is an unknown value
ESP=0x01f9f6c4 is pointing into the stack for thread: 0x0192c400
EBP=0x01f9f6fc is pointing into the stack for thread: 0x0192c400
ESI=0x14193838 is an oop
{instance class} 
 - klass: {other class}
EDI=0x00000020 is an unknown value


Stack: [0x01f50000,0x01fa0000],  sp=0x01f9f6c4,  free space=317k
Native frames: (J=compiled Java code, j=interpreted, Vv=VM code, C=native code)
V  [jvm.dll+0x1054ec]
V  [jvm.dll+0x208eff]
C  [jdwp.dll+0x449d]
C  [jdwp.dll+0x451e]


---------------  P R O C E S S  ---------------

Java Threads: ( => current thread )
  0x0194dc00 JavaThread "Service Thread" daemon [_thread_blocked, id=3256, stack(0x18300000,0x18350000)]
  0x0194b400 JavaThread "C1 CompilerThread0" daemon [_thread_blocked, id=4072, stack(0x183c0000,0x18410000)]
  0x0193b000 JavaThread "JDWP Command Reader" daemon [_thread_in_native, id=5416, stack(0x184c0000,0x18510000)]
  0x01936000 JavaThread "JDWP Event Helper Thread" daemon [_thread_blocked, id=5952, stack(0x01bb0000,0x01c00000)]
=>0x0192c400 JavaThread "JDWP Transport Listener: dt_socket" daemon [_thread_in_vm, id=5744, stack(0x01f50000,0x01fa0000)]
  0x01925000 JavaThread "Attach Listener" daemon [_thread_blocked, id=5892, stack(0x01200000,0x01250000)]
  0x01921800 JavaThread "Signal Dispatcher" daemon [_thread_blocked, id=4200, stack(0x01e00000,0x01e50000)]
  0x018f5800 JavaThread "Finalizer" daemon [_thread_blocked, id=1340, stack(0x01b60000,0x01bb0000)]
  0x018f0400 JavaThread "Reference Handler" daemon [_thread_blocked, id=2804, stack(0x01cf0000,0x01d40000)]
  0x0187c800 JavaThread "main" [_thread_blocked, id=5396, stack(0x010a0000,0x010f0000)]

Other Threads:
  0x018ef000 VMThread [stack: 0x01c10000,0x01c60000] [id=2564]
  0x01967400 WatcherThread [stack: 0x18510000,0x18560000] [id=3428]

VM state:not at safepoint (normal execution)

VM Mutex/Monitor currently owned by a thread: None

Heap
 def new generation   total 4928K, used 741K [0x04000000, 0x04550000, 0x09550000)
  eden space 4416K,  16% used [0x04000000, 0x040b9520, 0x04450000)
  from space 512K,   0% used [0x04450000, 0x04450000, 0x044d0000)
  to   space 512K,   0% used [0x044d0000, 0x044d0000, 0x04550000)
 tenured generation   total 10944K, used 0K [0x09550000, 0x0a000000, 0x14000000)
   the space 10944K,   0% used [0x09550000, 0x09550000, 0x09550200, 0x0a000000)
 compacting perm gen  total 12288K, used 2015K [0x14000000, 0x14c00000, 0x18000000)
   the space 12288K,  16% used [0x14000000, 0x141f7e68, 0x141f8000, 0x14c00000)
No shared spaces configured.

Card table byte_map: [0x01780000,0x01830000] byte_map_base: 0x01760000

Polling page: 0x01070000

Code Cache  [0x02000000, 0x020a0000, 0x04000000)
 total_blobs=146 nmethods=21 adapters=71 free_code_cache=32154Kb largest_free_block=32926144

Compilation events (10 events):
Event: 2.552 Thread 0x0194b400   16             java.lang.CharacterDataLatin1::toLowerCase (39 bytes)
Event: 2.552 Thread 0x0194b400 nmethod 16 0x02097fc8 code [0x020980c0, 0x020981a0]
Event: 2.554 Thread 0x0194b400   17             java.lang.AbstractStringBuilder::append (29 bytes)
Event: 2.554 Thread 0x0194b400 nmethod 17 0x02098288 code [0x02098390, 0x0209848c]
Event: 2.562 Thread 0x0194b400   19             java.io.BufferedInputStream::getBufIfOpen (21 bytes)
Event: 2.562 Thread 0x0194b400 nmethod 19 0x02098988 code [0x02098a90, 0x02098b8c]
Event: 2.562 Thread 0x0194b400   20  s          java.io.BufferedInputStream::read (49 bytes)
Event: 2.562 Thread 0x0194b400 nmethod 20 0x02098c48 code [0x02098d70, 0x02099068]
Event: 2.565 Thread 0x0194b400   21             java.lang.String::length (6 bytes)
Event: 2.565 Thread 0x0194b400 nmethod 21 0x02099448 code [0x02099540, 0x020995d0]

GC Heap History (0 events):
No events

Deoptimization events (0 events):
No events

Internal exceptions (6 events):
Event: 0.021 Thread 0x0187c800 Threw 0x0400fc50 at C:\re\jdk7u45\229\hotspot\src\share\vm\prims\jni.cpp:3991
Event: 0.207 Thread 0x0187c800 Threw 0x040675e8 at C:\re\jdk7u45\229\hotspot\src\share\vm\prims\jvm.cpp:1244
Event: 2.555 Thread 0x0187c800 Threw 0x04088160 at C:\re\jdk7u45\229\hotspot\src\share\vm\prims\jvm.cpp:1244
Event: 2.555 Thread 0x0187c800 Threw 0x04088278 at C:\re\jdk7u45\229\hotspot\src\share\vm\prims\jvm.cpp:1244
Event: 2.557 Thread 0x0187c800 Threw 0x0408b458 at C:\re\jdk7u45\229\hotspot\src\share\vm\prims\jvm.cpp:1244
Event: 2.557 Thread 0x0187c800 Threw 0x0408b570 at C:\re\jdk7u45\229\hotspot\src\share\vm\prims\jvm.cpp:1244

Events (10 events):
Event: 769.113 Executing VM operation: RedefineClasses
Event: 769.113 Executing VM operation: RedefineClasses done
Event: 3083.472 Executing VM operation: RedefineClasses
Event: 3083.473 Executing VM operation: RedefineClasses done
Event: 3116.294 Executing VM operation: RedefineClasses
Event: 3116.295 Executing VM operation: RedefineClasses done
Event: 3162.778 Executing VM operation: RedefineClasses
Event: 3162.779 Executing VM operation: RedefineClasses done
Event: 9651.101 Executing VM operation: RedefineClasses
Event: 9651.101 Executing VM operation: RedefineClasses done


Dynamic libraries:
0x01250000 - 0x0127f000 	C:\Program Files\Java\jre7\bin\javaw.exe
0x76db0000 - 0x76eec000 	C:\Windows\SYSTEM32\ntdll.dll
0x760e0000 - 0x761b4000 	C:\Windows\system32\kernel32.dll
0x74fc0000 - 0x7500a000 	C:\Windows\system32\KERNELBASE.dll
0x766c0000 - 0x76760000 	C:\Windows\system32\ADVAPI32.dll
0x76910000 - 0x769bc000 	C:\Windows\system32\msvcrt.dll
0x762e0000 - 0x762f9000 	C:\Windows\SYSTEM32\sechost.dll
0x76480000 - 0x76521000 	C:\Windows\system32\RPCRT4.dll
0x76360000 - 0x76429000 	C:\Windows\system32\USER32.dll
0x768c0000 - 0x7690e000 	C:\Windows\system32\GDI32.dll
0x76f00000 - 0x76f0a000 	C:\Windows\system32\LPK.dll
0x76f40000 - 0x76fdd000 	C:\Windows\system32\USP10.dll
0x74330000 - 0x744ce000 	C:\Windows\WinSxS\x86_microsoft.windows.common-controls_6595b64144ccf1df_6.0.7601.17514_none_41e6975e2bd6f2b2\COMCTL32.dll
0x753f0000 - 0x75447000 	C:\Windows\system32\SHLWAPI.dll
0x76f20000 - 0x76f3f000 	C:\Windows\system32\IMM32.DLL
0x76570000 - 0x7663c000 	C:\Windows\system32\MSCTF.dll
0x77b20000 - 0x77bdf000 	C:\Program Files\Java\jre7\bin\msvcr100.dll
0x6dc80000 - 0x6e000000 	C:\Program Files\Java\jre7\bin\client\jvm.dll
0x6ffc0000 - 0x6ffc7000 	C:\Windows\system32\WSOCK32.dll
0x76530000 - 0x76565000 	C:\Windows\system32\WS2_32.dll
0x75450000 - 0x75456000 	C:\Windows\system32\NSI.dll
0x728c0000 - 0x728f2000 	C:\Windows\system32\WINMM.dll
0x76f10000 - 0x76f15000 	C:\Windows\system32\PSAPI.DLL
0x64f90000 - 0x64f9c000 	C:\Program Files\Java\jre7\bin\verify.dll
0x52f20000 - 0x52f40000 	C:\Program Files\Java\jre7\bin\java.dll
0x5b6c0000 - 0x5b6ea000 	C:\Program Files\Java\jre7\bin\jdwp.dll
0x6a1b0000 - 0x6a1b7000 	C:\Program Files\Java\jre7\bin\npt.dll
0x52f00000 - 0x52f13000 	C:\Program Files\Java\jre7\bin\zip.dll
0x6a190000 - 0x6a198000 	C:\Program Files\Java\jre7\bin\dt_socket.dll
0x72fe0000 - 0x72ff0000 	C:\Windows\system32\NLAapi.dll
0x638e0000 - 0x638f0000 	C:\Windows\system32\napinsp.dll
0x638c0000 - 0x638d2000 	C:\Windows\system32\pnrpnsp.dll
0x746e0000 - 0x7471c000 	C:\Windows\System32\mswsock.dll
0x745a0000 - 0x745e4000 	C:\Windows\system32\DNSAPI.dll
0x638b0000 - 0x638b8000 	C:\Windows\System32\winrnr.dll
0x66920000 - 0x66941000 	C:\Program Files\Bonjour\mdnsNSP.dll
0x72db0000 - 0x72dcc000 	C:\Windows\system32\Iphlpapi.DLL
0x72d90000 - 0x72d97000 	C:\Windows\system32\WINNSI.DLL
0x72c60000 - 0x72c98000 	C:\Windows\System32\fwpuclnt.dll
0x65ee0000 - 0x65ee6000 	C:\Windows\system32\rasadhlp.dll
0x73fe0000 - 0x73fe5000 	C:\Windows\System32\wshtcpip.dll
0x5f1c0000 - 0x5f2ab000 	C:\Windows\system32\dbghelp.dll

VM Arguments:
jvm_args: -agentlib:jdwp=transport=dt_socket,suspend=y,address=localhost:51070 -Dfile.encoding=Cp1251 
java_command: O_350
Launcher Type: SUN_STANDARD

Environment Variables:
PATH=C:/Program Files/Java/jre7/bin/client;C:/Program Files/Java/jre7/bin;C:/Program Files/Java/jre7/lib/i386;C:\Windows\system32;C:\Windows;C:\Windows\System32\Wbem;C:\Windows\System32\WindowsPowerShell\v1.0\;D:\програмирование\eclipse;
USERNAME=noname
OS=Windows_NT
PROCESSOR_IDENTIFIER=x86 Family 6 Model 42 Stepping 7, GenuineIntel



---------------  S Y S T E M  ---------------

OS: Windows 7 Build 7601 Service Pack 1

CPU:total 4 (2 cores per cpu, 2 threads per core) family 6 model 42 stepping 7, cmov, cx8, fxsr, mmx, sse, sse2, sse3, ssse3, sse4.1, sse4.2, popcnt, avx, ht, tsc, tscinvbit

Memory: 4k page, physical 3659004k(920164k free), swap 7316252k(2947940k free)

vm_info: Java HotSpot(TM) Client VM (24.45-b08) for windows-x86 JRE (1.7.0_45-b18), built on Oct  8 2013 06:02:43 by "java_re" with unknown MS VC++:1600

time: Mon Aug 07 13:44:42 2017
elapsed time: 9651 seconds

