#
# A fatal error has been detected by the Java Runtime Environment:
#
#  EXCEPTION_ACCESS_VIOLATION (0xc0000005) at pc=0x6dd5d35b, pid=7476, tid=7612
#
# JRE version: Java(TM) SE Runtime Environment (7.0_45-b18) (build 1.7.0_45-b18)
# Java VM: Java HotSpot(TM) Client VM (24.45-b08 mixed mode windows-x86 )
# Problematic frame:
# V  [jvm.dll+0xdd35b]
#
# Failed to write core dump. Minidumps are not enabled by default on client versions of Windows
#
# If you would like to submit a bug report, please visit:
#   http://bugreport.sun.com/bugreport/crash.jsp
#

---------------  T H R E A D  ---------------

Current thread (0x01a73800):  JavaThread "JDWP Transport Listener: dt_socket" daemon [_thread_in_vm, id=7612, stack(0x01f30000,0x01f80000)]

siginfo: ExceptionCode=0xc0000005, reading address 0x00000008

Registers:
EAX=0x00000008, EBX=0x00000000, ECX=0x00000008, EDX=0x00000000
ESP=0x01f7f9c4, EBP=0x01f7f9c8, ESI=0x010eeb20, EDI=0x01f7faa8
EIP=0x6dd5d35b, EFLAGS=0x00010202

Top of Stack: (sp=0x01f7f9c4)
0x01f7f9c4:   010eeb20 01f7f9f0 6de8e04a 00000008
0x01f7f9d4:   01f7fa2b 01a73800 00000000 00000000
0x01f7f9e4:   00000000 01a73800 01a73800 01f7fa2c
0x01f7f9f4:   5b6d9d9d 010eeb20 00000008 01f7fa2b
0x01f7fa04:   00000008 5b6c436d 00000008 01f7fa2b
0x01f7fa14:   00000003 00000000 00000000 0000000a
0x01f7fa24:   00000000 00a66ff8 01f7fa4c 5b6c44e0
0x01f7fa34:   00000001 01f7fa68 01f7faa4 01ab2df8 

Instructions: (pc=0x6dd5d35b)
0x6dd5d33b:   89 4f 04 8b 56 0c 89 57 08 8b 46 10 89 47 0c 5f
0x6dd5d34b:   5e 5d c2 0c 00 55 8b ec 8b 45 08 56 85 c0 74 28
0x6dd5d35b:   8b 30 85 f6 74 22 81 fe fe fe fe fe 74 1a 8b 4e
0x6dd5d36b:   04 8b 41 08 8b 90 90 00 00 00 83 c1 08 ff d2 84 


Register to memory mapping:

EAX=0x00000008 is an unknown value
EBX=0x00000000 is an unknown value
ECX=0x00000008 is an unknown value
EDX=0x00000000 is an unknown value
ESP=0x01f7f9c4 is pointing into the stack for thread: 0x01a73800
EBP=0x01f7f9c8 is pointing into the stack for thread: 0x01a73800
ESI=0x010eeb20 is an unknown value
EDI=0x01f7faa8 is pointing into the stack for thread: 0x01a73800


Stack: [0x01f30000,0x01f80000],  sp=0x01f7f9c4,  free space=318k
Native frames: (J=compiled Java code, j=interpreted, Vv=VM code, C=native code)
V  [jvm.dll+0xdd35b]
V  [jvm.dll+0x20e04a]
C  [jdwp.dll+0x19d9d]
C  [jdwp.dll+0x44e0]
C  [jdwp.dll+0x451e]


---------------  P R O C E S S  ---------------

Java Threads: ( => current thread )
  0x01a92400 JavaThread "Service Thread" daemon [_thread_blocked, id=7644, stack(0x185a0000,0x185f0000)]
  0x01a87c00 JavaThread "C1 CompilerThread0" daemon [_thread_blocked, id=7640, stack(0x184a0000,0x184f0000)]
  0x01a77400 JavaThread "JDWP Command Reader" daemon [_thread_in_native, id=7628, stack(0x01e40000,0x01e90000)]
  0x01a76000 JavaThread "JDWP Event Helper Thread" daemon [_thread_blocked, id=7620, stack(0x01840000,0x01890000)]
=>0x01a73800 JavaThread "JDWP Transport Listener: dt_socket" daemon [_thread_in_vm, id=7612, stack(0x01f30000,0x01f80000)]
  0x01a64c00 JavaThread "Attach Listener" daemon [_thread_blocked, id=7592, stack(0x01dc0000,0x01e10000)]
  0x01a61800 JavaThread "Signal Dispatcher" daemon [_thread_blocked, id=7588, stack(0x01c30000,0x01c80000)]
  0x01a35400 JavaThread "Finalizer" daemon [_thread_blocked, id=7564, stack(0x01d70000,0x01dc0000)]
  0x01a30400 JavaThread "Reference Handler" daemon [_thread_blocked, id=7560, stack(0x01970000,0x019c0000)]
  0x0183c800 JavaThread "main" [_thread_blocked, id=7552, stack(0x01750000,0x017a0000)]

Other Threads:
  0x01a2f000 VMThread [stack: 0x018e0000,0x01930000] [id=7556]
  0x01a9d400 WatcherThread [stack: 0x18730000,0x18780000] [id=7648]

VM state:not at safepoint (normal execution)

VM Mutex/Monitor currently owned by a thread: None

Heap
 def new generation   total 4928K, used 466K [0x04000000, 0x04550000, 0x09550000)
  eden space 4416K,  10% used [0x04000000, 0x04074808, 0x04450000)
  from space 512K,   0% used [0x04450000, 0x04450000, 0x044d0000)
  to   space 512K,   0% used [0x044d0000, 0x044d0000, 0x04550000)
 tenured generation   total 10944K, used 0K [0x09550000, 0x0a000000, 0x14000000)
   the space 10944K,   0% used [0x09550000, 0x09550000, 0x09550200, 0x0a000000)
 compacting perm gen  total 12288K, used 1623K [0x14000000, 0x14c00000, 0x18000000)
   the space 12288K,  13% used [0x14000000, 0x14195c08, 0x14195e00, 0x14c00000)
No shared spaces configured.

Card table byte_map: [0x01680000,0x01730000] byte_map_base: 0x01660000

Polling page: 0x00250000

Code Cache  [0x02000000, 0x02098000, 0x04000000)
 total_blobs=129 nmethods=7 adapters=68 free_code_cache=32187Kb largest_free_block=32959488

Compilation events (10 events):
Event: 0.190 Thread 0x01a87c00    3             java.lang.String::indexOf (70 bytes)
Event: 0.190 Thread 0x01a87c00 nmethod 3 0x02090188 code [0x020902a0, 0x020903ec]
Event: 0.191 Thread 0x01a87c00    4             java.lang.String::equals (81 bytes)
Event: 0.191 Thread 0x01a87c00 nmethod 4 0x02090548 code [0x02090660, 0x02090800]
Event: 0.195 Thread 0x01a87c00    5             java.lang.Object::<init> (1 bytes)
Event: 0.195 Thread 0x01a87c00 nmethod 5 0x02090cc8 code [0x02090dc0, 0x02090e50]
Event: 0.196 Thread 0x01a87c00    6             java.lang.String::lastIndexOf (52 bytes)
Event: 0.196 Thread 0x01a87c00 nmethod 6 0x02090ec8 code [0x02090fd0, 0x020910ec]
Event: 0.200 Thread 0x01a87c00    7             java.lang.AbstractStringBuilder::ensureCapacityInternal (16 bytes)
Event: 0.200 Thread 0x01a87c00 nmethod 7 0x020911c8 code [0x020912d0, 0x0209138c]

GC Heap History (0 events):
No events

Deoptimization events (0 events):
No events

Internal exceptions (2 events):
Event: 0.028 Thread 0x0183c800 Threw 0x0400fc50 at C:\re\jdk7u45\229\hotspot\src\share\vm\prims\jni.cpp:3991
Event: 0.195 Thread 0x0183c800 Threw 0x040675e8 at C:\re\jdk7u45\229\hotspot\src\share\vm\prims\jvm.cpp:1244

Events (10 events):
Event: 0.205 loading class 0x01114518
Event: 0.205 loading class 0x01114518 done
Event: 4.292 Executing VM operation: EnableBiasedLocking
Event: 4.292 Executing VM operation: EnableBiasedLocking done
Event: 273.299 Executing VM operation: RedefineClasses
Event: 273.299 Executing VM operation: RedefineClasses done
Event: 273.305 Executing VM operation: ChangeBreakpoints
Event: 273.305 Executing VM operation: ChangeBreakpoints done
Event: 2587.570 Executing VM operation: RedefineClasses
Event: 2587.570 Executing VM operation: RedefineClasses done


Dynamic libraries:
0x01250000 - 0x0127f000 	C:\Program Files\Java\jre7\bin\javaw.exe
0x76db0000 - 0x76eec000 	C:\Windows\SYSTEM32\ntdll.dll
0x760e0000 - 0x761b4000 	C:\Windows\system32\kernel32.dll
0x74fc0000 - 0x7500a000 	C:\Windows\system32\KERNELBASE.dll
0x766c0000 - 0x76760000 	C:\Windows\system32\ADVAPI32.dll
0x76910000 - 0x769bc000 	C:\Windows\system32\msvcrt.dll
0x762e0000 - 0x762f9000 	C:\Windows\SYSTEM32\sechost.dll
0x76480000 - 0x76521000 	C:\Windows\system32\RPCRT4.dll
0x76360000 - 0x76429000 	C:\Windows\system32\USER32.dll
0x768c0000 - 0x7690e000 	C:\Windows\system32\GDI32.dll
0x76f00000 - 0x76f0a000 	C:\Windows\system32\LPK.dll
0x76f40000 - 0x76fdd000 	C:\Windows\system32\USP10.dll
0x74330000 - 0x744ce000 	C:\Windows\WinSxS\x86_microsoft.windows.common-controls_6595b64144ccf1df_6.0.7601.17514_none_41e6975e2bd6f2b2\COMCTL32.dll
0x753f0000 - 0x75447000 	C:\Windows\system32\SHLWAPI.dll
0x76f20000 - 0x76f3f000 	C:\Windows\system32\IMM32.DLL
0x76570000 - 0x7663c000 	C:\Windows\system32\MSCTF.dll
0x77b20000 - 0x77bdf000 	C:\Program Files\Java\jre7\bin\msvcr100.dll
0x6dc80000 - 0x6e000000 	C:\Program Files\Java\jre7\bin\client\jvm.dll
0x6ffc0000 - 0x6ffc7000 	C:\Windows\system32\WSOCK32.dll
0x76530000 - 0x76565000 	C:\Windows\system32\WS2_32.dll
0x75450000 - 0x75456000 	C:\Windows\system32\NSI.dll
0x728c0000 - 0x728f2000 	C:\Windows\system32\WINMM.dll
0x76f10000 - 0x76f15000 	C:\Windows\system32\PSAPI.DLL
0x64f90000 - 0x64f9c000 	C:\Program Files\Java\jre7\bin\verify.dll
0x52f20000 - 0x52f40000 	C:\Program Files\Java\jre7\bin\java.dll
0x5b6c0000 - 0x5b6ea000 	C:\Program Files\Java\jre7\bin\jdwp.dll
0x6a1b0000 - 0x6a1b7000 	C:\Program Files\Java\jre7\bin\npt.dll
0x52f00000 - 0x52f13000 	C:\Program Files\Java\jre7\bin\zip.dll
0x6a190000 - 0x6a198000 	C:\Program Files\Java\jre7\bin\dt_socket.dll
0x72fe0000 - 0x72ff0000 	C:\Windows\system32\NLAapi.dll
0x638e0000 - 0x638f0000 	C:\Windows\system32\napinsp.dll
0x638c0000 - 0x638d2000 	C:\Windows\system32\pnrpnsp.dll
0x746e0000 - 0x7471c000 	C:\Windows\System32\mswsock.dll
0x745a0000 - 0x745e4000 	C:\Windows\system32\DNSAPI.dll
0x638b0000 - 0x638b8000 	C:\Windows\System32\winrnr.dll
0x66920000 - 0x66941000 	C:\Program Files\Bonjour\mdnsNSP.dll
0x72db0000 - 0x72dcc000 	C:\Windows\system32\Iphlpapi.DLL
0x72d90000 - 0x72d97000 	C:\Windows\system32\WINNSI.DLL
0x72c60000 - 0x72c98000 	C:\Windows\System32\fwpuclnt.dll
0x65ee0000 - 0x65ee6000 	C:\Windows\system32\rasadhlp.dll
0x73fe0000 - 0x73fe5000 	C:\Windows\System32\wshtcpip.dll
0x5f1c0000 - 0x5f2ab000 	C:\Windows\system32\dbghelp.dll

VM Arguments:
jvm_args: -agentlib:jdwp=transport=dt_socket,suspend=y,address=localhost:51603 -Dfile.encoding=Cp1251 
java_command: O_350
Launcher Type: SUN_STANDARD

Environment Variables:
PATH=C:/Program Files/Java/jre7/bin/client;C:/Program Files/Java/jre7/bin;C:/Program Files/Java/jre7/lib/i386;C:\Windows\system32;C:\Windows;C:\Windows\System32\Wbem;C:\Windows\System32\WindowsPowerShell\v1.0\;D:\програмирование\eclipse;
USERNAME=noname
OS=Windows_NT
PROCESSOR_IDENTIFIER=x86 Family 6 Model 42 Stepping 7, GenuineIntel



---------------  S Y S T E M  ---------------

OS: Windows 7 Build 7601 Service Pack 1

CPU:total 4 (2 cores per cpu, 2 threads per core) family 6 model 42 stepping 7, cmov, cx8, fxsr, mmx, sse, sse2, sse3, ssse3, sse4.1, sse4.2, popcnt, avx, ht, tsc, tscinvbit

Memory: 4k page, physical 3659004k(849088k free), swap 7316252k(3341968k free)

vm_info: Java HotSpot(TM) Client VM (24.45-b08) for windows-x86 JRE (1.7.0_45-b18), built on Oct  8 2013 06:02:43 by "java_re" with unknown MS VC++:1600

time: Mon Aug 07 11:55:14 2017
elapsed time: 2587 seconds

