#
# A fatal error has been detected by the Java Runtime Environment:
#
#  EXCEPTION_ACCESS_VIOLATION (0xc0000005) at pc=0x6dd3d35b, pid=844, tid=5760
#
# JRE version: Java(TM) SE Runtime Environment (7.0_45-b18) (build 1.7.0_45-b18)
# Java VM: Java HotSpot(TM) Client VM (24.45-b08 mixed mode windows-x86 )
# Problematic frame:
# V  [jvm.dll+0xdd35b]
#
# Failed to write core dump. Minidumps are not enabled by default on client versions of Windows
#
# If you would like to submit a bug report, please visit:
#   http://bugreport.sun.com/bugreport/crash.jsp
#

---------------  T H R E A D  ---------------

Current thread (0x01967800):  JavaThread "JDWP Transport Listener: dt_socket" daemon [_thread_in_vm, id=5760, stack(0x184f0000,0x18540000)]

siginfo: ExceptionCode=0xc0000005, reading address 0x00003b00

Registers:
EAX=0x00003b00, EBX=0x00000000, ECX=0x00003b00, EDX=0x00000000
ESP=0x1853fb24, EBP=0x1853fb28, ESI=0x011bebc0, EDI=0x1853fc08
EIP=0x6dd3d35b, EFLAGS=0x00010206

Top of Stack: (sp=0x1853fb24)
0x1853fb24:   011bebc0 1853fb50 6de6e04a 00003b00
0x1853fb34:   1853fb8b 01967800 00000000 00000000
0x1853fb44:   00000000 01967800 01967800 1853fb8c
0x1853fb54:   71ef9d9d 011bebc0 00003b00 1853fb8b
0x1853fb64:   00003b00 71ee436d 00003b00 1853fb8b
0x1853fb74:   0000000b 00000000 00000000 0000000a
0x1853fb84:   00000000 0095ad3c 1853fbac 71ee44e0
0x1853fb94:   00000001 1853fbc8 1853fc04 019a5d38 

Instructions: (pc=0x6dd3d35b)
0x6dd3d33b:   89 4f 04 8b 56 0c 89 57 08 8b 46 10 89 47 0c 5f
0x6dd3d34b:   5e 5d c2 0c 00 55 8b ec 8b 45 08 56 85 c0 74 28
0x6dd3d35b:   8b 30 85 f6 74 22 81 fe fe fe fe fe 74 1a 8b 4e
0x6dd3d36b:   04 8b 41 08 8b 90 90 00 00 00 83 c1 08 ff d2 84 


Register to memory mapping:

EAX=0x00003b00 is an unknown value
EBX=0x00000000 is an unknown value
ECX=0x00003b00 is an unknown value
EDX=0x00000000 is an unknown value
ESP=0x1853fb24 is pointing into the stack for thread: 0x01967800
EBP=0x1853fb28 is pointing into the stack for thread: 0x01967800
ESI=0x011bebc0 is an unknown value
EDI=0x1853fc08 is pointing into the stack for thread: 0x01967800


Stack: [0x184f0000,0x18540000],  sp=0x1853fb24,  free space=318k
Native frames: (J=compiled Java code, j=interpreted, Vv=VM code, C=native code)
V  [jvm.dll+0xdd35b]
V  [jvm.dll+0x20e04a]
C  [jdwp.dll+0x19d9d]
C  [jdwp.dll+0x44e0]
C  [jdwp.dll+0x451e]


---------------  P R O C E S S  ---------------

Java Threads: ( => current thread )
  0x0197e800 JavaThread "Service Thread" daemon [_thread_blocked, id=4328, stack(0x18770000,0x187c0000)]
  0x0197b800 JavaThread "C1 CompilerThread0" daemon [_thread_blocked, id=2960, stack(0x18720000,0x18770000)]
  0x01971c00 JavaThread "JDWP Command Reader" daemon [_thread_in_native, id=6780, stack(0x18590000,0x185e0000)]
  0x01971400 JavaThread "JDWP Event Helper Thread" daemon [_thread_blocked, id=1324, stack(0x18420000,0x18470000)]
=>0x01967800 JavaThread "JDWP Transport Listener: dt_socket" daemon [_thread_in_vm, id=5760, stack(0x184f0000,0x18540000)]
  0x01954c00 JavaThread "Attach Listener" daemon [_thread_blocked, id=4324, stack(0x01d00000,0x01d50000)]
  0x01951c00 JavaThread "Signal Dispatcher" daemon [_thread_blocked, id=6140, stack(0x01b80000,0x01bd0000)]
  0x01925800 JavaThread "Finalizer" daemon [_thread_blocked, id=5420, stack(0x01b10000,0x01b60000)]
  0x01920400 JavaThread "Reference Handler" daemon [_thread_blocked, id=7588, stack(0x01890000,0x018e0000)]
  0x0190c800 JavaThread "main" [_thread_in_native, id=6668, stack(0x01790000,0x017e0000)]

Other Threads:
  0x0191f000 VMThread [stack: 0x01c90000,0x01ce0000] [id=7044]
  0x01990400 WatcherThread [stack: 0x01df0000,0x01e40000] [id=2588]

VM state:not at safepoint (normal execution)

VM Mutex/Monitor currently owned by a thread: None

Heap
 def new generation   total 4928K, used 827K [0x04000000, 0x04550000, 0x09550000)
  eden space 4416K,  18% used [0x04000000, 0x040ceed8, 0x04450000)
  from space 512K,   0% used [0x04450000, 0x04450000, 0x044d0000)
  to   space 512K,   0% used [0x044d0000, 0x044d0000, 0x04550000)
 tenured generation   total 10944K, used 0K [0x09550000, 0x0a000000, 0x14000000)
   the space 10944K,   0% used [0x09550000, 0x09550000, 0x09550200, 0x0a000000)
 compacting perm gen  total 12288K, used 2060K [0x14000000, 0x14c00000, 0x18000000)
   the space 12288K,  16% used [0x14000000, 0x14203388, 0x14203400, 0x14c00000)
No shared spaces configured.

Card table byte_map: [0x017e0000,0x01890000] byte_map_base: 0x017c0000

Polling page: 0x00120000

Code Cache  [0x02000000, 0x020a0000, 0x04000000)
 total_blobs=150 nmethods=22 adapters=74 free_code_cache=32152Kb largest_free_block=32924544

Compilation events (10 events):
Event: 0.296 Thread 0x0197b800   17             java.lang.AbstractStringBuilder::append (29 bytes)
Event: 0.296 Thread 0x0197b800 nmethod 17 0x02098588 code [0x02098690, 0x0209878c]
Event: 0.302 Thread 0x0197b800   19             java.io.BufferedInputStream::getBufIfOpen (21 bytes)
Event: 0.302 Thread 0x0197b800 nmethod 19 0x02098c88 code [0x02098d90, 0x02098e8c]
Event: 0.302 Thread 0x0197b800   20  s          java.io.BufferedInputStream::read (49 bytes)
Event: 0.302 Thread 0x0197b800 nmethod 20 0x02098f48 code [0x02099070, 0x02099368]
Event: 0.305 Thread 0x0197b800   21             java.lang.String::length (6 bytes)
Event: 0.305 Thread 0x0197b800 nmethod 21 0x02099748 code [0x02099840, 0x020998d0]
Event: 0.307 Thread 0x0197b800   22             java.util.regex.Pattern::has (15 bytes)
Event: 0.307 Thread 0x0197b800 nmethod 22 0x02099948 code [0x02099a40, 0x02099ad0]

GC Heap History (0 events):
No events

Deoptimization events (0 events):
No events

Internal exceptions (6 events):
Event: 0.027 Thread 0x0190c800 Threw 0x0400fc50 at C:\re\jdk7u45\229\hotspot\src\share\vm\prims\jni.cpp:3991
Event: 0.264 Thread 0x0190c800 Threw 0x040676f8 at C:\re\jdk7u45\229\hotspot\src\share\vm\prims\jvm.cpp:1244
Event: 0.296 Thread 0x0190c800 Threw 0x0408a0d0 at C:\re\jdk7u45\229\hotspot\src\share\vm\prims\jvm.cpp:1244
Event: 0.296 Thread 0x0190c800 Threw 0x0408a1e8 at C:\re\jdk7u45\229\hotspot\src\share\vm\prims\jvm.cpp:1244
Event: 0.297 Thread 0x0190c800 Threw 0x040a3548 at C:\re\jdk7u45\229\hotspot\src\share\vm\prims\jvm.cpp:1244
Event: 0.297 Thread 0x0190c800 Threw 0x040a3660 at C:\re\jdk7u45\229\hotspot\src\share\vm\prims\jvm.cpp:1244

Events (10 events):
Event: 1657.930 Executing VM operation: RedefineClasses
Event: 1657.930 Executing VM operation: RedefineClasses done
Event: 1657.942 Executing VM operation: ChangeBreakpoints
Event: 1657.942 Executing VM operation: ChangeBreakpoints done
Event: 1753.651 Executing VM operation: RedefineClasses
Event: 1753.651 Executing VM operation: RedefineClasses done
Event: 1753.674 Executing VM operation: ChangeBreakpoints
Event: 1753.674 Executing VM operation: ChangeBreakpoints done
Event: 2191.757 Executing VM operation: RedefineClasses
Event: 2191.757 Executing VM operation: RedefineClasses done


Dynamic libraries:
0x01320000 - 0x0134f000 	C:\Program Files\Java\jre7\bin\javaw.exe
0x77950000 - 0x77a8c000 	C:\Windows\SYSTEM32\ntdll.dll
0x77870000 - 0x77944000 	C:\Windows\system32\kernel32.dll
0x75d40000 - 0x75d8a000 	C:\Windows\system32\KERNELBASE.dll
0x76390000 - 0x76430000 	C:\Windows\system32\ADVAPI32.dll
0x762e0000 - 0x7638c000 	C:\Windows\system32\msvcrt.dll
0x76430000 - 0x76449000 	C:\Windows\SYSTEM32\sechost.dll
0x77a90000 - 0x77b31000 	C:\Windows\system32\RPCRT4.dll
0x77410000 - 0x774d9000 	C:\Windows\system32\USER32.dll
0x77250000 - 0x7729e000 	C:\Windows\system32\GDI32.dll
0x76470000 - 0x7647a000 	C:\Windows\system32\LPK.dll
0x772d0000 - 0x7736d000 	C:\Windows\system32\USP10.dll
0x74ec0000 - 0x7505e000 	C:\Windows\WinSxS\x86_microsoft.windows.common-controls_6595b64144ccf1df_6.0.7601.17514_none_41e6975e2bd6f2b2\COMCTL32.dll
0x774e0000 - 0x77537000 	C:\Windows\system32\SHLWAPI.dll
0x77230000 - 0x7724f000 	C:\Windows\system32\IMM32.DLL
0x76070000 - 0x7613c000 	C:\Windows\system32\MSCTF.dll
0x55a30000 - 0x55aef000 	C:\Program Files\Java\jre7\bin\msvcr100.dll
0x6dc60000 - 0x6dfe0000 	C:\Program Files\Java\jre7\bin\client\jvm.dll
0x6f4c0000 - 0x6f4c7000 	C:\Windows\system32\WSOCK32.dll
0x77b40000 - 0x77b75000 	C:\Windows\system32\WS2_32.dll
0x76460000 - 0x76466000 	C:\Windows\system32\NSI.dll
0x73930000 - 0x73962000 	C:\Windows\system32\WINMM.dll
0x76450000 - 0x76455000 	C:\Windows\system32\PSAPI.DLL
0x72130000 - 0x7213c000 	C:\Program Files\Java\jre7\bin\verify.dll
0x72110000 - 0x72130000 	C:\Program Files\Java\jre7\bin\java.dll
0x71ee0000 - 0x71f0a000 	C:\Program Files\Java\jre7\bin\jdwp.dll
0x72270000 - 0x72277000 	C:\Program Files\Java\jre7\bin\npt.dll
0x720f0000 - 0x72103000 	C:\Program Files\Java\jre7\bin\zip.dll
0x72090000 - 0x72098000 	C:\Program Files\Java\jre7\bin\dt_socket.dll
0x73fd0000 - 0x73fe0000 	C:\Windows\system32\NLAapi.dll
0x73c60000 - 0x73c70000 	C:\Windows\system32\napinsp.dll
0x72580000 - 0x72592000 	C:\Windows\system32\pnrpnsp.dll
0x75270000 - 0x752ac000 	C:\Windows\System32\mswsock.dll
0x75130000 - 0x75174000 	C:\Windows\system32\DNSAPI.dll
0x72560000 - 0x72568000 	C:\Windows\System32\winrnr.dll
0x6f880000 - 0x6f8a1000 	C:\Program Files\Bonjour\mdnsNSP.dll
0x73800000 - 0x7381c000 	C:\Windows\system32\Iphlpapi.DLL
0x737f0000 - 0x737f7000 	C:\Windows\system32\WINNSI.DLL
0x736c0000 - 0x736f8000 	C:\Windows\System32\fwpuclnt.dll
0x6f870000 - 0x6f876000 	C:\Windows\system32\rasadhlp.dll
0x74b80000 - 0x74b85000 	C:\Windows\System32\wshtcpip.dll
0x66440000 - 0x6652b000 	C:\Windows\system32\dbghelp.dll

VM Arguments:
jvm_args: -agentlib:jdwp=transport=dt_socket,suspend=y,address=localhost:53212 -Dfile.encoding=Cp1251 
java_command: O_192
Launcher Type: SUN_STANDARD

Environment Variables:
PATH=C:/Program Files/Java/jre7/bin/client;C:/Program Files/Java/jre7/bin;C:/Program Files/Java/jre7/lib/i386;C:\Windows\system32;C:\Windows;C:\Windows\System32\Wbem;C:\Windows\System32\WindowsPowerShell\v1.0\;C:\Program Files\Skype\Phone\;D:\програмирование\eclipse;
USERNAME=noname
OS=Windows_NT
PROCESSOR_IDENTIFIER=x86 Family 6 Model 42 Stepping 7, GenuineIntel



---------------  S Y S T E M  ---------------

OS: Windows 7 Build 7601 Service Pack 1

CPU:total 4 (2 cores per cpu, 2 threads per core) family 6 model 42 stepping 7, cmov, cx8, fxsr, mmx, sse, sse2, sse3, ssse3, sse4.1, sse4.2, popcnt, avx, ht, tsc, tscinvbit

Memory: 4k page, physical 3659004k(951460k free), swap 7316252k(2854788k free)

vm_info: Java HotSpot(TM) Client VM (24.45-b08) for windows-x86 JRE (1.7.0_45-b18), built on Oct  8 2013 06:02:43 by "java_re" with unknown MS VC++:1600

time: Mon Oct 09 16:43:39 2017
elapsed time: 2191 seconds

