#
# A fatal error has been detected by the Java Runtime Environment:
#
#  EXCEPTION_ACCESS_VIOLATION (0xc0000005) at pc=0x6dd3d35b, pid=3052, tid=7876
#
# JRE version: Java(TM) SE Runtime Environment (7.0_45-b18) (build 1.7.0_45-b18)
# Java VM: Java HotSpot(TM) Client VM (24.45-b08 mixed mode windows-x86 )
# Problematic frame:
# V  [jvm.dll+0xdd35b]
#
# Failed to write core dump. Minidumps are not enabled by default on client versions of Windows
#
# If you would like to submit a bug report, please visit:
#   http://bugreport.sun.com/bugreport/crash.jsp
#

---------------  T H R E A D  ---------------

Current thread (0x01937800):  JavaThread "JDWP Transport Listener: dt_socket" daemon [_thread_in_vm, id=7876, stack(0x01e10000,0x01e60000)]

siginfo: ExceptionCode=0xc0000005, reading address 0x6d0f0200

Registers:
EAX=0x6d0f0200, EBX=0x00000000, ECX=0x6d0f0200, EDX=0x00000000
ESP=0x01e5f5d4, EBP=0x01e5f5d8, ESI=0x0115ebc0, EDI=0x01e5f6b8
EIP=0x6dd3d35b, EFLAGS=0x00010206

Top of Stack: (sp=0x01e5f5d4)
0x01e5f5d4:   0115ebc0 01e5f600 6de6e04a 6d0f0200
0x01e5f5e4:   01e5f63b 01937800 00000000 00000000
0x01e5f5f4:   00000000 01937800 01937800 01e5f63c
0x01e5f604:   68359d9d 0115ebc0 6d0f0200 01e5f63b
0x01e5f614:   6d0f0200 6834436d 6d0f0200 01e5f63b
0x01e5f624:   00000002 00000000 00000000 00000009
0x01e5f634:   00000000 0092b564 01e5f65c 683444e0
0x01e5f644:   00000001 01e5f678 01e5f6b4 01975938 

Instructions: (pc=0x6dd3d35b)
0x6dd3d33b:   89 4f 04 8b 56 0c 89 57 08 8b 46 10 89 47 0c 5f
0x6dd3d34b:   5e 5d c2 0c 00 55 8b ec 8b 45 08 56 85 c0 74 28
0x6dd3d35b:   8b 30 85 f6 74 22 81 fe fe fe fe fe 74 1a 8b 4e
0x6dd3d36b:   04 8b 41 08 8b 90 90 00 00 00 83 c1 08 ff d2 84 


Register to memory mapping:

EAX=0x6d0f0200 is an unknown value
EBX=0x00000000 is an unknown value
ECX=0x6d0f0200 is an unknown value
EDX=0x00000000 is an unknown value
ESP=0x01e5f5d4 is pointing into the stack for thread: 0x01937800
EBP=0x01e5f5d8 is pointing into the stack for thread: 0x01937800
ESI=0x0115ebc0 is an unknown value
EDI=0x01e5f6b8 is pointing into the stack for thread: 0x01937800


Stack: [0x01e10000,0x01e60000],  sp=0x01e5f5d4,  free space=317k
Native frames: (J=compiled Java code, j=interpreted, Vv=VM code, C=native code)
V  [jvm.dll+0xdd35b]
V  [jvm.dll+0x20e04a]
C  [jdwp.dll+0x19d9d]
C  [jdwp.dll+0x44e0]
C  [jdwp.dll+0x451e]


---------------  P R O C E S S  ---------------

Java Threads: ( => current thread )
  0x01955c00 JavaThread "Service Thread" daemon [_thread_blocked, id=8156, stack(0x01e60000,0x01eb0000)]
  0x0194ac00 JavaThread "C1 CompilerThread0" daemon [_thread_blocked, id=6548, stack(0x18480000,0x184d0000)]
  0x0193ac00 JavaThread "JDWP Command Reader" daemon [_thread_in_native, id=4144, stack(0x18420000,0x18470000)]
  0x01939c00 JavaThread "JDWP Event Helper Thread" daemon [_thread_blocked, id=4608, stack(0x01ef0000,0x01f40000)]
=>0x01937800 JavaThread "JDWP Transport Listener: dt_socket" daemon [_thread_in_vm, id=7876, stack(0x01e10000,0x01e60000)]
  0x01924c00 JavaThread "Attach Listener" daemon [_thread_blocked, id=7496, stack(0x01cd0000,0x01d20000)]
  0x01921c00 JavaThread "Signal Dispatcher" daemon [_thread_blocked, id=7504, stack(0x01b40000,0x01b90000)]
  0x018f5800 JavaThread "Finalizer" daemon [_thread_blocked, id=6452, stack(0x01bd0000,0x01c20000)]
  0x018f0400 JavaThread "Reference Handler" daemon [_thread_blocked, id=3932, stack(0x01d30000,0x01d80000)]
  0x018dc800 JavaThread "main" [_thread_in_native, id=7792, stack(0x00370000,0x003c0000)]

Other Threads:
  0x018ef000 VMThread [stack: 0x01c80000,0x01cd0000] [id=4820]
  0x0195f800 WatcherThread [stack: 0x18600000,0x18650000] [id=7856]

VM state:not at safepoint (normal execution)

VM Mutex/Monitor currently owned by a thread: None

Heap
 def new generation   total 4928K, used 819K [0x04000000, 0x04550000, 0x09550000)
  eden space 4416K,  18% used [0x04000000, 0x040cced8, 0x04450000)
  from space 512K,   0% used [0x04450000, 0x04450000, 0x044d0000)
  to   space 512K,   0% used [0x044d0000, 0x044d0000, 0x04550000)
 tenured generation   total 10944K, used 0K [0x09550000, 0x0a000000, 0x14000000)
   the space 10944K,   0% used [0x09550000, 0x09550000, 0x09550200, 0x0a000000)
 compacting perm gen  total 12288K, used 2021K [0x14000000, 0x14c00000, 0x18000000)
   the space 12288K,  16% used [0x14000000, 0x141f9558, 0x141f9600, 0x14c00000)
No shared spaces configured.

Card table byte_map: [0x01750000,0x01800000] byte_map_base: 0x01730000

Polling page: 0x00170000

Code Cache  [0x02000000, 0x020a0000, 0x04000000)
 total_blobs=151 nmethods=22 adapters=75 free_code_cache=32152Kb largest_free_block=32924224

Compilation events (10 events):
Event: 0.164 Thread 0x0194ac00   17             java.lang.AbstractStringBuilder::append (29 bytes)
Event: 0.165 Thread 0x0194ac00 nmethod 17 0x020989c8 code [0x02098ad0, 0x02098bcc]
Event: 0.168 Thread 0x0194ac00   19             java.io.BufferedInputStream::getBufIfOpen (21 bytes)
Event: 0.169 Thread 0x0194ac00 nmethod 19 0x02098e08 code [0x02098f10, 0x0209900c]
Event: 0.169 Thread 0x0194ac00   20  s          java.io.BufferedInputStream::read (49 bytes)
Event: 0.169 Thread 0x0194ac00 nmethod 20 0x020990c8 code [0x020991f0, 0x020994e8]
Event: 0.170 Thread 0x0194ac00   21             java.lang.String::length (6 bytes)
Event: 0.171 Thread 0x0194ac00 nmethod 21 0x020998c8 code [0x020999c0, 0x02099a50]
Event: 0.172 Thread 0x0194ac00   22             java.util.regex.Pattern::has (15 bytes)
Event: 0.172 Thread 0x0194ac00 nmethod 22 0x02099ac8 code [0x02099bc0, 0x02099c50]

GC Heap History (0 events):
No events

Deoptimization events (0 events):
No events

Internal exceptions (6 events):
Event: 0.022 Thread 0x018dc800 Threw 0x0400fc50 at C:\re\jdk7u45\229\hotspot\src\share\vm\prims\jni.cpp:3991
Event: 0.145 Thread 0x018dc800 Threw 0x040676f8 at C:\re\jdk7u45\229\hotspot\src\share\vm\prims\jvm.cpp:1244
Event: 0.164 Thread 0x018dc800 Threw 0x0408a250 at C:\re\jdk7u45\229\hotspot\src\share\vm\prims\jvm.cpp:1244
Event: 0.164 Thread 0x018dc800 Threw 0x0408a368 at C:\re\jdk7u45\229\hotspot\src\share\vm\prims\jvm.cpp:1244
Event: 0.165 Thread 0x018dc800 Threw 0x040a36b8 at C:\re\jdk7u45\229\hotspot\src\share\vm\prims\jvm.cpp:1244
Event: 0.165 Thread 0x018dc800 Threw 0x040a37d0 at C:\re\jdk7u45\229\hotspot\src\share\vm\prims\jvm.cpp:1244

Events (10 events):
Event: 53.049 Executing VM operation: ChangeBreakpoints
Event: 53.049 Executing VM operation: ChangeBreakpoints done
Event: 251.352 Executing VM operation: RedefineClasses
Event: 251.352 Executing VM operation: RedefineClasses done
Event: 251.369 Executing VM operation: ChangeBreakpoints
Event: 251.369 Executing VM operation: ChangeBreakpoints done
Event: 20304.282 Executing VM operation: ChangeBreakpoints
Event: 20304.347 Executing VM operation: ChangeBreakpoints done
Event: 20304.564 Executing VM operation: RedefineClasses
Event: 20304.586 Executing VM operation: RedefineClasses done


Dynamic libraries:
0x01320000 - 0x0134f000 	C:\Program Files\Java\jre7\bin\javaw.exe
0x77950000 - 0x77a8c000 	C:\Windows\SYSTEM32\ntdll.dll
0x77870000 - 0x77944000 	C:\Windows\system32\kernel32.dll
0x75d40000 - 0x75d8a000 	C:\Windows\system32\KERNELBASE.dll
0x76390000 - 0x76430000 	C:\Windows\system32\ADVAPI32.dll
0x762e0000 - 0x7638c000 	C:\Windows\system32\msvcrt.dll
0x76430000 - 0x76449000 	C:\Windows\SYSTEM32\sechost.dll
0x77a90000 - 0x77b31000 	C:\Windows\system32\RPCRT4.dll
0x77410000 - 0x774d9000 	C:\Windows\system32\USER32.dll
0x77250000 - 0x7729e000 	C:\Windows\system32\GDI32.dll
0x76470000 - 0x7647a000 	C:\Windows\system32\LPK.dll
0x772d0000 - 0x7736d000 	C:\Windows\system32\USP10.dll
0x74ec0000 - 0x7505e000 	C:\Windows\WinSxS\x86_microsoft.windows.common-controls_6595b64144ccf1df_6.0.7601.17514_none_41e6975e2bd6f2b2\COMCTL32.dll
0x774e0000 - 0x77537000 	C:\Windows\system32\SHLWAPI.dll
0x77230000 - 0x7724f000 	C:\Windows\system32\IMM32.DLL
0x76070000 - 0x7613c000 	C:\Windows\system32\MSCTF.dll
0x55a30000 - 0x55aef000 	C:\Program Files\Java\jre7\bin\msvcr100.dll
0x6dc60000 - 0x6dfe0000 	C:\Program Files\Java\jre7\bin\client\jvm.dll
0x6f4c0000 - 0x6f4c7000 	C:\Windows\system32\WSOCK32.dll
0x77b40000 - 0x77b75000 	C:\Windows\system32\WS2_32.dll
0x76460000 - 0x76466000 	C:\Windows\system32\NSI.dll
0x73930000 - 0x73962000 	C:\Windows\system32\WINMM.dll
0x76450000 - 0x76455000 	C:\Windows\system32\PSAPI.DLL
0x72130000 - 0x7213c000 	C:\Program Files\Java\jre7\bin\verify.dll
0x72110000 - 0x72130000 	C:\Program Files\Java\jre7\bin\java.dll
0x68340000 - 0x6836a000 	C:\Program Files\Java\jre7\bin\jdwp.dll
0x73c70000 - 0x73c77000 	C:\Program Files\Java\jre7\bin\npt.dll
0x720f0000 - 0x72103000 	C:\Program Files\Java\jre7\bin\zip.dll
0x72270000 - 0x72278000 	C:\Program Files\Java\jre7\bin\dt_socket.dll
0x73fd0000 - 0x73fe0000 	C:\Windows\system32\NLAapi.dll
0x73c60000 - 0x73c70000 	C:\Windows\system32\napinsp.dll
0x72580000 - 0x72592000 	C:\Windows\system32\pnrpnsp.dll
0x75270000 - 0x752ac000 	C:\Windows\System32\mswsock.dll
0x75130000 - 0x75174000 	C:\Windows\system32\DNSAPI.dll
0x72560000 - 0x72568000 	C:\Windows\System32\winrnr.dll
0x6f880000 - 0x6f8a1000 	C:\Program Files\Bonjour\mdnsNSP.dll
0x73800000 - 0x7381c000 	C:\Windows\system32\Iphlpapi.DLL
0x737f0000 - 0x737f7000 	C:\Windows\system32\WINNSI.DLL
0x736c0000 - 0x736f8000 	C:\Windows\System32\fwpuclnt.dll
0x6f870000 - 0x6f876000 	C:\Windows\system32\rasadhlp.dll
0x74b80000 - 0x74b85000 	C:\Windows\System32\wshtcpip.dll
0x66440000 - 0x6652b000 	C:\Windows\system32\dbghelp.dll

VM Arguments:
jvm_args: -agentlib:jdwp=transport=dt_socket,suspend=y,address=localhost:53751 -Dfile.encoding=Cp1251 
java_command: O_192
Launcher Type: SUN_STANDARD

Environment Variables:
PATH=C:/Program Files/Java/jre7/bin/client;C:/Program Files/Java/jre7/bin;C:/Program Files/Java/jre7/lib/i386;C:\Windows\system32;C:\Windows;C:\Windows\System32\Wbem;C:\Windows\System32\WindowsPowerShell\v1.0\;C:\Program Files\Skype\Phone\;D:\програмирование\eclipse;
USERNAME=noname
OS=Windows_NT
PROCESSOR_IDENTIFIER=x86 Family 6 Model 42 Stepping 7, GenuineIntel



---------------  S Y S T E M  ---------------

OS: Windows 7 Build 7601 Service Pack 1

CPU:total 4 (2 cores per cpu, 2 threads per core) family 6 model 42 stepping 7, cmov, cx8, fxsr, mmx, sse, sse2, sse3, ssse3, sse4.1, sse4.2, popcnt, avx, ht, tsc, tscinvbit

Memory: 4k page, physical 3659004k(953876k free), swap 7316252k(2580020k free)

vm_info: Java HotSpot(TM) Client VM (24.45-b08) for windows-x86 JRE (1.7.0_45-b18), built on Oct  8 2013 06:02:43 by "java_re" with unknown MS VC++:1600

time: Mon Oct 09 22:23:07 2017
elapsed time: 20352 seconds

