#
# A fatal error has been detected by the Java Runtime Environment:
#
#  EXCEPTION_ACCESS_VIOLATION (0xc0000005) at pc=0x5046d35b, pid=6048, tid=5472
#
# JRE version: Java(TM) SE Runtime Environment (7.0_45-b18) (build 1.7.0_45-b18)
# Java VM: Java HotSpot(TM) Client VM (24.45-b08 mixed mode windows-x86 )
# Problematic frame:
# V  [jvm.dll+0xdd35b]
#
# Failed to write core dump. Minidumps are not enabled by default on client versions of Windows
#
# If you would like to submit a bug report, please visit:
#   http://bugreport.sun.com/bugreport/crash.jsp
#

---------------  T H R E A D  ---------------

Current thread (0x019d7800):  JavaThread "JDWP Transport Listener: dt_socket" daemon [_thread_in_vm, id=5472, stack(0x18320000,0x18370000)]

siginfo: ExceptionCode=0xc0000005, reading address 0x3b5f3335

Registers:
EAX=0x3b5f3335, EBX=0x00000000, ECX=0x3b5f3335, EDX=0x00000000
ESP=0x1836f504, EBP=0x1836f508, ESI=0x0090ead8, EDI=0x1836f5e8
EIP=0x5046d35b, EFLAGS=0x00010206

Top of Stack: (sp=0x1836f504)
0x1836f504:   0090ead8 1836f530 5059e04a 3b5f3335
0x1836f514:   1836f56b 019d7800 00000000 00000000
0x1836f524:   00000000 019d7800 019d7800 1836f56c
0x1836f534:   664a9d9d 0090ead8 3b5f3335 1836f56b
0x1836f544:   3b5f3335 6649436d 3b5f3335 1836f56b
0x1836f554:   00000002 00000000 00000000 00000009
0x1836f564:   00000000 009caca0 1836f58c 664944e0
0x1836f574:   00000001 1836f5a8 1836f5e4 01a48760 

Instructions: (pc=0x5046d35b)
0x5046d33b:   89 4f 04 8b 56 0c 89 57 08 8b 46 10 89 47 0c 5f
0x5046d34b:   5e 5d c2 0c 00 55 8b ec 8b 45 08 56 85 c0 74 28
0x5046d35b:   8b 30 85 f6 74 22 81 fe fe fe fe fe 74 1a 8b 4e
0x5046d36b:   04 8b 41 08 8b 90 90 00 00 00 83 c1 08 ff d2 84 


Register to memory mapping:

EAX=0x3b5f3335 is an unknown value
EBX=0x00000000 is an unknown value
ECX=0x3b5f3335 is an unknown value
EDX=0x00000000 is an unknown value
ESP=0x1836f504 is pointing into the stack for thread: 0x019d7800
EBP=0x1836f508 is pointing into the stack for thread: 0x019d7800
ESI=0x0090ead8 is an unknown value
EDI=0x1836f5e8 is pointing into the stack for thread: 0x019d7800


Stack: [0x18320000,0x18370000],  sp=0x1836f504,  free space=317k
Native frames: (J=compiled Java code, j=interpreted, Vv=VM code, C=native code)
V  [jvm.dll+0xdd35b]
V  [jvm.dll+0x20e04a]
C  [jdwp.dll+0x19d9d]
C  [jdwp.dll+0x44e0]
C  [jdwp.dll+0x451e]


---------------  P R O C E S S  ---------------

Java Threads: ( => current thread )
  0x019ec800 JavaThread "Service Thread" daemon [_thread_blocked, id=4436, stack(0x01eb0000,0x01f00000)]
  0x019e9400 JavaThread "C1 CompilerThread0" daemon [_thread_blocked, id=5464, stack(0x18570000,0x185c0000)]
  0x019e1400 JavaThread "JDWP Command Reader" daemon [_thread_in_native, id=3720, stack(0x182d0000,0x18320000)]
  0x019e0800 JavaThread "JDWP Event Helper Thread" daemon [_thread_blocked, id=5524, stack(0x183b0000,0x18400000)]
=>0x019d7800 JavaThread "JDWP Transport Listener: dt_socket" daemon [_thread_in_vm, id=5472, stack(0x18320000,0x18370000)]
  0x019c4c00 JavaThread "Attach Listener" daemon [_thread_blocked, id=3420, stack(0x01c90000,0x01ce0000)]
  0x019c1800 JavaThread "Signal Dispatcher" daemon [_thread_blocked, id=5256, stack(0x00c40000,0x00c90000)]
  0x01991c00 JavaThread "Finalizer" daemon [_thread_blocked, id=4268, stack(0x01d50000,0x01da0000)]
  0x01990400 JavaThread "Reference Handler" daemon [_thread_blocked, id=3032, stack(0x00d00000,0x00d50000)]
  0x009fc000 JavaThread "main" [_thread_blocked, id=3672, stack(0x00ae0000,0x00b30000)]

Other Threads:
  0x0198f000 VMThread [stack: 0x01c10000,0x01c60000] [id=5084]
  0x019fdc00 WatcherThread [stack: 0x18510000,0x18560000] [id=4516]

VM state:not at safepoint (normal execution)

VM Mutex/Monitor currently owned by a thread: None

Heap
 def new generation   total 4928K, used 755K [0x04000000, 0x04550000, 0x09550000)
  eden space 4416K,  17% used [0x04000000, 0x040bcc78, 0x04450000)
  from space 512K,   0% used [0x04450000, 0x04450000, 0x044d0000)
  to   space 512K,   0% used [0x044d0000, 0x044d0000, 0x04550000)
 tenured generation   total 10944K, used 0K [0x09550000, 0x0a000000, 0x14000000)
   the space 10944K,   0% used [0x09550000, 0x09550000, 0x09550200, 0x0a000000)
 compacting perm gen  total 12288K, used 1915K [0x14000000, 0x14c00000, 0x18000000)
   the space 12288K,  15% used [0x14000000, 0x141dec48, 0x141dee00, 0x14c00000)
No shared spaces configured.

Card table byte_map: [0x00b30000,0x00be0000] byte_map_base: 0x00b10000

Polling page: 0x00460000

Code Cache  [0x02000000, 0x020a0000, 0x04000000)
 total_blobs=144 nmethods=21 adapters=69 free_code_cache=32155Kb largest_free_block=32926848

Compilation events (10 events):
Event: 0.159 Thread 0x019e9400   16             java.lang.AbstractStringBuilder::ensureCapacityInternal (16 bytes)
Event: 0.159 Thread 0x019e9400 nmethod 16 0x02097dc8 code [0x02097ed0, 0x02097f8c]
Event: 0.160 Thread 0x019e9400   17             java.lang.AbstractStringBuilder::append (29 bytes)
Event: 0.160 Thread 0x019e9400 nmethod 17 0x02098008 code [0x02098110, 0x0209820c]
Event: 0.165 Thread 0x019e9400   18             java.io.BufferedInputStream::getBufIfOpen (21 bytes)
Event: 0.165 Thread 0x019e9400 nmethod 18 0x02098448 code [0x02098550, 0x0209864c]
Event: 0.165 Thread 0x019e9400   19  s          java.io.BufferedInputStream::read (49 bytes)
Event: 0.165 Thread 0x019e9400 nmethod 19 0x020989c8 code [0x02098af0, 0x02098de8]
Event: 0.169 Thread 0x019e9400   21             java.util.regex.Pattern::has (15 bytes)
Event: 0.169 Thread 0x019e9400 nmethod 21 0x020991c8 code [0x020992c0, 0x02099350]

GC Heap History (0 events):
No events

Deoptimization events (0 events):
No events

Internal exceptions (6 events):
Event: 0.029 Thread 0x009fc000 Threw 0x0400fc50 at C:\re\jdk7u45\229\hotspot\src\share\vm\prims\jni.cpp:3991
Event: 0.137 Thread 0x009fc000 Threw 0x04061d90 at C:\re\jdk7u45\229\hotspot\src\share\vm\prims\jvm.cpp:1244
Event: 0.160 Thread 0x009fc000 Threw 0x04083388 at C:\re\jdk7u45\229\hotspot\src\share\vm\prims\jvm.cpp:1244
Event: 0.160 Thread 0x009fc000 Threw 0x040834a0 at C:\re\jdk7u45\229\hotspot\src\share\vm\prims\jvm.cpp:1244
Event: 0.161 Thread 0x009fc000 Threw 0x04086680 at C:\re\jdk7u45\229\hotspot\src\share\vm\prims\jvm.cpp:1244
Event: 0.161 Thread 0x009fc000 Threw 0x04086798 at C:\re\jdk7u45\229\hotspot\src\share\vm\prims\jvm.cpp:1244

Events (10 events):
Event: 10.951 Executing VM operation: GetOrSetLocal
Event: 10.951 Executing VM operation: GetOrSetLocal done
Event: 10.951 Executing VM operation: GetOrSetLocal
Event: 10.951 Executing VM operation: GetOrSetLocal done
Event: 13.223 Executing VM operation: GetOrSetLocal
Event: 13.223 Executing VM operation: GetOrSetLocal done
Event: 17.437 Executing VM operation: GetOrSetLocal
Event: 17.437 Executing VM operation: GetOrSetLocal done
Event: 354.379 Executing VM operation: RedefineClasses
Event: 354.379 Executing VM operation: RedefineClasses done


Dynamic libraries:
0x00d50000 - 0x00d7f000 	C:\Program Files\Java\jre7\bin\javaw.exe
0x77330000 - 0x7746c000 	C:\Windows\SYSTEM32\ntdll.dll
0x76100000 - 0x761d4000 	C:\Windows\system32\kernel32.dll
0x75750000 - 0x7579a000 	C:\Windows\system32\KERNELBASE.dll
0x76520000 - 0x765c0000 	C:\Windows\system32\ADVAPI32.dll
0x75eb0000 - 0x75f5c000 	C:\Windows\system32\msvcrt.dll
0x75d10000 - 0x75d29000 	C:\Windows\SYSTEM32\sechost.dll
0x75c40000 - 0x75ce1000 	C:\Windows\system32\RPCRT4.dll
0x75800000 - 0x758c9000 	C:\Windows\system32\USER32.dll
0x77470000 - 0x774be000 	C:\Windows\system32\GDI32.dll
0x757c0000 - 0x757ca000 	C:\Windows\system32\LPK.dll
0x75b20000 - 0x75bbd000 	C:\Windows\system32\USP10.dll
0x748c0000 - 0x74a5e000 	C:\Windows\WinSxS\x86_microsoft.windows.common-controls_6595b64144ccf1df_6.0.7601.17514_none_41e6975e2bd6f2b2\COMCTL32.dll
0x75bc0000 - 0x75c17000 	C:\Windows\system32\SHLWAPI.dll
0x75cf0000 - 0x75d0f000 	C:\Windows\system32\IMM32.DLL
0x75d30000 - 0x75dfc000 	C:\Windows\system32\MSCTF.dll
0x51800000 - 0x518bf000 	C:\Program Files\Java\jre7\bin\msvcr100.dll
0x50390000 - 0x50710000 	C:\Program Files\Java\jre7\bin\client\jvm.dll
0x67c80000 - 0x67c87000 	C:\Windows\system32\WSOCK32.dll
0x75f60000 - 0x75f95000 	C:\Windows\system32\WS2_32.dll
0x77550000 - 0x77556000 	C:\Windows\system32\NSI.dll
0x730c0000 - 0x730f2000 	C:\Windows\system32\WINMM.dll
0x75c20000 - 0x75c25000 	C:\Windows\system32\PSAPI.DLL
0x65120000 - 0x6512c000 	C:\Program Files\Java\jre7\bin\verify.dll
0x64f10000 - 0x64f30000 	C:\Program Files\Java\jre7\bin\java.dll
0x66490000 - 0x664ba000 	C:\Program Files\Java\jre7\bin\jdwp.dll
0x687e0000 - 0x687e7000 	C:\Program Files\Java\jre7\bin\npt.dll
0x63f90000 - 0x63fa3000 	C:\Program Files\Java\jre7\bin\zip.dll
0x66510000 - 0x66518000 	C:\Program Files\Java\jre7\bin\dt_socket.dll
0x73590000 - 0x735a0000 	C:\Windows\system32\NLAapi.dll
0x66e40000 - 0x66e50000 	C:\Windows\system32\napinsp.dll
0x66e20000 - 0x66e32000 	C:\Windows\system32\pnrpnsp.dll
0x74c60000 - 0x74c9c000 	C:\Windows\System32\mswsock.dll
0x74b20000 - 0x74b64000 	C:\Windows\system32\DNSAPI.dll
0x66e10000 - 0x66e18000 	C:\Windows\System32\winrnr.dll
0x73390000 - 0x733ac000 	C:\Windows\system32\IPHLPAPI.DLL
0x73380000 - 0x73387000 	C:\Windows\system32\WINNSI.DLL
0x731c0000 - 0x731f8000 	C:\Windows\System32\fwpuclnt.dll
0x709a0000 - 0x709a6000 	C:\Windows\system32\rasadhlp.dll
0x74560000 - 0x74565000 	C:\Windows\System32\wshtcpip.dll
0x5cd30000 - 0x5ce1b000 	C:\Windows\system32\dbghelp.dll

VM Arguments:
jvm_args: -agentlib:jdwp=transport=dt_socket,suspend=y,address=localhost:50844 -Dfile.encoding=Cp1251 
java_command: O_153_
Launcher Type: SUN_STANDARD

Environment Variables:
PATH=C:/Program Files/Java/jre7/bin/client;C:/Program Files/Java/jre7/bin;C:/Program Files/Java/jre7/lib/i386;C:\Windows\system32;C:\Windows;C:\Windows\System32\Wbem;C:\Windows\System32\WindowsPowerShell\v1.0\;D:\програмирование\eclipse;
USERNAME=noname
OS=Windows_NT
PROCESSOR_IDENTIFIER=x86 Family 6 Model 42 Stepping 7, GenuineIntel



---------------  S Y S T E M  ---------------

OS: Windows 7 Build 7601 Service Pack 1

CPU:total 4 (2 cores per cpu, 2 threads per core) family 6 model 42 stepping 7, cmov, cx8, fxsr, mmx, sse, sse2, sse3, ssse3, sse4.1, sse4.2, popcnt, avx, ht, tsc, tscinvbit

Memory: 4k page, physical 3659004k(1361220k free), swap 7316252k(4632392k free)

vm_info: Java HotSpot(TM) Client VM (24.45-b08) for windows-x86 JRE (1.7.0_45-b18), built on Oct  8 2013 06:02:43 by "java_re" with unknown MS VC++:1600

time: Wed Jun 07 11:21:28 2017
elapsed time: 354 seconds

