#
# A fatal error has been detected by the Java Runtime Environment:
#
#  EXCEPTION_ACCESS_VIOLATION (0xc0000005) at pc=0x6e5ed35b, pid=3996, tid=4416
#
# JRE version: Java(TM) SE Runtime Environment (7.0_45-b18) (build 1.7.0_45-b18)
# Java VM: Java HotSpot(TM) Client VM (24.45-b08 mixed mode windows-x86 )
# Problematic frame:
# V  [jvm.dll+0xdd35b]
#
# Failed to write core dump. Minidumps are not enabled by default on client versions of Windows
#
# If you would like to submit a bug report, please visit:
#   http://bugreport.sun.com/bugreport/crash.jsp
#

---------------  T H R E A D  ---------------

Current thread (0x01907000):  JavaThread "JDWP Transport Listener: dt_socket" daemon [_thread_in_vm, id=4416, stack(0x18490000,0x184e0000)]

siginfo: ExceptionCode=0xc0000005, reading address 0x00000008

Registers:
EAX=0x00000008, EBX=0x00000000, ECX=0x00000008, EDX=0x00000000
ESP=0x184df734, EBP=0x184df738, ESI=0x008debc0, EDI=0x184df818
EIP=0x6e5ed35b, EFLAGS=0x00010202

Top of Stack: (sp=0x184df734)
0x184df734:   008debc0 184df760 6e71e04a 00000008
0x184df744:   184df79b 01907000 00000000 00000000
0x184df754:   00000000 01907000 01907000 184df79c
0x184df764:   66a59d9d 008debc0 00000008 184df79b
0x184df774:   00000008 66a4436d 00000008 184df79b
0x184df784:   00000003 00000000 00000000 0000000a
0x184df794:   00000000 008f94e8 184df7bc 66a444e0
0x184df7a4:   00000001 184df7d8 184df814 019419d0 

Instructions: (pc=0x6e5ed35b)
0x6e5ed33b:   89 4f 04 8b 56 0c 89 57 08 8b 46 10 89 47 0c 5f
0x6e5ed34b:   5e 5d c2 0c 00 55 8b ec 8b 45 08 56 85 c0 74 28
0x6e5ed35b:   8b 30 85 f6 74 22 81 fe fe fe fe fe 74 1a 8b 4e
0x6e5ed36b:   04 8b 41 08 8b 90 90 00 00 00 83 c1 08 ff d2 84 


Register to memory mapping:

EAX=0x00000008 is an unknown value
EBX=0x00000000 is an unknown value
ECX=0x00000008 is an unknown value
EDX=0x00000000 is an unknown value
ESP=0x184df734 is pointing into the stack for thread: 0x01907000
EBP=0x184df738 is pointing into the stack for thread: 0x01907000
ESI=0x008debc0 is an unknown value
EDI=0x184df818 is pointing into the stack for thread: 0x01907000


Stack: [0x18490000,0x184e0000],  sp=0x184df734,  free space=317k
Native frames: (J=compiled Java code, j=interpreted, Vv=VM code, C=native code)
V  [jvm.dll+0xdd35b]
V  [jvm.dll+0x20e04a]
C  [jdwp.dll+0x19d9d]
C  [jdwp.dll+0x44e0]
C  [jdwp.dll+0x451e]


---------------  P R O C E S S  ---------------

Java Threads: ( => current thread )
  0x0191d800 JavaThread "Service Thread" daemon [_thread_blocked, id=2260, stack(0x18580000,0x185d0000)]
  0x0191ac00 JavaThread "C1 CompilerThread0" daemon [_thread_blocked, id=692, stack(0x18690000,0x186e0000)]
  0x0190a400 JavaThread "JDWP Command Reader" daemon [_thread_in_native, id=5568, stack(0x18350000,0x183a0000)]
  0x01909400 JavaThread "JDWP Event Helper Thread" daemon [_thread_blocked, id=3184, stack(0x01db0000,0x01e00000)]
=>0x01907000 JavaThread "JDWP Transport Listener: dt_socket" daemon [_thread_in_vm, id=4416, stack(0x18490000,0x184e0000)]
  0x018f7400 JavaThread "Attach Listener" daemon [_thread_blocked, id=2720, stack(0x01bf0000,0x01c40000)]
  0x018f4400 JavaThread "Signal Dispatcher" daemon [_thread_blocked, id=1988, stack(0x01e00000,0x01e50000)]
  0x018c5800 JavaThread "Finalizer" daemon [_thread_blocked, id=4036, stack(0x01d60000,0x01db0000)]
  0x018c0400 JavaThread "Reference Handler" daemon [_thread_blocked, id=3328, stack(0x01cc0000,0x01d10000)]
  0x00a6c800 JavaThread "main" [_thread_in_native, id=3232, stack(0x01860000,0x018b0000)]

Other Threads:
  0x018bf000 VMThread [stack: 0x01b40000,0x01b90000] [id=1560]
  0x0192ec00 WatcherThread [stack: 0x182f0000,0x18340000] [id=1116]

VM state:not at safepoint (normal execution)

VM Mutex/Monitor currently owned by a thread: None

Heap
 def new generation   total 4928K, used 482K [0x04000000, 0x04550000, 0x09550000)
  eden space 4416K,  10% used [0x04000000, 0x04078840, 0x04450000)
  from space 512K,   0% used [0x04450000, 0x04450000, 0x044d0000)
  to   space 512K,   0% used [0x044d0000, 0x044d0000, 0x04550000)
 tenured generation   total 10944K, used 0K [0x09550000, 0x0a000000, 0x14000000)
   the space 10944K,   0% used [0x09550000, 0x09550000, 0x09550200, 0x0a000000)
 compacting perm gen  total 12288K, used 1658K [0x14000000, 0x14c00000, 0x18000000)
   the space 12288K,  13% used [0x14000000, 0x1419ead8, 0x1419ec00, 0x14c00000)
No shared spaces configured.

Card table byte_map: [0x017a0000,0x01850000] byte_map_base: 0x01780000

Polling page: 0x00460000

Code Cache  [0x02000000, 0x02098000, 0x04000000)
 total_blobs=129 nmethods=7 adapters=68 free_code_cache=32187Kb largest_free_block=32959488

Compilation events (10 events):
Event: 0.217 Thread 0x0191ac00    3             java.lang.String::indexOf (70 bytes)
Event: 0.217 Thread 0x0191ac00 nmethod 3 0x02090188 code [0x020902a0, 0x020903ec]
Event: 0.218 Thread 0x0191ac00    4             java.lang.String::equals (81 bytes)
Event: 0.218 Thread 0x0191ac00 nmethod 4 0x02090548 code [0x02090660, 0x02090800]
Event: 0.223 Thread 0x0191ac00    5             java.lang.Object::<init> (1 bytes)
Event: 0.223 Thread 0x0191ac00 nmethod 5 0x02090cc8 code [0x02090dc0, 0x02090e50]
Event: 0.224 Thread 0x0191ac00    6             java.lang.String::lastIndexOf (52 bytes)
Event: 0.224 Thread 0x0191ac00 nmethod 6 0x02090ec8 code [0x02090fd0, 0x020910ec]
Event: 0.226 Thread 0x0191ac00    7             java.lang.AbstractStringBuilder::ensureCapacityInternal (16 bytes)
Event: 0.226 Thread 0x0191ac00 nmethod 7 0x020911c8 code [0x020912d0, 0x0209138c]

GC Heap History (0 events):
No events

Deoptimization events (0 events):
No events

Internal exceptions (2 events):
Event: 0.048 Thread 0x00a6c800 Threw 0x0400fc50 at C:\re\jdk7u45\229\hotspot\src\share\vm\prims\jni.cpp:3991
Event: 0.223 Thread 0x00a6c800 Threw 0x04067720 at C:\re\jdk7u45\229\hotspot\src\share\vm\prims\jvm.cpp:1244

Events (10 events):
Event: 4026.016 Executing VM operation: ChangeBreakpoints
Event: 4026.016 Executing VM operation: ChangeBreakpoints done
Event: 4572.323 Executing VM operation: RedefineClasses
Event: 4572.323 Executing VM operation: RedefineClasses done
Event: 4572.357 Executing VM operation: ChangeBreakpoints
Event: 4572.357 Executing VM operation: ChangeBreakpoints done
Event: 5617.596 Executing VM operation: ChangeBreakpoints
Event: 5617.596 Executing VM operation: ChangeBreakpoints done
Event: 5617.621 Executing VM operation: RedefineClasses
Event: 5617.621 Executing VM operation: RedefineClasses done


Dynamic libraries:
0x00b70000 - 0x00b9f000 	C:\Program Files\Java\jre7\bin\javaw.exe
0x77a20000 - 0x77b5c000 	C:\Windows\SYSTEM32\ntdll.dll
0x77820000 - 0x778f4000 	C:\Windows\system32\kernel32.dll
0x75e60000 - 0x75eaa000 	C:\Windows\system32\KERNELBASE.dll
0x77280000 - 0x77320000 	C:\Windows\system32\ADVAPI32.dll
0x775b0000 - 0x7765c000 	C:\Windows\system32\msvcrt.dll
0x75f60000 - 0x75f79000 	C:\Windows\SYSTEM32\sechost.dll
0x76bd0000 - 0x76c71000 	C:\Windows\system32\RPCRT4.dll
0x76f70000 - 0x77039000 	C:\Windows\system32\USER32.dll
0x77230000 - 0x7727e000 	C:\Windows\system32\GDI32.dll
0x77b70000 - 0x77b7a000 	C:\Windows\system32\LPK.dll
0x773f0000 - 0x7748d000 	C:\Windows\system32\USP10.dll
0x74fb0000 - 0x7514e000 	C:\Windows\WinSxS\x86_microsoft.windows.common-controls_6595b64144ccf1df_6.0.7601.17514_none_41e6975e2bd6f2b2\COMCTL32.dll
0x76e20000 - 0x76e77000 	C:\Windows\system32\SHLWAPI.dll
0x77ba0000 - 0x77bbf000 	C:\Windows\system32\IMM32.DLL
0x77320000 - 0x773ec000 	C:\Windows\system32\MSCTF.dll
0x78660000 - 0x7871f000 	C:\Program Files\Java\jre7\bin\msvcr100.dll
0x6e510000 - 0x6e890000 	C:\Program Files\Java\jre7\bin\client\jvm.dll
0x70c30000 - 0x70c37000 	C:\Windows\system32\WSOCK32.dll
0x76f30000 - 0x76f65000 	C:\Windows\system32\WS2_32.dll
0x77b90000 - 0x77b96000 	C:\Windows\system32\NSI.dll
0x73840000 - 0x73872000 	C:\Windows\system32\WINMM.dll
0x77b60000 - 0x77b65000 	C:\Windows\system32\PSAPI.DLL
0x58120000 - 0x5812c000 	C:\Program Files\Java\jre7\bin\verify.dll
0x58100000 - 0x58120000 	C:\Program Files\Java\jre7\bin\java.dll
0x66a40000 - 0x66a6a000 	C:\Program Files\Java\jre7\bin\jdwp.dll
0x66a80000 - 0x66a87000 	C:\Program Files\Java\jre7\bin\npt.dll
0x580e0000 - 0x580f3000 	C:\Program Files\Java\jre7\bin\zip.dll
0x669c0000 - 0x669c8000 	C:\Program Files\Java\jre7\bin\dt_socket.dll
0x73c80000 - 0x73c90000 	C:\Windows\system32\NLAapi.dll
0x740f0000 - 0x74100000 	C:\Windows\system32\napinsp.dll
0x740d0000 - 0x740e2000 	C:\Windows\system32\pnrpnsp.dll
0x75350000 - 0x7538c000 	C:\Windows\System32\mswsock.dll
0x75210000 - 0x75254000 	C:\Windows\system32\DNSAPI.dll
0x740c0000 - 0x740c8000 	C:\Windows\System32\winrnr.dll
0x67e30000 - 0x67e51000 	C:\Program Files\Bonjour\mdnsNSP.dll
0x73a10000 - 0x73a2c000 	C:\Windows\system32\Iphlpapi.DLL
0x73a00000 - 0x73a07000 	C:\Windows\system32\WINNSI.DLL
0x73800000 - 0x73838000 	C:\Windows\System32\fwpuclnt.dll
0x67db0000 - 0x67db6000 	C:\Windows\system32\rasadhlp.dll
0x74c50000 - 0x74c55000 	C:\Windows\System32\wshtcpip.dll
0x5e720000 - 0x5e80b000 	C:\Windows\system32\dbghelp.dll

VM Arguments:
jvm_args: -agentlib:jdwp=transport=dt_socket,suspend=y,address=localhost:50263 -Dfile.encoding=Cp1251 
java_command: O_134
Launcher Type: SUN_STANDARD

Environment Variables:
PATH=C:/Program Files/Java/jre7/bin/client;C:/Program Files/Java/jre7/bin;C:/Program Files/Java/jre7/lib/i386;C:\Windows\system32;C:\Windows;C:\Windows\System32\Wbem;C:\Windows\System32\WindowsPowerShell\v1.0\;C:\Program Files\Skype\Phone\;D:\програмирование\eclipse;
USERNAME=noname
OS=Windows_NT
PROCESSOR_IDENTIFIER=x86 Family 6 Model 42 Stepping 7, GenuineIntel



---------------  S Y S T E M  ---------------

OS: Windows 7 Build 7601 Service Pack 1

CPU:total 4 (2 cores per cpu, 2 threads per core) family 6 model 42 stepping 7, cmov, cx8, fxsr, mmx, sse, sse2, sse3, ssse3, sse4.1, sse4.2, popcnt, avx, ht, tsc, tscinvbit

Memory: 4k page, physical 3659004k(1463352k free), swap 7316252k(4503768k free)

vm_info: Java HotSpot(TM) Client VM (24.45-b08) for windows-x86 JRE (1.7.0_45-b18), built on Oct  8 2013 06:02:43 by "java_re" with unknown MS VC++:1600

time: Tue Sep 12 18:14:07 2017
elapsed time: 5637 seconds

