#
# A fatal error has been detected by the Java Runtime Environment:
#
#  EXCEPTION_ACCESS_VIOLATION (0xc0000005) at pc=0x6ddf54ec, pid=5732, tid=6024
#
# JRE version: Java(TM) SE Runtime Environment (7.0_45-b18) (build 1.7.0_45-b18)
# Java VM: Java HotSpot(TM) Client VM (24.45-b08 mixed mode windows-x86 )
# Problematic frame:
# V  [jvm.dll+0x1054ec]
#
# Failed to write core dump. Minidumps are not enabled by default on client versions of Windows
#
# If you would like to submit a bug report, please visit:
#   http://bugreport.sun.com/bugreport/crash.jsp
#

---------------  T H R E A D  ---------------

Current thread (0x018fc400):  JavaThread "JDWP Transport Listener: dt_socket" daemon [_thread_in_vm, id=6024, stack(0x18550000,0x185a0000)]

siginfo: ExceptionCode=0xc0000005, writing address 0x5194c850

Registers:
EAX=0x019534d0, EBX=0x14000180, ECX=0x0194c250, EDX=0x00000000
ESP=0x1859f5f4, EBP=0x1859f62c, ESI=0x14193c28, EDI=0x00000028
EIP=0x6ddf54ec, EFLAGS=0x00010206

Top of Stack: (sp=0x1859f5f4)
0x1859f5f4:   0164ebc0 0406ebf8 00000000 018fc400
0x1859f604:   01901b88 01903e50 01903e58 01904244
0x1859f614:   000003ec 1859f890 01903e8c 0000000a
0x1859f624:   00000003 0194c250 1859f660 6def8eff
0x1859f634:   01903e58 1859f688 1859f684 1859f6e8
0x1859f644:   018f6f10 018fc400 00000000 00000000
0x1859f654:   00000000 018fc400 018fc400 1859f68c
0x1859f664:   630c449d 0164ebc0 018f6f10 1859f688 

Instructions: (pc=0x6ddf54ec)
0x6ddf54cc:   76 14 8b 76 10 50 51 8b cc 56 e8 45 ef ef ff e8
0x6ddf54dc:   60 f5 f9 ff 8b 4d fc 83 c4 08 83 c7 04 ff 4d f8
0x6ddf54ec:   89 04 99 75 a6 eb 53 85 f6 7e 55 bb 0c 00 00 00
0x6ddf54fc:   8b f8 2b d8 89 75 f8 8b 45 08 85 c0 74 02 8b 00 


Register to memory mapping:

EAX=0x019534d0 is a weak global jni handle
EBX=0x14000180 is an oop
{other class} 
 - klass: {other class}
ECX=0x0194c250 is an unknown value
EDX=0x00000000 is an unknown value
ESP=0x1859f5f4 is pointing into the stack for thread: 0x018fc400
EBP=0x1859f62c is pointing into the stack for thread: 0x018fc400
ESI=0x14193c28 is an oop
{instance class} 
 - klass: {other class}
EDI=0x00000028 is an unknown value


Stack: [0x18550000,0x185a0000],  sp=0x1859f5f4,  free space=317k
Native frames: (J=compiled Java code, j=interpreted, Vv=VM code, C=native code)
V  [jvm.dll+0x1054ec]
V  [jvm.dll+0x208eff]
C  [jdwp.dll+0x449d]
C  [jdwp.dll+0x451e]


---------------  P R O C E S S  ---------------

Java Threads: ( => current thread )
  0x01922800 JavaThread "Service Thread" daemon [_thread_blocked, id=4736, stack(0x18750000,0x187a0000)]
  0x0191f800 JavaThread "C1 CompilerThread0" daemon [_thread_blocked, id=1748, stack(0x18610000,0x18660000)]
  0x01907000 JavaThread "JDWP Command Reader" daemon [_thread_in_native, id=3120, stack(0x01eb0000,0x01f00000)]
  0x01906000 JavaThread "JDWP Event Helper Thread" daemon [_thread_blocked, id=3408, stack(0x18320000,0x18370000)]
=>0x018fc400 JavaThread "JDWP Transport Listener: dt_socket" daemon [_thread_in_vm, id=6024, stack(0x18550000,0x185a0000)]
  0x018f5000 JavaThread "Attach Listener" daemon [_thread_blocked, id=5276, stack(0x01e30000,0x01e80000)]
  0x018f1800 JavaThread "Signal Dispatcher" daemon [_thread_blocked, id=6480, stack(0x01ce0000,0x01d30000)]
  0x018c5800 JavaThread "Finalizer" daemon [_thread_blocked, id=5384, stack(0x01b20000,0x01b70000)]
  0x018c0400 JavaThread "Reference Handler" daemon [_thread_blocked, id=7856, stack(0x01c50000,0x01ca0000)]
  0x017fc800 JavaThread "main" [_thread_in_native, id=7048, stack(0x011c0000,0x01210000)]

Other Threads:
  0x018bf000 VMThread [stack: 0x01ba0000,0x01bf0000] [id=7732]
  0x0193d400 WatcherThread [stack: 0x01d60000,0x01db0000] [id=7804]

VM state:not at safepoint (normal execution)

VM Mutex/Monitor currently owned by a thread: None

Heap
 def new generation   total 4928K, used 739K [0x04000000, 0x04550000, 0x09550000)
  eden space 4416K,  16% used [0x04000000, 0x040b8cd8, 0x04450000)
  from space 512K,   0% used [0x04450000, 0x04450000, 0x044d0000)
  to   space 512K,   0% used [0x044d0000, 0x044d0000, 0x04550000)
 tenured generation   total 10944K, used 0K [0x09550000, 0x0a000000, 0x14000000)
   the space 10944K,   0% used [0x09550000, 0x09550000, 0x09550200, 0x0a000000)
 compacting perm gen  total 12288K, used 2005K [0x14000000, 0x14c00000, 0x18000000)
   the space 12288K,  16% used [0x14000000, 0x141f5428, 0x141f5600, 0x14c00000)
No shared spaces configured.

Card table byte_map: [0x01800000,0x018b0000] byte_map_base: 0x017e0000

Polling page: 0x002a0000

Code Cache  [0x02000000, 0x020a0000, 0x04000000)
 total_blobs=147 nmethods=22 adapters=71 free_code_cache=32154Kb largest_free_block=32925696

Compilation events (10 events):
Event: 0.135 Thread 0x0191f800   17             java.lang.AbstractStringBuilder::append (29 bytes)
Event: 0.135 Thread 0x0191f800 nmethod 17 0x02098548 code [0x02098650, 0x0209874c]
Event: 0.138 Thread 0x0191f800   19             java.io.BufferedInputStream::getBufIfOpen (21 bytes)
Event: 0.138 Thread 0x0191f800 nmethod 19 0x02098988 code [0x02098a90, 0x02098b8c]
Event: 0.138 Thread 0x0191f800   20  s          java.io.BufferedInputStream::read (49 bytes)
Event: 0.138 Thread 0x0191f800 nmethod 20 0x02098c48 code [0x02098d70, 0x02099068]
Event: 0.141 Thread 0x0191f800   21             java.lang.String::length (6 bytes)
Event: 0.141 Thread 0x0191f800 nmethod 21 0x02099448 code [0x02099540, 0x020995d0]
Event: 0.142 Thread 0x0191f800   22             java.util.regex.Pattern::has (15 bytes)
Event: 0.142 Thread 0x0191f800 nmethod 22 0x02099648 code [0x02099740, 0x020997d0]

GC Heap History (0 events):
No events

Deoptimization events (0 events):
No events

Internal exceptions (6 events):
Event: 0.021 Thread 0x017fc800 Threw 0x0400fc50 at C:\re\jdk7u45\229\hotspot\src\share\vm\prims\jni.cpp:3991
Event: 0.119 Thread 0x017fc800 Threw 0x04067688 at C:\re\jdk7u45\229\hotspot\src\share\vm\prims\jvm.cpp:1244
Event: 0.134 Thread 0x017fc800 Threw 0x04088a88 at C:\re\jdk7u45\229\hotspot\src\share\vm\prims\jvm.cpp:1244
Event: 0.134 Thread 0x017fc800 Threw 0x04088ba0 at C:\re\jdk7u45\229\hotspot\src\share\vm\prims\jvm.cpp:1244
Event: 0.135 Thread 0x017fc800 Threw 0x0408bd80 at C:\re\jdk7u45\229\hotspot\src\share\vm\prims\jvm.cpp:1244
Event: 0.135 Thread 0x017fc800 Threw 0x0408be98 at C:\re\jdk7u45\229\hotspot\src\share\vm\prims\jvm.cpp:1244

Events (10 events):
Event: 0.142 loading class 0x016bc460
Event: 0.142 loading class 0x016bc460 done
Event: 4.203 Executing VM operation: EnableBiasedLocking
Event: 4.203 Executing VM operation: EnableBiasedLocking done
Event: 165.051 Executing VM operation: RedefineClasses
Event: 165.052 Executing VM operation: RedefineClasses done
Event: 165.063 Executing VM operation: ChangeBreakpoints
Event: 165.063 Executing VM operation: ChangeBreakpoints done
Event: 2241.826 Executing VM operation: RedefineClasses
Event: 2241.826 Executing VM operation: RedefineClasses done


Dynamic libraries:
0x00050000 - 0x0007f000 	C:\Program Files\Java\jre7\bin\javaw.exe
0x77050000 - 0x7718c000 	C:\Windows\SYSTEM32\ntdll.dll
0x76160000 - 0x76234000 	C:\Windows\system32\kernel32.dll
0x75280000 - 0x752ca000 	C:\Windows\system32\KERNELBASE.dll
0x75fa0000 - 0x76040000 	C:\Windows\system32\ADVAPI32.dll
0x75750000 - 0x757fc000 	C:\Windows\system32\msvcrt.dll
0x75800000 - 0x75819000 	C:\Windows\SYSTEM32\sechost.dll
0x75d30000 - 0x75dd1000 	C:\Windows\system32\RPCRT4.dll
0x75c60000 - 0x75d29000 	C:\Windows\system32\USER32.dll
0x763b0000 - 0x763fe000 	C:\Windows\system32\GDI32.dll
0x771b0000 - 0x771ba000 	C:\Windows\system32\LPK.dll
0x771e0000 - 0x7727d000 	C:\Windows\system32\USP10.dll
0x745c0000 - 0x7475e000 	C:\Windows\WinSxS\x86_microsoft.windows.common-controls_6595b64144ccf1df_6.0.7601.17514_none_41e6975e2bd6f2b2\COMCTL32.dll
0x75aa0000 - 0x75af7000 	C:\Windows\system32\SHLWAPI.dll
0x77190000 - 0x771af000 	C:\Windows\system32\IMM32.DLL
0x75b90000 - 0x75c5c000 	C:\Windows\system32\MSCTF.dll
0x633a0000 - 0x6345f000 	C:\Program Files\Java\jre7\bin\msvcr100.dll
0x6dcf0000 - 0x6e070000 	C:\Program Files\Java\jre7\bin\client\jvm.dll
0x6ef00000 - 0x6ef07000 	C:\Windows\system32\WSOCK32.dll
0x75a60000 - 0x75a95000 	C:\Windows\system32\WS2_32.dll
0x771c0000 - 0x771c6000 	C:\Windows\system32\NSI.dll
0x72b80000 - 0x72bb2000 	C:\Windows\system32\WINMM.dll
0x75820000 - 0x75825000 	C:\Windows\system32\PSAPI.DLL
0x64a20000 - 0x64a2c000 	C:\Program Files\Java\jre7\bin\verify.dll
0x64a00000 - 0x64a20000 	C:\Program Files\Java\jre7\bin\java.dll
0x630c0000 - 0x630ea000 	C:\Program Files\Java\jre7\bin\jdwp.dll
0x63de0000 - 0x63de7000 	C:\Program Files\Java\jre7\bin\npt.dll
0x649e0000 - 0x649f3000 	C:\Program Files\Java\jre7\bin\zip.dll
0x00310000 - 0x00318000 	C:\Program Files\Java\jre7\bin\dt_socket.dll
0x732b0000 - 0x732c0000 	C:\Windows\system32\NLAapi.dll
0x62920000 - 0x62930000 	C:\Windows\system32\napinsp.dll
0x62140000 - 0x62152000 	C:\Windows\system32\pnrpnsp.dll
0x74970000 - 0x749ac000 	C:\Windows\System32\mswsock.dll
0x74840000 - 0x74884000 	C:\Windows\system32\DNSAPI.dll
0x62130000 - 0x62138000 	C:\Windows\System32\winrnr.dll
0x6e460000 - 0x6e481000 	C:\Program Files\Bonjour\mdnsNSP.dll
0x73040000 - 0x7305c000 	C:\Windows\system32\Iphlpapi.DLL
0x73030000 - 0x73037000 	C:\Windows\system32\WINNSI.DLL
0x72f00000 - 0x72f38000 	C:\Windows\System32\fwpuclnt.dll
0x6e450000 - 0x6e456000 	C:\Windows\system32\rasadhlp.dll
0x74280000 - 0x74285000 	C:\Windows\System32\wshtcpip.dll
0x59f80000 - 0x5a06b000 	C:\Windows\system32\dbghelp.dll

VM Arguments:
jvm_args: -agentlib:jdwp=transport=dt_socket,suspend=y,address=localhost:55052 -Dfile.encoding=Cp1251 
java_command: O_400
Launcher Type: SUN_STANDARD

Environment Variables:
PATH=C:/Program Files/Java/jre7/bin/client;C:/Program Files/Java/jre7/bin;C:/Program Files/Java/jre7/lib/i386;C:\Windows\system32;C:\Windows;C:\Windows\System32\Wbem;C:\Windows\System32\WindowsPowerShell\v1.0\;C:\Program Files\Skype\Phone\;D:\програмирование\eclipse;
USERNAME=noname
OS=Windows_NT
PROCESSOR_IDENTIFIER=x86 Family 6 Model 42 Stepping 7, GenuineIntel



---------------  S Y S T E M  ---------------

OS: Windows 7 Build 7601 Service Pack 1

CPU:total 4 (2 cores per cpu, 2 threads per core) family 6 model 42 stepping 7, cmov, cx8, fxsr, mmx, sse, sse2, sse3, ssse3, sse4.1, sse4.2, popcnt, avx, ht, tsc, tscinvbit

Memory: 4k page, physical 3659004k(1091224k free), swap 7316252k(3351500k free)

vm_info: Java HotSpot(TM) Client VM (24.45-b08) for windows-x86 JRE (1.7.0_45-b18), built on Oct  8 2013 06:02:43 by "java_re" with unknown MS VC++:1600

time: Tue Aug 29 18:53:05 2017
elapsed time: 2241 seconds

