#
# A fatal error has been detected by the Java Runtime Environment:
#
#  EXCEPTION_ACCESS_VIOLATION (0xc0000005) at pc=0x5232d35b, pid=1112, tid=2852
#
# JRE version: Java(TM) SE Runtime Environment (7.0_45-b18) (build 1.7.0_45-b18)
# Java VM: Java HotSpot(TM) Client VM (24.45-b08 mixed mode windows-x86 )
# Problematic frame:
# V  [jvm.dll+0xdd35b]
#
# Failed to write core dump. Minidumps are not enabled by default on client versions of Windows
#
# If you would like to submit a bug report, please visit:
#   http://bugreport.sun.com/bugreport/crash.jsp
#

---------------  T H R E A D  ---------------

Current thread (0x01923800):  JavaThread "JDWP Transport Listener: dt_socket" daemon [_thread_in_vm, id=2852, stack(0x01e10000,0x01e60000)]

siginfo: ExceptionCode=0xc0000005, reading address 0x00003b65

Registers:
EAX=0x00003b65, EBX=0x00000000, ECX=0x00003b65, EDX=0x00000000
ESP=0x01e5f784, EBP=0x01e5f788, ESI=0x015cead8, EDI=0x01e5f868
EIP=0x5232d35b, EFLAGS=0x00010206

Top of Stack: (sp=0x01e5f784)
0x01e5f784:   015cead8 01e5f7b0 5245e04a 00003b65
0x01e5f794:   01e5f7eb 01923800 00000000 00000000
0x01e5f7a4:   00000000 01923800 01923800 01e5f7ec
0x01e5f7b4:   604c9d9d 015cead8 00003b65 01e5f7eb
0x01e5f7c4:   00003b65 604b436d 00003b65 01e5f7eb
0x01e5f7d4:   00000007 00000000 00000000 0000000a
0x01e5f7e4:   00000000 00916e2c 01e5f80c 604b44e0
0x01e5f7f4:   00000001 01e5f828 01e5f864 0199bb68 

Instructions: (pc=0x5232d35b)
0x5232d33b:   89 4f 04 8b 56 0c 89 57 08 8b 46 10 89 47 0c 5f
0x5232d34b:   5e 5d c2 0c 00 55 8b ec 8b 45 08 56 85 c0 74 28
0x5232d35b:   8b 30 85 f6 74 22 81 fe fe fe fe fe 74 1a 8b 4e
0x5232d36b:   04 8b 41 08 8b 90 90 00 00 00 83 c1 08 ff d2 84 


Register to memory mapping:

EAX=0x00003b65 is an unknown value
EBX=0x00000000 is an unknown value
ECX=0x00003b65 is an unknown value
EDX=0x00000000 is an unknown value
ESP=0x01e5f784 is pointing into the stack for thread: 0x01923800
EBP=0x01e5f788 is pointing into the stack for thread: 0x01923800
ESI=0x015cead8 is an unknown value
EDI=0x01e5f868 is pointing into the stack for thread: 0x01923800


Stack: [0x01e10000,0x01e60000],  sp=0x01e5f784,  free space=317k
Native frames: (J=compiled Java code, j=interpreted, Vv=VM code, C=native code)
V  [jvm.dll+0xdd35b]
V  [jvm.dll+0x20e04a]
C  [jdwp.dll+0x19d9d]
C  [jdwp.dll+0x44e0]
C  [jdwp.dll+0x451e]


---------------  P R O C E S S  ---------------

Java Threads: ( => current thread )
  0x0193f400 JavaThread "Service Thread" daemon [_thread_blocked, id=2292, stack(0x01d00000,0x01d50000)]
  0x0193c800 JavaThread "C1 CompilerThread0" daemon [_thread_blocked, id=5692, stack(0x18680000,0x186d0000)]
  0x01926800 JavaThread "JDWP Command Reader" daemon [_thread_in_native, id=3248, stack(0x18350000,0x183a0000)]
  0x01925800 JavaThread "JDWP Event Helper Thread" daemon [_thread_blocked, id=2480, stack(0x01c60000,0x01cb0000)]
=>0x01923800 JavaThread "JDWP Transport Listener: dt_socket" daemon [_thread_in_vm, id=2852, stack(0x01e10000,0x01e60000)]
  0x01914c00 JavaThread "Attach Listener" daemon [_thread_blocked, id=4548, stack(0x01ea0000,0x01ef0000)]
  0x01911800 JavaThread "Signal Dispatcher" daemon [_thread_blocked, id=5000, stack(0x01af0000,0x01b40000)]
  0x018e1c00 JavaThread "Finalizer" daemon [_thread_blocked, id=5784, stack(0x01b40000,0x01b90000)]
  0x018e0400 JavaThread "Reference Handler" daemon [_thread_blocked, id=3828, stack(0x01cb0000,0x01d00000)]
  0x0115c000 JavaThread "main" [_thread_blocked, id=5284, stack(0x016f0000,0x01740000)]

Other Threads:
  0x018df000 VMThread [stack: 0x01c00000,0x01c50000] [id=4500]
  0x01948c00 WatcherThread [stack: 0x18730000,0x18780000] [id=3108]

VM state:not at safepoint (normal execution)

VM Mutex/Monitor currently owned by a thread: None

Heap
 def new generation   total 4928K, used 827K [0x04000000, 0x04550000, 0x09550000)
  eden space 4416K,  18% used [0x04000000, 0x040ceda8, 0x04450000)
  from space 512K,   0% used [0x04450000, 0x04450000, 0x044d0000)
  to   space 512K,   0% used [0x044d0000, 0x044d0000, 0x04550000)
 tenured generation   total 10944K, used 0K [0x09550000, 0x0a000000, 0x14000000)
   the space 10944K,   0% used [0x09550000, 0x09550000, 0x09550200, 0x0a000000)
 compacting perm gen  total 12288K, used 1932K [0x14000000, 0x14c00000, 0x18000000)
   the space 12288K,  15% used [0x14000000, 0x141e3268, 0x141e3400, 0x14c00000)
No shared spaces configured.

Card table byte_map: [0x01820000,0x018d0000] byte_map_base: 0x01800000

Polling page: 0x00130000

Code Cache  [0x02000000, 0x020a0000, 0x04000000)
 total_blobs=150 nmethods=26 adapters=69 free_code_cache=32148Kb largest_free_block=32920448

Compilation events (10 events):
Event: 8.344 Thread 0x0193c800   22             java.util.regex.Matcher::reset (83 bytes)
Event: 8.344 Thread 0x0193c800 nmethod 22 0x02099388 code [0x020994a0, 0x020995fc]
Event: 8.344 Thread 0x0193c800   23             java.util.regex.Matcher::usePattern (98 bytes)
Event: 8.345 Thread 0x0193c800 nmethod 23 0x020997c8 code [0x020998f0, 0x02099bcc]
Event: 8.345 Thread 0x0193c800   24             java.util.regex.Matcher::match (109 bytes)
Event: 8.346 Thread 0x0193c800 nmethod 24 0x02099e88 code [0x02099fa0, 0x0209a0ec]
Event: 8.347 Thread 0x0193c800   25             java.lang.String::startsWith (72 bytes)
Event: 8.347 Thread 0x0193c800 nmethod 25 0x0209a648 code [0x0209a750, 0x0209a8a0]
Event: 8.347 Thread 0x0193c800   26             java.lang.String::length (6 bytes)
Event: 8.347 Thread 0x0193c800 nmethod 26 0x0209aa88 code [0x0209ab80, 0x0209ac10]

GC Heap History (0 events):
No events

Deoptimization events (0 events):
No events

Internal exceptions (7 events):
Event: 0.026 Thread 0x0115c000 Threw 0x0400fc58 at C:\re\jdk7u45\229\hotspot\src\share\vm\prims\jni.cpp:3991
Event: 0.129 Thread 0x0115c000 Threw 0x04061ee8 at C:\re\jdk7u45\229\hotspot\src\share\vm\prims\jvm.cpp:1244
Event: 0.147 Thread 0x0115c000 Threw 0x040847a8 at C:\re\jdk7u45\229\hotspot\src\share\vm\prims\jvm.cpp:1244
Event: 0.147 Thread 0x0115c000 Threw 0x040848c0 at C:\re\jdk7u45\229\hotspot\src\share\vm\prims\jvm.cpp:1244
Event: 0.148 Thread 0x0115c000 Threw 0x04087aa0 at C:\re\jdk7u45\229\hotspot\src\share\vm\prims\jvm.cpp:1244
Event: 0.148 Thread 0x0115c000 Threw 0x04087bb8 at C:\re\jdk7u45\229\hotspot\src\share\vm\prims\jvm.cpp:1244
Event: 8.346 Thread 0x0115c000 Threw 0x040b8af0 at C:\re\jdk7u45\229\hotspot\src\share\vm\prims\jvm.cpp:1244

Events (10 events):
Event: 341.791 Executing VM operation: ChangeBreakpoints
Event: 341.791 Executing VM operation: ChangeBreakpoints done
Event: 475.304 Executing VM operation: RedefineClasses
Event: 475.304 Executing VM operation: RedefineClasses done
Event: 475.334 Executing VM operation: ChangeBreakpoints
Event: 475.334 Executing VM operation: ChangeBreakpoints done
Event: 475.338 Executing VM operation: ChangeBreakpoints
Event: 475.338 Executing VM operation: ChangeBreakpoints done
Event: 2231.948 Executing VM operation: RedefineClasses
Event: 2231.948 Executing VM operation: RedefineClasses done


Dynamic libraries:
0x00020000 - 0x0004f000 	C:\Program Files\Java\jre7\bin\javaw.exe
0x779e0000 - 0x77b1c000 	C:\Windows\SYSTEM32\ntdll.dll
0x75e70000 - 0x75f44000 	C:\Windows\system32\kernel32.dll
0x75bf0000 - 0x75c3a000 	C:\Windows\system32\KERNELBASE.dll
0x77780000 - 0x77820000 	C:\Windows\system32\ADVAPI32.dll
0x761e0000 - 0x7628c000 	C:\Windows\system32\msvcrt.dll
0x77b30000 - 0x77b49000 	C:\Windows\SYSTEM32\sechost.dll
0x76480000 - 0x76521000 	C:\Windows\system32\RPCRT4.dll
0x76530000 - 0x765f9000 	C:\Windows\system32\USER32.dll
0x77610000 - 0x7765e000 	C:\Windows\system32\GDI32.dll
0x77b20000 - 0x77b2a000 	C:\Windows\system32\LPK.dll
0x763e0000 - 0x7647d000 	C:\Windows\system32\USP10.dll
0x74af0000 - 0x74c8e000 	C:\Windows\WinSxS\x86_microsoft.windows.common-controls_6595b64144ccf1df_6.0.7601.17514_none_41e6975e2bd6f2b2\COMCTL32.dll
0x77410000 - 0x77467000 	C:\Windows\system32\SHLWAPI.dll
0x77bb0000 - 0x77bcf000 	C:\Windows\system32\IMM32.DLL
0x77270000 - 0x7733c000 	C:\Windows\system32\MSCTF.dll
0x50050000 - 0x5010f000 	C:\Program Files\Java\jre7\bin\msvcr100.dll
0x52250000 - 0x525d0000 	C:\Program Files\Java\jre7\bin\client\jvm.dll
0x6b5c0000 - 0x6b5c7000 	C:\Windows\system32\WSOCK32.dll
0x77bd0000 - 0x77c05000 	C:\Windows\system32\WS2_32.dll
0x76610000 - 0x76616000 	C:\Windows\system32\NSI.dll
0x73c70000 - 0x73ca2000 	C:\Windows\system32\WINMM.dll
0x76600000 - 0x76605000 	C:\Windows\system32\PSAPI.DLL
0x742a0000 - 0x742ac000 	C:\Program Files\Java\jre7\bin\verify.dll
0x67190000 - 0x671b0000 	C:\Program Files\Java\jre7\bin\java.dll
0x604b0000 - 0x604da000 	C:\Program Files\Java\jre7\bin\jdwp.dll
0x74a50000 - 0x74a57000 	C:\Program Files\Java\jre7\bin\npt.dll
0x671b0000 - 0x671c3000 	C:\Program Files\Java\jre7\bin\zip.dll
0x74a40000 - 0x74a48000 	C:\Program Files\Java\jre7\bin\dt_socket.dll
0x74170000 - 0x74180000 	C:\Windows\system32\NLAapi.dll
0x74380000 - 0x74390000 	C:\Windows\system32\napinsp.dll
0x74270000 - 0x74282000 	C:\Windows\system32\pnrpnsp.dll
0x75590000 - 0x755cc000 	C:\Windows\System32\mswsock.dll
0x75460000 - 0x754a4000 	C:\Windows\system32\DNSAPI.dll
0x74390000 - 0x74398000 	C:\Windows\System32\winrnr.dll
0x738e0000 - 0x738fc000 	C:\Windows\system32\IPHLPAPI.DLL
0x738d0000 - 0x738d7000 	C:\Windows\system32\WINNSI.DLL
0x737c0000 - 0x737f8000 	C:\Windows\System32\fwpuclnt.dll
0x6b320000 - 0x6b326000 	C:\Windows\system32\rasadhlp.dll
0x750f0000 - 0x750f5000 	C:\Windows\System32\wshtcpip.dll
0x59250000 - 0x5933b000 	C:\Windows\system32\dbghelp.dll

VM Arguments:
jvm_args: -agentlib:jdwp=transport=dt_socket,suspend=y,address=localhost:50584 -Dfile.encoding=Cp1251 
java_command: Nebo
Launcher Type: SUN_STANDARD

Environment Variables:
PATH=C:/Program Files/Java/jre7/bin/client;C:/Program Files/Java/jre7/bin;C:/Program Files/Java/jre7/lib/i386;C:\Windows\system32;C:\Windows;C:\Windows\System32\Wbem;C:\Windows\System32\WindowsPowerShell\v1.0\;D:\програмирование\eclipse;
USERNAME=noname
OS=Windows_NT
PROCESSOR_IDENTIFIER=x86 Family 6 Model 42 Stepping 7, GenuineIntel



---------------  S Y S T E M  ---------------

OS: Windows 7 Build 7601 Service Pack 1

CPU:total 4 (2 cores per cpu, 2 threads per core) family 6 model 42 stepping 7, cmov, cx8, fxsr, mmx, sse, sse2, sse3, ssse3, sse4.1, sse4.2, popcnt, avx, ht, tsc, tscinvbit

Memory: 4k page, physical 3659004k(1175608k free), swap 7316252k(4467148k free)

vm_info: Java HotSpot(TM) Client VM (24.45-b08) for windows-x86 JRE (1.7.0_45-b18), built on Oct  8 2013 06:02:43 by "java_re" with unknown MS VC++:1600

time: Wed Apr 12 23:06:18 2017
elapsed time: 2232 seconds

